------------------------------------------------------------------
Benchmark                        Time             CPU   Iterations
------------------------------------------------------------------
InversionCount/1              31.6 ns         31.6 ns     18823614
InversionCount/2              44.0 ns         44.0 ns     17151934
InversionCount/3              67.7 ns         67.7 ns     11700255
InversionCount/4              85.1 ns         85.1 ns      8599802
InversionCount/5               122 ns          122 ns      5843155
InversionCount/6               146 ns          146 ns      5723865
InversionCount/7               147 ns          147 ns      4185272
InversionCount/8               157 ns          157 ns      5440050
InversionCount/9               158 ns          158 ns      4250104
InversionCount/10              187 ns          187 ns      3737734
InversionCount/11              216 ns          216 ns      3186620
InversionCount/12              227 ns          227 ns      2969131
InversionCount/13              265 ns          265 ns      2585653
InversionCount/14              314 ns          314 ns      2307899
InversionCount/15              403 ns          403 ns      2159203
InversionCount/16              398 ns          398 ns      1697434
InversionCount/17              380 ns          380 ns      1703200
InversionCount/18              415 ns          415 ns      1634839
InversionCount/19              453 ns          453 ns      1516963
InversionCount/20              506 ns          506 ns      1436638
InversionCount/21              551 ns          551 ns      1248578
InversionCount/22              605 ns          605 ns      1230614
InversionCount/23              587 ns          587 ns      1204078
InversionCount/24              662 ns          662 ns      1048743
InversionCount/25              680 ns          680 ns       966404
InversionCount/26              706 ns          706 ns       913776
InversionCount/27              771 ns          771 ns       911542
InversionCount/28              736 ns          736 ns       841979
InversionCount/29              878 ns          878 ns       835446
InversionCount/30              939 ns          939 ns       810812
InversionCount/31              964 ns          964 ns       711045
InversionCount/32             1034 ns         1034 ns       835568
InversionCount/33             1057 ns         1057 ns       662107
InversionCount/34             1016 ns         1016 ns       560797
InversionCount/35             1165 ns         1165 ns       628422
InversionCount/36             1166 ns         1166 ns       676298
InversionCount/37             1224 ns         1224 ns       698874
InversionCount/38             1377 ns         1377 ns       520405
InversionCount/39             1258 ns         1258 ns       525174
InversionCount/40             1424 ns         1424 ns       518361
InversionCount/41             1434 ns         1434 ns       594709
InversionCount/42             1501 ns         1501 ns       484392
InversionCount/43             1664 ns         1664 ns       443137
InversionCount/44             1456 ns         1456 ns       430303
InversionCount/45             1595 ns         1595 ns       392837
InversionCount/46             1646 ns         1646 ns       395070
InversionCount/47             1764 ns         1764 ns       404796
InversionCount/48             1806 ns         1806 ns       413113
InversionCount/49             1926 ns         1926 ns       391920
InversionCount/50             1942 ns         1942 ns       358478
InversionCount/51             1827 ns         1827 ns       338034
InversionCount/52             1567 ns         1567 ns       333900
InversionCount/53             2105 ns         2105 ns       335257
InversionCount/54             2219 ns         2219 ns       301764
InversionCount/55             2248 ns         2248 ns       299589
InversionCount/56             2235 ns         2235 ns       310392
InversionCount/57             2522 ns         2522 ns       314089
InversionCount/58             2454 ns         2454 ns       280426
InversionCount/59             2517 ns         2517 ns       272533
InversionCount/60             2547 ns         2547 ns       277734
InversionCount/61             2419 ns         2419 ns       263664
InversionCount/62             2558 ns         2558 ns       236936
InversionCount/63             2613 ns         2613 ns       259130
InversionCount/64             2078 ns         2078 ns       325443
InversionCount/65             2870 ns         2870 ns       322901
InversionCount/66             3131 ns         3131 ns       228183
InversionCount/67             2269 ns         2269 ns       247416
InversionCount/68             2960 ns         2960 ns       231819
InversionCount/69             3360 ns         3360 ns       210637
InversionCount/70             3298 ns         3298 ns       218388
InversionCount/71             3432 ns         3432 ns       209235
InversionCount/72             3373 ns         3373 ns       220169
InversionCount/73             2497 ns         2497 ns       209557
InversionCount/74             3400 ns         3400 ns       217303
InversionCount/75             3177 ns         3177 ns       282030
InversionCount/76             3493 ns         3493 ns       206174
InversionCount/77             3424 ns         3424 ns       211473
InversionCount/78             3251 ns         3251 ns       193091
InversionCount/79             3541 ns         3541 ns       198335
InversionCount/80             3496 ns         3496 ns       198633
InversionCount/81             3821 ns         3821 ns       183638
InversionCount/82             3905 ns         3905 ns       188668
InversionCount/83             4033 ns         4033 ns       183466
InversionCount/84             3814 ns         3814 ns       170406
InversionCount/85             3022 ns         3022 ns       171294
InversionCount/86             3357 ns         3357 ns       172170
InversionCount/87             4112 ns         4112 ns       175890
InversionCount/88             4360 ns         4360 ns       174595
InversionCount/89             4473 ns         4473 ns       155213
InversionCount/90             4374 ns         4374 ns       161510
InversionCount/91             4436 ns         4436 ns       150539
InversionCount/92             4769 ns         4769 ns       210823
InversionCount/93             4384 ns         4384 ns       149789
InversionCount/94             4706 ns         4706 ns       145071
InversionCount/95             4897 ns         4897 ns       150169
InversionCount/96             4481 ns         4481 ns       177274
InversionCount/97             4676 ns         4676 ns       175370
InversionCount/98             4832 ns         4832 ns       149530
InversionCount/99             4997 ns         4997 ns       147298
InversionCount/100            5068 ns         5068 ns       138669
InversionCount/101            4426 ns         4426 ns       165621
InversionCount/102            5026 ns         5026 ns       100000
InversionCount/103            3694 ns         3694 ns       138921
InversionCount/104            3664 ns         3664 ns       184074
InversionCount/105            5640 ns         5640 ns       100000
InversionCount/106            3976 ns         3976 ns       183591
InversionCount/107            5344 ns         5344 ns       139567
InversionCount/108            5720 ns         5720 ns       100000
InversionCount/109            5623 ns         5623 ns       100000
InversionCount/110            4812 ns         4812 ns       111372
InversionCount/111            5938 ns         5938 ns       125135
InversionCount/112            6063 ns         6063 ns       122421
InversionCount/113            6152 ns         6152 ns       122555
InversionCount/114            6188 ns         6188 ns       111576
InversionCount/115            5262 ns         5262 ns       115321
InversionCount/116            4444 ns         4444 ns       122138
InversionCount/117            4240 ns         4240 ns       121630
InversionCount/118            6047 ns         6047 ns       116856
InversionCount/119            5979 ns         5979 ns       122777
InversionCount/120            6242 ns         6242 ns       107466
InversionCount/121            6487 ns         6487 ns       105383
InversionCount/122            5769 ns         5769 ns       121499
InversionCount/123            6495 ns         6495 ns       108168
InversionCount/124            6752 ns         6752 ns       110356
InversionCount/125            6766 ns         6766 ns       113738
InversionCount/126            6982 ns         6982 ns       115020
InversionCount/127            6507 ns         6507 ns       109123
InversionCount/128            4838 ns         4838 ns       113533
InversionCount/129            6568 ns         6568 ns       108973
InversionCount/130            7012 ns         7012 ns       113494
InversionCount/131            7274 ns         7274 ns       104665
InversionCount/132            7037 ns         7037 ns       106436
InversionCount/133            6987 ns         6987 ns        98879
InversionCount/134            7117 ns         7117 ns        97451
InversionCount/135            7546 ns         7546 ns       100288
InversionCount/136            7540 ns         7540 ns        97840
InversionCount/137            7551 ns         7551 ns        96533
InversionCount/138            7989 ns         7989 ns        92521
InversionCount/139            7777 ns         7777 ns       114780
InversionCount/140            7906 ns         7906 ns        84744
InversionCount/141            7801 ns         7801 ns        89937
InversionCount/142            7927 ns         7927 ns       100976
InversionCount/143            7931 ns         7931 ns        94935
InversionCount/144            8314 ns         8314 ns        95605
InversionCount/145            8101 ns         8101 ns        87633
InversionCount/146            8517 ns         8517 ns        78503
InversionCount/147            7968 ns         7968 ns        83215
InversionCount/148            8566 ns         8567 ns        90166
InversionCount/149            7704 ns         7704 ns        89471
InversionCount/150            8466 ns         8466 ns        80488
InversionCount/151            8751 ns         8751 ns        88538
InversionCount/152            8741 ns         8741 ns        83173
InversionCount/153            8325 ns         8325 ns        83418
InversionCount/154            8681 ns         8681 ns        81036
InversionCount/155            9251 ns         9251 ns        89748
InversionCount/156            9134 ns         9134 ns        81024
InversionCount/157            8220 ns         8220 ns        80868
InversionCount/158            6133 ns         6133 ns        83436
InversionCount/159            8315 ns         8315 ns        74123
InversionCount/160            6547 ns         6547 ns        81443
InversionCount/161            8801 ns         8801 ns        78006
InversionCount/162            9292 ns         9292 ns        75866
InversionCount/163            9463 ns         9463 ns        82780
InversionCount/164            9475 ns         9475 ns        73302
InversionCount/165            6768 ns         6768 ns       108762
InversionCount/166            9727 ns         9727 ns        82075
InversionCount/167            9339 ns         9339 ns        74054
InversionCount/168            9573 ns         9573 ns        78371
InversionCount/169            9576 ns         9576 ns        74187
InversionCount/170            9506 ns         9506 ns        70504
InversionCount/171            9751 ns         9751 ns        70685
InversionCount/172           10563 ns        10563 ns        78092
InversionCount/173           10547 ns        10547 ns        79628
InversionCount/174           10248 ns        10248 ns        69139
InversionCount/175           10344 ns        10344 ns        65349
InversionCount/176            9950 ns         9950 ns        67492
InversionCount/177           10161 ns        10161 ns        63397
InversionCount/178           10663 ns        10663 ns        65202
InversionCount/179           10561 ns        10561 ns        65511
InversionCount/180            9380 ns         9380 ns        70720
InversionCount/181           10171 ns        10171 ns        65918
InversionCount/182           10287 ns        10287 ns        63984
InversionCount/183           11416 ns        11416 ns        65460
InversionCount/184           10954 ns        10954 ns        70585
InversionCount/185           11133 ns        11133 ns        59470
InversionCount/186           11526 ns        11526 ns        92191
InversionCount/187           11462 ns        11462 ns        63646
InversionCount/188           11698 ns        11699 ns        60816
InversionCount/189           11438 ns        11438 ns        57494
InversionCount/190           11251 ns        11251 ns        58172
InversionCount/191           11133 ns        11133 ns        63244
InversionCount/192            8069 ns         8069 ns        65317
InversionCount/193           10174 ns        10174 ns        62434
InversionCount/194           12101 ns        12102 ns        58551
InversionCount/195           12080 ns        12080 ns        59276
InversionCount/196           12156 ns        12156 ns        57680
InversionCount/197           12723 ns        12723 ns        69345
InversionCount/198           12397 ns        12397 ns        82352
InversionCount/199           12538 ns        12538 ns        59719
InversionCount/200           12318 ns        12318 ns        56967
InversionCount/201           12362 ns        12362 ns        60499
InversionCount/202           10927 ns        10927 ns        55737
InversionCount/203           12341 ns        12341 ns        59112
InversionCount/204           12262 ns        12262 ns        57118
InversionCount/205           12886 ns        12886 ns        56708
InversionCount/206           12397 ns        12397 ns        54079
InversionCount/207           12759 ns        12759 ns        53873
InversionCount/208           12208 ns        12209 ns        53468
InversionCount/209           12622 ns        12622 ns        57286
InversionCount/210           12898 ns        12898 ns        56244
InversionCount/211           12972 ns        12972 ns        55020
InversionCount/212           12933 ns        12933 ns        53973
InversionCount/213           13333 ns        13333 ns        53304
InversionCount/214           12953 ns        12953 ns        54024
InversionCount/215           13385 ns        13385 ns        52184
InversionCount/216           13535 ns        13535 ns        51070
InversionCount/217           13263 ns        13263 ns        53439
InversionCount/218           13876 ns        13876 ns        51979
InversionCount/219           13797 ns        13797 ns        54199
InversionCount/220           13996 ns        13996 ns        51277
InversionCount/221           14079 ns        14079 ns        50126
InversionCount/222           14304 ns        14304 ns        49936
InversionCount/223           13990 ns        13990 ns        54977
InversionCount/224           14343 ns        14343 ns        48078
InversionCount/225           14141 ns        14141 ns        49976
InversionCount/226           14450 ns        14450 ns        50439
InversionCount/227           14792 ns        14792 ns        52318
InversionCount/228           14268 ns        14268 ns        70331
InversionCount/229           14308 ns        14308 ns        50987
InversionCount/230           14846 ns        14846 ns        49350
InversionCount/231           14690 ns        14690 ns        51725
InversionCount/232           14891 ns        14891 ns        48688
InversionCount/233           15248 ns        15248 ns        46291
InversionCount/234           15115 ns        15115 ns        52350
InversionCount/235           14536 ns        14536 ns        45628
InversionCount/236           15145 ns        15145 ns        47248
InversionCount/237           14726 ns        14726 ns        46212
InversionCount/238           15057 ns        15057 ns        44969
InversionCount/239           14578 ns        14578 ns        51841
InversionCount/240           15582 ns        15582 ns        45385
InversionCount/241           15452 ns        15452 ns        51318
InversionCount/242           14792 ns        14792 ns        45779
InversionCount/243           15895 ns        15895 ns        46841
InversionCount/244           15947 ns        15947 ns        44602
InversionCount/245           15386 ns        15385 ns        48847
InversionCount/246           15835 ns        15835 ns        41917
InversionCount/247           15196 ns        15196 ns        43650
InversionCount/248           16134 ns        16134 ns        42590
InversionCount/249           16489 ns        16489 ns        43941
InversionCount/250           16904 ns        16904 ns        41982
InversionCount/251           17304 ns        17304 ns        40724
InversionCount/252           16384 ns        16384 ns        43770
InversionCount/253           16205 ns        16205 ns        41560
InversionCount/254           16264 ns        16264 ns        41089
InversionCount/255           17005 ns        17005 ns        42185
InversionCount/256           16984 ns        16984 ns        41542
InversionCount/257           16901 ns        16901 ns        40035
InversionCount/258           16938 ns        16938 ns        44597
InversionCount/259           17326 ns        17326 ns        42775
InversionCount/260           16584 ns        16584 ns        44619
InversionCount/261           17532 ns        17532 ns        40863
InversionCount/262           17627 ns        17627 ns        38468
InversionCount/263           17004 ns        17004 ns        38069
InversionCount/264           17619 ns        17619 ns        38624
InversionCount/265           16985 ns        16985 ns        39483
InversionCount/266           17811 ns        17812 ns        38221
InversionCount/267           17623 ns        17623 ns        38468
InversionCount/268           16719 ns        16719 ns        39470
InversionCount/269           17583 ns        17583 ns        37868
InversionCount/270           17624 ns        17624 ns        37403
InversionCount/271           15388 ns        15388 ns        38861
InversionCount/272           18600 ns        18600 ns        38591
InversionCount/273           17596 ns        17596 ns        37766
InversionCount/274           18599 ns        18599 ns        40098
InversionCount/275           18734 ns        18734 ns        36785
InversionCount/276           19325 ns        19325 ns        36575
InversionCount/277           18949 ns        18949 ns        36887
InversionCount/278           18452 ns        18452 ns        39770
InversionCount/279           18944 ns        18945 ns        37066
InversionCount/280           19200 ns        19200 ns        35264
InversionCount/281           19531 ns        19531 ns        36897
InversionCount/282           19189 ns        19189 ns        36932
InversionCount/283           19145 ns        19145 ns        36421
InversionCount/284           18998 ns        18998 ns        44982
InversionCount/285           19749 ns        19749 ns        36770
InversionCount/286           19320 ns        19320 ns        35620
InversionCount/287           19942 ns        19942 ns        33998
InversionCount/288           19442 ns        19442 ns        36086
InversionCount/289           20050 ns        20050 ns        36640
InversionCount/290           20119 ns        20119 ns        41711
InversionCount/291           19381 ns        19381 ns        33587
InversionCount/292           20417 ns        20417 ns        35730
InversionCount/293           18968 ns        18968 ns        33511
InversionCount/294           20359 ns        20359 ns        34764
InversionCount/295           20658 ns        20658 ns        32990
InversionCount/296           21003 ns        21003 ns        34538
InversionCount/297           20413 ns        20413 ns        32357
InversionCount/298           20052 ns        20052 ns        33319
InversionCount/299           21330 ns        21330 ns        32890
InversionCount/300           20293 ns        20293 ns        33532
InversionCount/301           21354 ns        21354 ns        33837
InversionCount/302           21063 ns        21063 ns        34559
InversionCount/303           20685 ns        20685 ns        34441
InversionCount/304           21324 ns        21325 ns        32668
InversionCount/305           21252 ns        21252 ns        32448
InversionCount/306           21663 ns        21663 ns        32278
InversionCount/307           21380 ns        21380 ns        31772
InversionCount/308           21049 ns        21049 ns        32106
InversionCount/309           22274 ns        22274 ns        34933
InversionCount/310           21877 ns        21878 ns        31903
InversionCount/311           22145 ns        22145 ns        31619
InversionCount/312           22022 ns        22022 ns        33667
InversionCount/313           21789 ns        21789 ns        31332
InversionCount/314           22061 ns        22061 ns        31513
InversionCount/315           21211 ns        21211 ns        32915
InversionCount/316           22446 ns        22446 ns        29939
InversionCount/317           23277 ns        23277 ns        31602
InversionCount/318           22405 ns        22405 ns        32287
InversionCount/319           23007 ns        23007 ns        31278
InversionCount/320           23407 ns        23407 ns        30692
InversionCount/321           23042 ns        23042 ns        31420
InversionCount/322           22402 ns        22402 ns        29965
InversionCount/323           22914 ns        22914 ns        36754
InversionCount/324           22978 ns        22978 ns        29608
InversionCount/325           23687 ns        23687 ns        29326
InversionCount/326           23513 ns        23513 ns        30622
InversionCount/327           23235 ns        23235 ns        30741
InversionCount/328           23171 ns        23171 ns        29655
InversionCount/329           23332 ns        23332 ns        28980
InversionCount/330           23594 ns        23594 ns        29431
InversionCount/331           23764 ns        23764 ns        29141
InversionCount/332           23546 ns        23546 ns        28600
InversionCount/333           24495 ns        24495 ns        29183
InversionCount/334           23876 ns        23876 ns        28493
InversionCount/335           24265 ns        24265 ns        29432
InversionCount/336           24517 ns        24517 ns        29342
InversionCount/337           24196 ns        24196 ns        29213
InversionCount/338           24099 ns        24099 ns        28793
InversionCount/339           24675 ns        24675 ns        28318
InversionCount/340           25081 ns        25081 ns        27122
InversionCount/341           24789 ns        24789 ns        27279
InversionCount/342           24748 ns        24748 ns        28413
InversionCount/343           24961 ns        24961 ns        26227
InversionCount/344           24749 ns        24749 ns        27680
InversionCount/345           24343 ns        24343 ns        27729
InversionCount/346           26131 ns        26131 ns        27638
InversionCount/347           25555 ns        25555 ns        29217
InversionCount/348           25360 ns        25360 ns        27847
InversionCount/349           25359 ns        25359 ns        26958
InversionCount/350           25052 ns        25052 ns        28032
InversionCount/351           26180 ns        26180 ns        27481
InversionCount/352           25954 ns        25954 ns        27181
InversionCount/353           26499 ns        26499 ns        26707
InversionCount/354           25848 ns        25848 ns        26123
InversionCount/355           26202 ns        26202 ns        27699
InversionCount/356           25478 ns        25478 ns        26136
InversionCount/357           27047 ns        27047 ns        25947
InversionCount/358           26157 ns        26158 ns        25789
InversionCount/359           26610 ns        26610 ns        26912
InversionCount/360           20167 ns        20167 ns        25475
InversionCount/361           26543 ns        26543 ns        25383
InversionCount/362           27120 ns        27120 ns        26383
InversionCount/363           27030 ns        27030 ns        26639
InversionCount/364           26924 ns        26924 ns        25486
InversionCount/365           26813 ns        26813 ns        25151
InversionCount/366           28333 ns        28333 ns        25304
InversionCount/367           28442 ns        28442 ns        25069
InversionCount/368           28436 ns        28436 ns        25760
InversionCount/369           27114 ns        27114 ns        25390
InversionCount/370           27721 ns        27721 ns        24557
InversionCount/371           27363 ns        27363 ns        25376
InversionCount/372           27593 ns        27593 ns        27873
InversionCount/373           28185 ns        28185 ns        24210
InversionCount/374           27869 ns        27869 ns        23925
InversionCount/375           27334 ns        27334 ns        23955
InversionCount/376           28798 ns        28798 ns        31968
InversionCount/377           28414 ns        28414 ns        23562
InversionCount/378           29256 ns        29256 ns        23948
InversionCount/379           28334 ns        28334 ns        24115
InversionCount/380           25349 ns        25349 ns        24347
InversionCount/381           28864 ns        28864 ns        23578
InversionCount/382           29281 ns        29281 ns        24826
InversionCount/383           29027 ns        29027 ns        24445
InversionCount/384           29160 ns        29160 ns        24228
InversionCount/385           26432 ns        26432 ns        23897
InversionCount/386           30058 ns        30058 ns        24317
InversionCount/387           28988 ns        28988 ns        23553
InversionCount/388           29612 ns        29612 ns        23236
InversionCount/389           30029 ns        30029 ns        23009
InversionCount/390           29455 ns        29455 ns        22792
InversionCount/391           29929 ns        29929 ns        30609
InversionCount/392           30041 ns        30041 ns        23943
InversionCount/393           30183 ns        30183 ns        22849
InversionCount/394           30271 ns        30271 ns        23147
InversionCount/395           30992 ns        30992 ns        22956
InversionCount/396           30282 ns        30283 ns        22210
InversionCount/397           30787 ns        30787 ns        22825
InversionCount/398           30907 ns        30907 ns        23157
InversionCount/399           30827 ns        30827 ns        22746
InversionCount/400           30671 ns        30671 ns        22315
InversionCount/401           30438 ns        30438 ns        22563
InversionCount/402           31659 ns        31659 ns        22461
InversionCount/403           31366 ns        31366 ns        22080
InversionCount/404           30985 ns        30985 ns        22291
InversionCount/405           32148 ns        32148 ns        22068
InversionCount/406           31908 ns        31908 ns        22248
InversionCount/407           31469 ns        31469 ns        21746
InversionCount/408           31518 ns        31518 ns        22175
InversionCount/409           31673 ns        31673 ns        21699
InversionCount/410           32096 ns        32096 ns        21736
InversionCount/411           31965 ns        31965 ns        21411
InversionCount/412           31557 ns        31557 ns        20848
InversionCount/413           32350 ns        32350 ns        21082
InversionCount/414           32204 ns        32204 ns        21915
InversionCount/415           32493 ns        32493 ns        21700
InversionCount/416           32902 ns        32902 ns        21461
InversionCount/417           33344 ns        33344 ns        21336
InversionCount/418           32098 ns        32098 ns        21361
InversionCount/419           33622 ns        33622 ns        21212
InversionCount/420           32799 ns        32798 ns        21163
InversionCount/421           32626 ns        32626 ns        21756
InversionCount/422           33571 ns        33571 ns        21125
InversionCount/423           33340 ns        33340 ns        20750
InversionCount/424           30191 ns        30191 ns        21061
InversionCount/425           33587 ns        33587 ns        20951
InversionCount/426           33198 ns        33198 ns        20370
InversionCount/427           34850 ns        34850 ns        20404
InversionCount/428           33760 ns        33760 ns        20383
InversionCount/429           34458 ns        34458 ns        20482
InversionCount/430           34676 ns        34676 ns        20267
InversionCount/431           34681 ns        34681 ns        20238
InversionCount/432           34603 ns        34603 ns        20764
InversionCount/433           33649 ns        33649 ns        20349
InversionCount/434           34943 ns        34943 ns        20864
InversionCount/435           34730 ns        34730 ns        19694
InversionCount/436           35107 ns        35107 ns        20587
InversionCount/437           35196 ns        35196 ns        20133
InversionCount/438           35316 ns        35316 ns        20392
InversionCount/439           34328 ns        34328 ns        21399
InversionCount/440           35117 ns        35117 ns        20215
InversionCount/441           35276 ns        35276 ns        19975
InversionCount/442           35023 ns        35023 ns        20404
InversionCount/443           36074 ns        36074 ns        19308
InversionCount/444           35936 ns        35936 ns        19869
InversionCount/445           32652 ns        32652 ns        19858
InversionCount/446           35610 ns        35610 ns        19803
InversionCount/447           29503 ns        29504 ns        19645
InversionCount/448           35109 ns        35109 ns        19743
InversionCount/449           36854 ns        36854 ns        19490
InversionCount/450           36189 ns        36189 ns        19159
InversionCount/451           29867 ns        29867 ns        19006
InversionCount/452           36304 ns        36304 ns        19704
InversionCount/453           36203 ns        36203 ns        19177
InversionCount/454           36508 ns        36508 ns        19032
InversionCount/455           37831 ns        37831 ns        19005
InversionCount/456           36512 ns        36512 ns        20987
InversionCount/457           37126 ns        37126 ns        18947
InversionCount/458           36881 ns        36881 ns        18907
InversionCount/459           36894 ns        36894 ns        18655
InversionCount/460           37005 ns        37005 ns        18857
InversionCount/461           36432 ns        36432 ns        19116
InversionCount/462           36003 ns        36002 ns        18493
InversionCount/463           37931 ns        37931 ns        19019
InversionCount/464           37752 ns        37752 ns        18590
InversionCount/465           37965 ns        37965 ns        22132
InversionCount/466           37295 ns        37295 ns        18486
InversionCount/467           37726 ns        37726 ns        18683
InversionCount/468           38183 ns        38183 ns        18364
InversionCount/469           37926 ns        37926 ns        18247
InversionCount/470           38540 ns        38541 ns        18536
InversionCount/471           38244 ns        38245 ns        18210
InversionCount/472           38641 ns        38641 ns        17890
InversionCount/473           38586 ns        38587 ns        19801
InversionCount/474           38344 ns        38344 ns        18225
InversionCount/475           38302 ns        38304 ns        17827
InversionCount/476           37723 ns        37722 ns        18282
InversionCount/477           38773 ns        38772 ns        17624
InversionCount/478           38296 ns        38296 ns        17826
InversionCount/479           38524 ns        38524 ns        17758
InversionCount/480           39064 ns        39064 ns        17807
InversionCount/481           39546 ns        39546 ns        17841
InversionCount/482           39970 ns        39970 ns        17711
InversionCount/483           39792 ns        39792 ns        17481
InversionCount/484           39517 ns        39517 ns        17164
InversionCount/485           40028 ns        40028 ns        17436
InversionCount/486           40515 ns        40515 ns        17518
InversionCount/487           39603 ns        39603 ns        17253
InversionCount/488           40268 ns        40268 ns        17589
InversionCount/489           40216 ns        40216 ns        17093
InversionCount/490           40779 ns        40779 ns        17636
InversionCount/491           40954 ns        40954 ns        17169
InversionCount/492           40184 ns        40184 ns        17344
InversionCount/493           40886 ns        40886 ns        17369
InversionCount/494           40063 ns        40063 ns        17106
InversionCount/495           42160 ns        42161 ns        16939
InversionCount/496           41160 ns        41160 ns        16805
InversionCount/497           40402 ns        40402 ns        16726
InversionCount/498           41379 ns        41379 ns        16860
InversionCount/499           41158 ns        41158 ns        16899
InversionCount/500           41396 ns        41396 ns        17036
InversionCount/501           42053 ns        42053 ns        16591
InversionCount/502           40665 ns        40665 ns        16665
InversionCount/503           41508 ns        41508 ns        16277
InversionCount/504           39249 ns        39249 ns        16701
InversionCount/505           42499 ns        42499 ns        16408
InversionCount/506           41570 ns        41570 ns        16553
InversionCount/507           42234 ns        42234 ns        16694
InversionCount/508           43104 ns        43104 ns        16333
InversionCount/509           41902 ns        41902 ns        16352
InversionCount/510           42522 ns        42522 ns        16692
InversionCount/511           42812 ns        42812 ns        16558
InversionCount/512           42053 ns        42053 ns        16638
InversionCount/1024         103224 ns       103224 ns         6855
InversionCount/1536         166416 ns       166416 ns         4162
InversionCount/2048         234851 ns       234852 ns         2972
InversionCount/2560         307646 ns       307643 ns         2272
InversionCount/3072         382618 ns       382616 ns         1832
InversionCount/3584         460707 ns       460708 ns         1519
InversionCount/4096         534477 ns       534473 ns         1292
InversionCount/4608         618555 ns       618551 ns         1124
InversionCount/5120         701979 ns       701975 ns          989
InversionCount/5632         784955 ns       784956 ns          883
InversionCount/6144         871753 ns       871755 ns          800
InversionCount/6656         957875 ns       957869 ns          726
InversionCount/7168        1051415 ns      1051408 ns          654
InversionCount/7680        1142280 ns      1142271 ns          608
InversionCount/8192        1242419 ns      1242421 ns          565
InversionCount/8704        1334504 ns      1334507 ns          523
InversionCount/9216        1434345 ns      1434347 ns          488
InversionCount/9728        1533033 ns      1533021 ns          455
InversionCount/10240       1631109 ns      1631100 ns          428
InversionCount/10752       1730513 ns      1730501 ns          404
InversionCount/11264       1826748 ns      1826731 ns          380
InversionCount/11776       1939116 ns      1939100 ns          361
InversionCount/12288       2040231 ns      2040220 ns          342
InversionCount/12800       2155128 ns      2155116 ns          325
InversionCount/13312       2260160 ns      2260145 ns          310
InversionCount/13824       2367622 ns      2367627 ns          298
InversionCount/14336       2474332 ns      2474337 ns          283
InversionCount/14848       2611575 ns      2611578 ns          270
InversionCount/15360       2714609 ns      2714617 ns          257
InversionCount/15872       2820236 ns      2820242 ns          248
InversionCount/16384       2912764 ns      2912769 ns          241
InversionCount/16896       3020150 ns      3020154 ns          232
InversionCount/17408       3127874 ns      3127856 ns          224
InversionCount/17920       3239451 ns      3239458 ns          216
InversionCount/18432       3353502 ns      3353519 ns          209
InversionCount/18944       3467242 ns      3467248 ns          202
InversionCount/19456       3574169 ns      3574148 ns          196
InversionCount/19968       3706514 ns      3706494 ns          189
InversionCount/20480       3829441 ns      3829418 ns          184
InversionCount/20992       3951696 ns      3951703 ns          177
InversionCount/21504       4075045 ns      4075050 ns          171
InversionCount/22016       4192557 ns      4192532 ns          167
InversionCount/22528       4329366 ns      4329375 ns          162
InversionCount/23040       4472988 ns      4472966 ns          158
InversionCount/23552       4570670 ns      4570628 ns          154
InversionCount/24064       4682293 ns      4682298 ns          150
InversionCount/24576       4797078 ns      4797051 ns          146
InversionCount/25088       4935232 ns      4935244 ns          143
InversionCount/25600       5053457 ns      5053468 ns          135
InversionCount/26112       5144163 ns      5144113 ns          134
InversionCount/26624       5288495 ns      5288503 ns          131
InversionCount/27136       5404566 ns      5404500 ns          129
InversionCount/27648       5538464 ns      5538427 ns          125
InversionCount/28160       5657365 ns      5657374 ns          122
InversionCount/28672       5789339 ns      5789297 ns          118
InversionCount/29184       5925503 ns      5925472 ns          117
InversionCount/29696       6039134 ns      6039101 ns          114
InversionCount/30208       6193464 ns      6193473 ns          112
InversionCount/30720       6302504 ns      6302455 ns          110
InversionCount/31232       6402788 ns      6402737 ns          108
InversionCount/31744       6562675 ns      6562634 ns          106
InversionCount/32256       6647360 ns      6647320 ns          104
InversionCount/32768       6781220 ns      6781233 ns          101
InversionCount/33280       6915803 ns      6915753 ns           99
InversionCount/33792       7102269 ns      7102227 ns           99
InversionCount/34304       7150599 ns      7150550 ns           97
InversionCount/34816       7283823 ns      7283834 ns           95
InversionCount/35328       7447198 ns      7447148 ns           93
InversionCount/35840       7583304 ns      7583259 ns           93
InversionCount/36352       7689563 ns      7689521 ns           89
InversionCount/36864       7819590 ns      7819602 ns           88
InversionCount/37376       7952721 ns      7952673 ns           87
InversionCount/37888       8061862 ns      8061809 ns           85
InversionCount/38400       8221760 ns      8221686 ns           84
InversionCount/38912       8341152 ns      8341105 ns           83
InversionCount/39424       8520945 ns      8520970 ns           82
InversionCount/39936       8624330 ns      8624260 ns           80
InversionCount/40448       8763128 ns      8763055 ns           79
InversionCount/40960       8893403 ns      8893334 ns           77
InversionCount/41472       9022258 ns      9022203 ns           77
InversionCount/41984       9123617 ns      9123637 ns           75
InversionCount/42496       9289447 ns      9289379 ns           75
InversionCount/43008       9386447 ns      9386387 ns           74
InversionCount/43520       9545404 ns      9545339 ns           72
InversionCount/44032       9690049 ns      9689995 ns           72
InversionCount/44544       9834961 ns      9834979 ns           70
InversionCount/45056       9968699 ns      9968644 ns           69
InversionCount/45568      10134912 ns     10134843 ns           69
InversionCount/46080      10287581 ns     10287552 ns           67
InversionCount/46592      10389976 ns     10389897 ns           67
InversionCount/47104      10527561 ns     10527489 ns           66
InversionCount/47616      10696463 ns     10696480 ns           65
InversionCount/48128      10815400 ns     10815319 ns           64
InversionCount/48640      10963025 ns     10962964 ns           64
InversionCount/49152      11100353 ns     11100284 ns           62
InversionCount/49664      11204290 ns     11204213 ns           61
InversionCount/50176      11389946 ns     11389999 ns           61
InversionCount/50688      11520888 ns     11520936 ns           60
InversionCount/51200      11676831 ns     11676752 ns           59
InversionCount/51712      11803326 ns     11803269 ns           58
InversionCount/52224      11982355 ns     11982272 ns           58
InversionCount/52736      12058807 ns     12058830 ns           57
InversionCount/53248      12230912 ns     12230952 ns           57
InversionCount/53760      12358096 ns     12358001 ns           56
InversionCount/54272      12524837 ns     12524741 ns           56
InversionCount/54784      12668731 ns     12668649 ns           55
InversionCount/55296      12787059 ns     12786961 ns           54
InversionCount/55808      13022741 ns     13022765 ns           54
InversionCount/56320      13067783 ns     13067799 ns           53
InversionCount/56832      13212238 ns     13212093 ns           52
InversionCount/57344      13462208 ns     13462099 ns           52
InversionCount/57856      13526951 ns     13526809 ns           51
InversionCount/58368      13898359 ns     13898282 ns           51
InversionCount/58880      13801310 ns     13801223 ns           50
InversionCount/59392      14078088 ns     14078110 ns           50
InversionCount/59904      14152582 ns     14152605 ns           49
InversionCount/60416      14239354 ns     14239377 ns           48
InversionCount/60928      14469056 ns     14468949 ns           48
InversionCount/61440      14576496 ns     14576398 ns           48
InversionCount/61952      14691006 ns     14690924 ns           47
InversionCount/62464      14855509 ns     14855360 ns           47
InversionCount/62976      14949272 ns     14949287 ns           46
InversionCount/63488      15155074 ns     15155128 ns           46
InversionCount/64000      15363269 ns     15363297 ns           45
InversionCount/64512      15434293 ns     15434147 ns           45
InversionCount/65535      15818311 ns     15818182 ns           44
InversionCount/65536      15844955 ns     15844819 ns           44
InversionCount/131072     35299126 ns     35298624 ns           19
InversionCount/262144    100636467 ns    100636878 ns            6
InversionCount/524288    281315100 ns    281313127 ns            2
InversionCount/1048576   731648800 ns    731636729 ns            1
InversionCount/2097152  1751771300 ns   1751752306 ns            1
InversionCount/4194304  4050868700 ns   4050822769 ns            1
InversionCount/8388608  9190250500 ns   9190121851 ns            1
InversionCount/16777216 20517359700 ns   20517173329 ns            1
InversionCount/33554432 44833157200 ns   44832669263 ns            1
--------------------------------------------------------------
Benchmark                    Time             CPU   Iterations
--------------------------------------------------------------
InversionCount/512       42088 ns        42085 ns        16396
InversionCount/513       41706 ns        41703 ns        15981
InversionCount/514       43274 ns        43272 ns        16479
InversionCount/515       43465 ns        43462 ns        16329
InversionCount/516       42398 ns        42395 ns        16693
InversionCount/517       43366 ns        43364 ns        16059
InversionCount/518       42553 ns        42550 ns        16095
InversionCount/519       43265 ns        43262 ns        15884
InversionCount/520       43197 ns        43195 ns        16041
InversionCount/521       44150 ns        44147 ns        19056
InversionCount/522       44291 ns        44289 ns        15296
InversionCount/523       43679 ns        43677 ns        15828
InversionCount/524       44726 ns        44723 ns        16107
InversionCount/525       43226 ns        43224 ns        16623
InversionCount/526       44763 ns        44761 ns        15547
InversionCount/527       43873 ns        43870 ns        15594
InversionCount/528       37438 ns        37436 ns        16244
InversionCount/529       44459 ns        44457 ns        15543
InversionCount/530       45183 ns        45181 ns        15650
InversionCount/531       45002 ns        44999 ns        15680
InversionCount/532       44642 ns        44640 ns        15193
InversionCount/533       45136 ns        45133 ns        15476
InversionCount/534       45019 ns        45016 ns        15882
InversionCount/535       44880 ns        44878 ns        15457
InversionCount/536       45472 ns        45470 ns        15291
InversionCount/537       45411 ns        45408 ns        15103
InversionCount/538       45164 ns        45162 ns        15588
InversionCount/539       45381 ns        45379 ns        15894
InversionCount/540       45290 ns        45287 ns        15502
InversionCount/541       45873 ns        45871 ns        15497
InversionCount/542       45522 ns        45520 ns        15262
InversionCount/543       46215 ns        46213 ns        15406
InversionCount/544       45372 ns        45370 ns        15508
InversionCount/545       45777 ns        45775 ns        15145
InversionCount/546       45623 ns        45620 ns        15111
InversionCount/547       45617 ns        45614 ns        15012
InversionCount/548       46121 ns        46119 ns        15240
InversionCount/549       46216 ns        46214 ns        15198
InversionCount/550       45368 ns        45365 ns        15135
InversionCount/551       46618 ns        46616 ns        15051
InversionCount/552       46005 ns        46003 ns        14976
InversionCount/553       46263 ns        46260 ns        15054
InversionCount/554       47147 ns        47145 ns        15168
InversionCount/555       47429 ns        47426 ns        15022
InversionCount/556       46780 ns        46778 ns        14724
InversionCount/557       47551 ns        47549 ns        14831
InversionCount/558       40109 ns        40106 ns        14758
InversionCount/559       47929 ns        47927 ns        15076
InversionCount/560       46505 ns        46503 ns        14446
InversionCount/561       47410 ns        47407 ns        14310
InversionCount/562       47279 ns        47276 ns        14603
InversionCount/563       48162 ns        48160 ns        14873
InversionCount/564       47476 ns        47473 ns        14622
InversionCount/565       47902 ns        47900 ns        14555
InversionCount/566       48304 ns        48301 ns        14564
InversionCount/567       48554 ns        48551 ns        16954
InversionCount/568       47861 ns        47859 ns        14609
InversionCount/569       48976 ns        48973 ns        14269
InversionCount/570       48648 ns        48646 ns        13962
InversionCount/571       48808 ns        48805 ns        14326
InversionCount/572       48665 ns        48663 ns        14390
InversionCount/573       48570 ns        48568 ns        14191
InversionCount/574       49106 ns        49104 ns        14341
InversionCount/575       48837 ns        48834 ns        14061
InversionCount/576       49705 ns        49702 ns        14221
InversionCount/577       50205 ns        50202 ns        10000
InversionCount/578       50086 ns        50083 ns        10000
InversionCount/579       49305 ns        49303 ns        13844
InversionCount/580       50029 ns        50027 ns        10000
InversionCount/581       50036 ns        50032 ns        10000
InversionCount/582       50173 ns        50171 ns        10000
InversionCount/583       50299 ns        50296 ns        14075
InversionCount/584       51090 ns        51088 ns        14456
InversionCount/585       50378 ns        50376 ns        13842
InversionCount/586       50400 ns        50397 ns        10000
InversionCount/587       50211 ns        50209 ns        10000
InversionCount/588       50671 ns        50669 ns        13648
InversionCount/589       51249 ns        51246 ns        13529
InversionCount/590       51022 ns        51019 ns        10000
InversionCount/591       50688 ns        50686 ns        13924
InversionCount/592       50987 ns        50984 ns        13819
InversionCount/593       51798 ns        51794 ns        10000
InversionCount/594       51465 ns        51463 ns        13822
InversionCount/595       51038 ns        51035 ns        13979
InversionCount/596       51630 ns        51627 ns        13641
InversionCount/597       50784 ns        50782 ns        13387
InversionCount/598       52005 ns        52001 ns        13290
InversionCount/599       51761 ns        51758 ns        12901
InversionCount/600       51000 ns        50997 ns        13724
InversionCount/601       52305 ns        52302 ns        13193
InversionCount/602       52489 ns        52486 ns        10000
InversionCount/603       52089 ns        52087 ns        13014
InversionCount/604       52953 ns        52951 ns        13321
InversionCount/605       52628 ns        52625 ns        13233
InversionCount/606       52902 ns        52899 ns        13323
InversionCount/607       52638 ns        52635 ns        13399
InversionCount/608       52405 ns        52402 ns        10000
InversionCount/609       53261 ns        53258 ns        13460
InversionCount/610       53045 ns        53041 ns        13403
InversionCount/611       53214 ns        53211 ns        13463
InversionCount/612       52628 ns        52625 ns        13132
InversionCount/613       53895 ns        53892 ns        13283
InversionCount/614       53713 ns        53710 ns        13652
InversionCount/615       54562 ns        54559 ns        12792
InversionCount/616       54329 ns        54326 ns        13070
InversionCount/617       53697 ns        53694 ns        13057
InversionCount/618       53949 ns        53947 ns        12688
InversionCount/619       53574 ns        53570 ns        12719
InversionCount/620       54916 ns        54914 ns        13072
InversionCount/621       54991 ns        54988 ns        12685
InversionCount/622       53745 ns        53743 ns        13323
InversionCount/623       55107 ns        55104 ns        12605
InversionCount/624       55165 ns        55163 ns        12872
InversionCount/625       54802 ns        54800 ns        12866
InversionCount/626       55110 ns        55107 ns        12719
InversionCount/627       54700 ns        54697 ns        12917
InversionCount/628       54368 ns        54365 ns        13161
InversionCount/629       54861 ns        54857 ns        13211
InversionCount/630       55975 ns        55972 ns        12971
InversionCount/631       55731 ns        55728 ns        12418
InversionCount/632       56227 ns        56224 ns        12396
InversionCount/633       55924 ns        55922 ns        12972
InversionCount/634       56146 ns        56144 ns        12546
InversionCount/635       55959 ns        55956 ns        13199
InversionCount/636       56059 ns        56056 ns        13901
InversionCount/637       56803 ns        56799 ns        10000
InversionCount/638       56362 ns        56359 ns        12240
InversionCount/639       56990 ns        56986 ns        12717
InversionCount/640       56769 ns        56766 ns        12074
InversionCount/641       56633 ns        56630 ns        12548
InversionCount/642       55435 ns        55432 ns        11986
InversionCount/643       57150 ns        57147 ns        12280
InversionCount/644       56526 ns        56522 ns        12511
InversionCount/645       57424 ns        57421 ns        12624
InversionCount/646       57395 ns        57391 ns        12282
InversionCount/647       50730 ns        50727 ns        12108
InversionCount/648       57008 ns        57005 ns        11976
InversionCount/649       58807 ns        58804 ns        12358
InversionCount/650       56712 ns        56709 ns        11925
InversionCount/651       57337 ns        57334 ns        11920
InversionCount/652       58876 ns        58874 ns        12291
InversionCount/653       57518 ns        57515 ns        12485
InversionCount/654       51440 ns        51438 ns        12126
InversionCount/655       57792 ns        57789 ns        11843
InversionCount/656       58763 ns        58760 ns        11885
InversionCount/657       57924 ns        57921 ns        12206
InversionCount/658       58613 ns        58611 ns        11821
InversionCount/659       58235 ns        58231 ns        12015
InversionCount/660       58109 ns        58105 ns        11657
InversionCount/661       59102 ns        59099 ns        11585
InversionCount/662       60194 ns        60191 ns        11696
InversionCount/663       60052 ns        60049 ns        11973
InversionCount/664       58937 ns        58934 ns        11901
InversionCount/665       58605 ns        58602 ns        12393
InversionCount/666       58954 ns        58951 ns        11818
InversionCount/667       59499 ns        59496 ns        11521
InversionCount/668       59601 ns        59598 ns        12989
InversionCount/669       60771 ns        60768 ns        11689
InversionCount/670       59750 ns        59747 ns        11814
InversionCount/671       60323 ns        60321 ns        11624
InversionCount/672       60719 ns        60716 ns        11760
InversionCount/673       60623 ns        60621 ns        11508
InversionCount/674       59978 ns        59974 ns        11666
InversionCount/675       60701 ns        60697 ns        11623
InversionCount/676       61194 ns        61190 ns        11304
InversionCount/677       59804 ns        59801 ns        11571
InversionCount/678       61282 ns        61278 ns        11531
InversionCount/679       61292 ns        61288 ns        11589
InversionCount/680       60106 ns        60103 ns        11549
InversionCount/681       59598 ns        59595 ns        11673
InversionCount/682       61678 ns        61675 ns        11298
InversionCount/683       60779 ns        60776 ns        11178
InversionCount/684       61425 ns        61422 ns        11146
InversionCount/685       61657 ns        61653 ns        11387
InversionCount/686       61988 ns        61985 ns        11458
InversionCount/687       61992 ns        61989 ns        11210
InversionCount/688       61940 ns        61937 ns        11366
InversionCount/689       61475 ns        61472 ns        11176
InversionCount/690       62491 ns        62488 ns        11419
InversionCount/691       62427 ns        62424 ns        11253
InversionCount/692       63525 ns        63522 ns        11625
InversionCount/693       62517 ns        62513 ns        11038
InversionCount/694       62596 ns        62593 ns        11154
InversionCount/695       62214 ns        62211 ns        11220
InversionCount/696       62826 ns        62823 ns        11382
InversionCount/697       62530 ns        62528 ns        11179
InversionCount/698       62966 ns        62963 ns        11103
InversionCount/699       62459 ns        62455 ns        11080
InversionCount/700       63503 ns        63499 ns        11189
InversionCount/701       63993 ns        63989 ns        11279
InversionCount/702       63736 ns        63733 ns        10988
InversionCount/703       63168 ns        63163 ns        10908
InversionCount/704       63974 ns        63970 ns        10801
InversionCount/705       64223 ns        64220 ns        10717
InversionCount/706       64113 ns        64111 ns        10862
InversionCount/707       58196 ns        58192 ns        10883
InversionCount/708       63869 ns        63866 ns        11072
InversionCount/709       63618 ns        63615 ns        11400
InversionCount/710       64058 ns        64055 ns        10632
InversionCount/711       65010 ns        65006 ns        10998
InversionCount/712       64428 ns        64424 ns        10706
InversionCount/713       65035 ns        65032 ns        11043
InversionCount/714       65372 ns        65368 ns        10794
InversionCount/715       65716 ns        65712 ns        10771
InversionCount/716       66065 ns        66061 ns        11147
InversionCount/717       63868 ns        63864 ns        10471
InversionCount/718       66064 ns        66060 ns        10573
InversionCount/719       65225 ns        65222 ns        10349
InversionCount/720       66249 ns        66246 ns        10701
InversionCount/721       65910 ns        65907 ns        10677
InversionCount/722       66250 ns        66246 ns        10607
InversionCount/723       65254 ns        65251 ns        11048
InversionCount/724       65839 ns        65835 ns        10629
InversionCount/725       66447 ns        66444 ns        10462
InversionCount/726       60104 ns        60101 ns        10937
InversionCount/727       66570 ns        66565 ns        10965
InversionCount/728       66938 ns        66934 ns        10507
InversionCount/729       67452 ns        67448 ns        10633
InversionCount/730       66849 ns        66846 ns        10642
InversionCount/731       67490 ns        67487 ns        10536
InversionCount/732       66332 ns        66329 ns        10361
InversionCount/733       66781 ns        66778 ns        10542
InversionCount/734       67501 ns        67497 ns        10282
InversionCount/735       67611 ns        67606 ns        10419
InversionCount/736       66667 ns        66663 ns        10195
InversionCount/737       68515 ns        68511 ns        10161
InversionCount/738       68437 ns        68433 ns        10314
InversionCount/739       68592 ns        68588 ns        10339
InversionCount/740       68296 ns        68292 ns         9847
InversionCount/741       68846 ns        68843 ns        10030
InversionCount/742       68052 ns        68047 ns        10198
InversionCount/743       68421 ns        68418 ns        10258
InversionCount/744       68501 ns        68498 ns        10435
InversionCount/745       68920 ns        68917 ns         9994
InversionCount/746       68313 ns        68310 ns        10011
InversionCount/747       68919 ns        68915 ns        10566
InversionCount/748       68638 ns        68635 ns        10150
InversionCount/749       68805 ns        68803 ns         9934
InversionCount/750       69248 ns        69244 ns        10130
InversionCount/751       70520 ns        70517 ns         9976
InversionCount/752       70093 ns        70090 ns        10228
InversionCount/753       69844 ns        69841 ns        10142
InversionCount/754       69655 ns        69652 ns         9994
InversionCount/755       68390 ns        68386 ns        10133
InversionCount/756       70945 ns        70942 ns         9961
InversionCount/757       69862 ns        69859 ns        10055
InversionCount/758       69918 ns        69914 ns        10010
InversionCount/759       68548 ns        68544 ns        10133
InversionCount/760       70405 ns        70402 ns        10228
InversionCount/761       71415 ns        71411 ns         9968
InversionCount/762       69828 ns        69824 ns        10009
InversionCount/763       68968 ns        68965 ns        10116
InversionCount/764       70984 ns        70981 ns         9601
InversionCount/765       70718 ns        70715 ns         9641
InversionCount/766       71002 ns        70999 ns         9686
InversionCount/767       72060 ns        72055 ns         9605
InversionCount/768       71425 ns        71420 ns        10064
InversionCount/769       72400 ns        72396 ns         9786
InversionCount/770       72309 ns        72305 ns         9774
InversionCount/771       70697 ns        70693 ns         9519
InversionCount/772       69713 ns        69710 ns         9963
InversionCount/773       70546 ns        70542 ns        10003
InversionCount/774       69367 ns        69363 ns         9979
InversionCount/775       71382 ns        71378 ns         9677
InversionCount/776       72431 ns        72427 ns         9615
InversionCount/777       72411 ns        72407 ns        10023
InversionCount/778       73157 ns        73151 ns         9659
InversionCount/779       72535 ns        72531 ns         9663
InversionCount/780       72617 ns        72613 ns         9635
InversionCount/781       73041 ns        73037 ns         9760
InversionCount/782       73776 ns        73772 ns         9676
InversionCount/783       73279 ns        73275 ns         9634
InversionCount/784       72837 ns        72834 ns         9675
InversionCount/785       72622 ns        72619 ns         9628
InversionCount/786       74290 ns        74287 ns         9617
InversionCount/787       73736 ns        73732 ns        10303
InversionCount/788       73819 ns        73814 ns         9546
InversionCount/789       73040 ns        73036 ns         9522
InversionCount/790       73722 ns        73718 ns         9372
InversionCount/791       73975 ns        73970 ns         9574
InversionCount/792       71973 ns        71969 ns         9732
InversionCount/793       75230 ns        75224 ns         9418
InversionCount/794       74728 ns        74723 ns         9543
InversionCount/795       74436 ns        74433 ns         9390
InversionCount/796       75178 ns        75174 ns         9645
InversionCount/797       75203 ns        75201 ns         9777
InversionCount/798       74467 ns        74463 ns         9499
InversionCount/799       72524 ns        72521 ns         9451
InversionCount/800       74451 ns        74447 ns         9121
InversionCount/801       76079 ns        76075 ns         9265
InversionCount/802       75386 ns        75383 ns         9278
InversionCount/803       75303 ns        75299 ns         9363
InversionCount/804       73591 ns        73587 ns         9519
InversionCount/805       76225 ns        76221 ns         9070
InversionCount/806       75088 ns        75084 ns         9296
InversionCount/807       76464 ns        76459 ns         9507
InversionCount/808       75807 ns        75801 ns         9094
InversionCount/809       77682 ns        77677 ns         8902
InversionCount/810       76289 ns        76284 ns         9450
InversionCount/811       77275 ns        77270 ns         9387
InversionCount/812       76285 ns        76281 ns         9420
InversionCount/813       76663 ns        76659 ns         8980
InversionCount/814       77533 ns        77529 ns         9107
InversionCount/815       76589 ns        76585 ns         9052
InversionCount/816       76161 ns        76157 ns         8997
InversionCount/817       77517 ns        77514 ns         8992
InversionCount/818       76801 ns        76796 ns         9154
InversionCount/819       77876 ns        77872 ns         8878
InversionCount/820       77298 ns        77294 ns         8851
InversionCount/821       77432 ns        77428 ns         9009
InversionCount/822       78066 ns        78062 ns         8747
InversionCount/823       77368 ns        77364 ns         8865
InversionCount/824       77418 ns        77414 ns         8905
InversionCount/825       78707 ns        78703 ns         8948
InversionCount/826       77850 ns        77847 ns         8871
InversionCount/827       78902 ns        78898 ns         8874
InversionCount/828       78916 ns        78912 ns         8948
InversionCount/829       78002 ns        77997 ns         8815
InversionCount/830       78276 ns        78272 ns         8833
InversionCount/831       79562 ns        79558 ns         8724
InversionCount/832       78550 ns        78545 ns         8933
InversionCount/833       80237 ns        80232 ns         8855
InversionCount/834       78052 ns        78046 ns         9032
InversionCount/835       78454 ns        78449 ns         8668
InversionCount/836       78598 ns        78591 ns         8691
InversionCount/837       78623 ns        78618 ns         8724
InversionCount/838       79701 ns        79696 ns         8854
InversionCount/839       79243 ns        79239 ns         8901
InversionCount/840       79886 ns        79880 ns         8970
InversionCount/841       79286 ns        79282 ns         8812
InversionCount/842       79921 ns        79918 ns         8788
InversionCount/843       80112 ns        80107 ns         8715
InversionCount/844       79599 ns        79595 ns         8803
InversionCount/845       79731 ns        79727 ns         8746
InversionCount/846       80055 ns        80051 ns         8739
InversionCount/847       80622 ns        80618 ns         8796
InversionCount/848       80224 ns        80219 ns         8815
InversionCount/849       80863 ns        80858 ns         8433
InversionCount/850       82504 ns        82499 ns         8655
InversionCount/851       81008 ns        81004 ns         8770
InversionCount/852       81107 ns        81103 ns         8648
InversionCount/853       82035 ns        82031 ns         8559
InversionCount/854       80813 ns        80809 ns         8503
InversionCount/855       81684 ns        81681 ns         8808
InversionCount/856       80641 ns        80637 ns         8389
InversionCount/857       82044 ns        82040 ns         8488
InversionCount/858       82690 ns        82686 ns         8352
InversionCount/859       99961 ns        99953 ns         8720
InversionCount/860       82526 ns        82521 ns         8099
InversionCount/861       82469 ns        82465 ns         8459
InversionCount/862       82903 ns        82899 ns         8433
InversionCount/863       81567 ns        81562 ns         8538
InversionCount/864       82435 ns        82430 ns         8514
InversionCount/865       82209 ns        82204 ns         8524
InversionCount/866       84182 ns        84177 ns         8506
InversionCount/867       84216 ns        84210 ns         8485
InversionCount/868       83349 ns        83344 ns         8342
InversionCount/869       83605 ns        83601 ns         8427
InversionCount/870       83667 ns        83663 ns         8233
InversionCount/871       83749 ns        83744 ns         8359
InversionCount/872       84317 ns        84311 ns         8339
InversionCount/873       84806 ns        84801 ns         8170
InversionCount/874       83646 ns        83642 ns         8329
InversionCount/875       82899 ns        82895 ns         8303
InversionCount/876       84917 ns        84913 ns         8264
InversionCount/877       84894 ns        84889 ns         8481
InversionCount/878       83925 ns        83922 ns         8211
InversionCount/879       83340 ns        83336 ns         8265
InversionCount/880       85470 ns        85465 ns         8090
InversionCount/881       85578 ns        85573 ns         8211
InversionCount/882       85625 ns        85621 ns         8330
InversionCount/883       85978 ns        85974 ns         8092
InversionCount/884       85158 ns        85153 ns         8186
InversionCount/885       85977 ns        85973 ns         8352
InversionCount/886       85957 ns        85953 ns         8166
InversionCount/887       85950 ns        85945 ns         7977
InversionCount/888       86583 ns        86579 ns         8030
InversionCount/889       87070 ns        87064 ns         8226
InversionCount/890       85584 ns        85579 ns         8149
InversionCount/891       85714 ns        85710 ns         7989
InversionCount/892       86330 ns        86324 ns         8233
InversionCount/893       85786 ns        85781 ns         8191
InversionCount/894       86146 ns        86141 ns         8501
InversionCount/895       86761 ns        86757 ns         7991
InversionCount/896       86248 ns        86242 ns         8110
InversionCount/897       87216 ns        87210 ns         8049
InversionCount/898       88349 ns        88343 ns         7920
InversionCount/899       85779 ns        85775 ns         8109
InversionCount/900       87502 ns        87498 ns         8095
InversionCount/901       87543 ns        87539 ns         8051
InversionCount/902       86769 ns        86764 ns         7885
InversionCount/903       86630 ns        86626 ns         8071
InversionCount/904       86953 ns        86948 ns         7998
InversionCount/905       86044 ns        86039 ns         7940
InversionCount/906       87984 ns        87978 ns         7925
InversionCount/907       87713 ns        87707 ns         7784
InversionCount/908       87388 ns        87383 ns         7920
InversionCount/909       88766 ns        88762 ns         7964
InversionCount/910       88969 ns        88965 ns         8082
InversionCount/911       88990 ns        88986 ns         7742
InversionCount/912       88046 ns        88041 ns         7881
InversionCount/913       87766 ns        87761 ns         7817
InversionCount/914       88452 ns        88447 ns         7890
InversionCount/915       89091 ns        89086 ns         7905
InversionCount/916       89535 ns        89531 ns         7913
InversionCount/917       89467 ns        89463 ns         7815
InversionCount/918       88437 ns        88432 ns         7904
InversionCount/919       89557 ns        89552 ns         7813
InversionCount/920       89794 ns        89788 ns         7851
InversionCount/921       90293 ns        90287 ns         7785
InversionCount/922       89694 ns        89689 ns         7755
InversionCount/923       90734 ns        90729 ns         7942
InversionCount/924       89175 ns        89171 ns         7668
InversionCount/925       90539 ns        90535 ns         7676
InversionCount/926       90750 ns        90744 ns         7825
InversionCount/927       91788 ns        91783 ns         7786
InversionCount/928       90566 ns        90561 ns         7745
InversionCount/929       91626 ns        91622 ns         7681
InversionCount/930       92167 ns        92160 ns         7658
InversionCount/931       90593 ns        90588 ns         7607
InversionCount/932       90831 ns        90825 ns         7712
InversionCount/933       91941 ns        91935 ns         7667
InversionCount/934       91356 ns        91349 ns         7400
InversionCount/935       91546 ns        91541 ns         7563
InversionCount/936       91436 ns        91431 ns         7562
InversionCount/937       90678 ns        90673 ns         7596
InversionCount/938       91939 ns        91935 ns         7660
InversionCount/939       91185 ns        91181 ns         7440
InversionCount/940       91456 ns        91450 ns         7620
InversionCount/941       92772 ns        92767 ns         7600
InversionCount/942       91771 ns        91766 ns         7524
InversionCount/943       90955 ns        90951 ns         7618
InversionCount/944       91939 ns        91931 ns         7556
InversionCount/945       93079 ns        93074 ns         7580
InversionCount/946       93293 ns        93287 ns         7512
InversionCount/947       93417 ns        93411 ns         7422
InversionCount/948       93750 ns        93745 ns         7563
InversionCount/949       93358 ns        93354 ns         7381
InversionCount/950       93495 ns        93490 ns         7394
InversionCount/951       92492 ns        92488 ns         7632
InversionCount/952       88924 ns        88919 ns         7492
InversionCount/953       93188 ns        93182 ns         7455
InversionCount/954       94346 ns        94341 ns         7489
InversionCount/955       93958 ns        93954 ns         7489
InversionCount/956       93215 ns        93211 ns         7407
InversionCount/957       95123 ns        95118 ns         7447
InversionCount/958       94528 ns        94523 ns         7573
InversionCount/959       94136 ns        94130 ns         7424
InversionCount/960       94308 ns        94304 ns         7275
InversionCount/961       93850 ns        93845 ns         7334
InversionCount/962       95226 ns        95221 ns         7436
InversionCount/963       94875 ns        94869 ns         7383
InversionCount/964       94327 ns        94322 ns         7402
InversionCount/965       95643 ns        95639 ns         7302
InversionCount/966       94332 ns        94328 ns         7269
InversionCount/967       95366 ns        95361 ns         7403
InversionCount/968       92465 ns        92460 ns         7220
InversionCount/969       95210 ns        95205 ns         7331
InversionCount/970       95457 ns        95451 ns         7381
InversionCount/971       94333 ns        94327 ns         7279
InversionCount/972       96639 ns        96634 ns         7320
InversionCount/973       96996 ns        96991 ns         7096
InversionCount/974       96081 ns        96075 ns         7227
InversionCount/975       95832 ns        95826 ns         7245
InversionCount/976       95866 ns        95861 ns         7242
InversionCount/977       97459 ns        97453 ns         7160
InversionCount/978       96791 ns        96787 ns         7055
InversionCount/979       96639 ns        96634 ns         7177
InversionCount/980       96557 ns        96552 ns         7237
InversionCount/981       95902 ns        95896 ns         7249
InversionCount/982       97114 ns        97109 ns         7227
InversionCount/983       96942 ns        96937 ns         7199
InversionCount/984       98116 ns        98113 ns         7104
InversionCount/985       97896 ns        97891 ns         7125
InversionCount/986       98048 ns        98042 ns         7067
InversionCount/987       98610 ns        98605 ns         7197
InversionCount/988       97695 ns        97690 ns         7176
InversionCount/989       98970 ns        98966 ns         7131
InversionCount/990       98041 ns        98035 ns         7088
InversionCount/991       97137 ns        97131 ns         7090
InversionCount/992       99125 ns        99120 ns         6979
InversionCount/993       98778 ns        98773 ns         7128
InversionCount/994       99249 ns        99242 ns         7115
InversionCount/995       98588 ns        98583 ns         7121
InversionCount/996       98716 ns        98711 ns         7045
InversionCount/997       97559 ns        97554 ns         7017
InversionCount/998       98502 ns        98497 ns         6911
InversionCount/999       99068 ns        99064 ns         7021
InversionCount/1000      99578 ns        99574 ns         7006
InversionCount/1001      99813 ns        99807 ns         7063
InversionCount/1002      99829 ns        99824 ns         7085
InversionCount/1003      99017 ns        99012 ns         7118
InversionCount/1004     100293 ns       100287 ns         6926
InversionCount/1005      99602 ns        99596 ns         7100
InversionCount/1006      99243 ns        99238 ns         6944
InversionCount/1007     101401 ns       101396 ns         6947
InversionCount/1008     100197 ns       100191 ns         6990
InversionCount/1009     101779 ns       101773 ns         6858
InversionCount/1010     100447 ns       100442 ns         7004
InversionCount/1011     100528 ns       100523 ns         6931
InversionCount/1012     101721 ns       101716 ns         6872
InversionCount/1013     100408 ns       100402 ns         6965
InversionCount/1014     100118 ns       100114 ns         6971
InversionCount/1015     101390 ns       101385 ns         6816
InversionCount/1016     101458 ns       101453 ns         6897
InversionCount/1017     101426 ns       101420 ns         6854
InversionCount/1018     101072 ns       101067 ns         6869
InversionCount/1019     102002 ns       101997 ns         6947
InversionCount/1020     102853 ns       102846 ns         6906
InversionCount/1021     103088 ns       103082 ns         6848
InversionCount/1022     101846 ns       101841 ns         6854
InversionCount/1023     102729 ns       102725 ns         6845
InversionCount/1024     101583 ns       101576 ns         6777
