------------------------------------------------------------------
Benchmark                        Time             CPU   Iterations
------------------------------------------------------------------
InversionCount/1              17.6 ns         17.6 ns     41437941
InversionCount/2              48.7 ns         48.7 ns     13615844
InversionCount/3              63.7 ns         63.7 ns      8489845
InversionCount/4              73.0 ns         73.0 ns      9188641
InversionCount/5               100 ns          100 ns      7965683
InversionCount/6               132 ns          132 ns      6535117
InversionCount/7               158 ns          158 ns      5194791
InversionCount/8               192 ns          192 ns      3980624
InversionCount/9               222 ns          222 ns      3394152
InversionCount/10              237 ns          237 ns      2968574
InversionCount/11              289 ns          289 ns      2430317
InversionCount/12              313 ns          312 ns      2158503
InversionCount/13              321 ns          321 ns      2160135
InversionCount/14              377 ns          377 ns      1818260
InversionCount/15              421 ns          421 ns      1554134
InversionCount/16              470 ns          470 ns      1342074
InversionCount/17              475 ns          475 ns      1515546
InversionCount/18              540 ns          540 ns      1260943
InversionCount/19              565 ns          565 ns      1189757
InversionCount/20              641 ns          641 ns      1065975
InversionCount/21              652 ns          652 ns      1039631
InversionCount/22              713 ns          713 ns       954334
InversionCount/23              767 ns          767 ns      1008612
InversionCount/24              716 ns          716 ns       907538
InversionCount/25              869 ns          869 ns       790885
InversionCount/26              939 ns          939 ns       807076
InversionCount/27              982 ns          982 ns       760407
InversionCount/28              993 ns          993 ns       644184
InversionCount/29             1130 ns         1130 ns       705108
InversionCount/30             1088 ns         1088 ns       614354
InversionCount/31             1168 ns         1168 ns       599935
InversionCount/32             1166 ns         1166 ns       603839
InversionCount/33             1302 ns         1302 ns       520630
InversionCount/34             1344 ns         1344 ns       556567
InversionCount/35             1112 ns         1112 ns       510733
InversionCount/36             1517 ns         1517 ns       487614
InversionCount/37             1480 ns         1480 ns       467620
InversionCount/38             1458 ns         1458 ns       466070
InversionCount/39             1570 ns         1570 ns       553522
InversionCount/40             1671 ns         1671 ns       432087
InversionCount/41             1720 ns         1720 ns       433012
InversionCount/42             1501 ns         1501 ns       403434
InversionCount/43             1830 ns         1830 ns       492477
InversionCount/44             1504 ns         1504 ns       359520
InversionCount/45             1888 ns         1888 ns       359195
InversionCount/46             2031 ns         2031 ns       353238
InversionCount/47             2082 ns         2082 ns       364918
InversionCount/48             2058 ns         2058 ns       320612
InversionCount/49             2265 ns         2265 ns       343395
InversionCount/50             2168 ns         2168 ns       329197
InversionCount/51             2181 ns         2181 ns       326478
InversionCount/52             2404 ns         2404 ns       299821
InversionCount/53             2427 ns         2427 ns       274958
InversionCount/54             2342 ns         2342 ns       287317
InversionCount/55             2790 ns         2789 ns       289060
InversionCount/56             2632 ns         2632 ns       346738
InversionCount/57             2697 ns         2697 ns       254177
InversionCount/58             2687 ns         2687 ns       269052
InversionCount/59             2705 ns         2705 ns       266270
InversionCount/60             2786 ns         2786 ns       257426
InversionCount/61             3030 ns         3029 ns       234820
InversionCount/62             2250 ns         2250 ns       310023
InversionCount/63             2956 ns         2956 ns       310349
InversionCount/64             3108 ns         3108 ns       221861
InversionCount/65             3239 ns         3239 ns       233303
InversionCount/66             2375 ns         2375 ns       225489
InversionCount/67             3367 ns         3367 ns       217435
InversionCount/68             3339 ns         3338 ns       211580
InversionCount/69             3435 ns         3435 ns       217338
InversionCount/70             3382 ns         3382 ns       197383
InversionCount/71             3502 ns         3502 ns       256940
InversionCount/72             3541 ns         3541 ns       196062
InversionCount/73             3373 ns         3373 ns       184716
InversionCount/74             3735 ns         3735 ns       263059
InversionCount/75             3456 ns         3456 ns       181281
InversionCount/76             4064 ns         4064 ns       243944
InversionCount/77             4012 ns         4011 ns       178584
InversionCount/78             4235 ns         4235 ns       173532
InversionCount/79             4292 ns         4292 ns       186593
InversionCount/80             3004 ns         3004 ns       170139
InversionCount/81             3828 ns         3828 ns       165729
InversionCount/82             4319 ns         4318 ns       157868
InversionCount/83             4397 ns         4397 ns       177013
InversionCount/84             4380 ns         4380 ns       160255
InversionCount/85             4654 ns         4654 ns       159648
InversionCount/86             4540 ns         4539 ns       158047
InversionCount/87             4592 ns         4591 ns       201980
InversionCount/88             4283 ns         4283 ns       192998
InversionCount/89             5020 ns         5020 ns       100000
InversionCount/90             4732 ns         4732 ns       146908
InversionCount/91             3713 ns         3713 ns       140553
InversionCount/92             4926 ns         4926 ns       147899
InversionCount/93             5051 ns         5051 ns       148577
InversionCount/94             5046 ns         5045 ns       142534
InversionCount/95             5143 ns         5143 ns       100000
InversionCount/96             5308 ns         5307 ns       100000
InversionCount/97             5029 ns         5028 ns       100000
InversionCount/98             4241 ns         4241 ns       134592
InversionCount/99             5254 ns         5254 ns       126574
InversionCount/100            5511 ns         5511 ns       128463
InversionCount/101            5318 ns         5317 ns       121220
InversionCount/102            5278 ns         5278 ns       126118
InversionCount/103            5681 ns         5681 ns       131985
InversionCount/104            5644 ns         5644 ns       114919
InversionCount/105            5516 ns         5516 ns       115790
InversionCount/106            5882 ns         5882 ns       116130
InversionCount/107            6015 ns         6014 ns       128720
InversionCount/108            4814 ns         4814 ns       112274
InversionCount/109            6246 ns         6245 ns       123715
InversionCount/110            4333 ns         4333 ns       119873
InversionCount/111            6154 ns         6153 ns       122687
InversionCount/112            6415 ns         6414 ns       124810
InversionCount/113            5144 ns         5143 ns       116363
InversionCount/114            6279 ns         6279 ns       134519
InversionCount/115            5264 ns         5264 ns       152819
InversionCount/116            6614 ns         6614 ns       103406
InversionCount/117            5279 ns         5278 ns       112909
InversionCount/118            4693 ns         4693 ns       108763
InversionCount/119            6757 ns         6756 ns       100000
InversionCount/120            6741 ns         6741 ns       131593
InversionCount/121            6944 ns         6943 ns       104812
InversionCount/122            7104 ns         7104 ns       106820
InversionCount/123            5050 ns         5049 ns        99528
InversionCount/124            7542 ns         7542 ns        99646
InversionCount/125            7241 ns         7241 ns       112652
InversionCount/126            7437 ns         7437 ns        97779
InversionCount/127            7307 ns         7307 ns        89443
InversionCount/128            7808 ns         7807 ns       134681
InversionCount/129            7678 ns         7677 ns       134319
InversionCount/130            7574 ns         7574 ns        95851
InversionCount/131            7727 ns         7727 ns       131083
InversionCount/132            7910 ns         7910 ns        84776
InversionCount/133            8162 ns         8162 ns        96462
InversionCount/134            8148 ns         8148 ns        91855
InversionCount/135            8104 ns         8104 ns       119439
InversionCount/136            7199 ns         7198 ns        81378
InversionCount/137            7983 ns         7982 ns       125496
InversionCount/138            8025 ns         8024 ns        89018
InversionCount/139            8236 ns         8236 ns        84587
InversionCount/140            8538 ns         8537 ns        83020
InversionCount/141            8437 ns         8437 ns        80779
InversionCount/142            8637 ns         8636 ns        82825
InversionCount/143            8425 ns         8425 ns        83485
InversionCount/144            9026 ns         9025 ns        87952
InversionCount/145            8651 ns         8651 ns        82026
InversionCount/146            8337 ns         8337 ns        87443
InversionCount/147            8963 ns         8963 ns       112345
InversionCount/148            8671 ns         8671 ns        74344
InversionCount/149            9154 ns         9154 ns        78724
InversionCount/150            9104 ns         9103 ns        79735
InversionCount/151            9351 ns         9350 ns        79486
InversionCount/152            9786 ns         9786 ns        69464
InversionCount/153            9577 ns         9576 ns        78698
InversionCount/154            9254 ns         9253 ns        72964
InversionCount/155            9578 ns         9578 ns        71829
InversionCount/156            9906 ns         9905 ns        68142
InversionCount/157            9416 ns         9416 ns        69321
InversionCount/158            9985 ns         9985 ns       104411
InversionCount/159            9964 ns         9963 ns        68235
InversionCount/160            9876 ns         9875 ns       101630
InversionCount/161           10235 ns        10235 ns        67880
InversionCount/162            8909 ns         8909 ns       102699
InversionCount/163           10630 ns        10630 ns        71691
InversionCount/164           10168 ns        10167 ns        65679
InversionCount/165           10299 ns        10297 ns        69858
InversionCount/166            7774 ns         7774 ns        68553
InversionCount/167           10780 ns        10779 ns        65790
InversionCount/168           10725 ns        10724 ns        71872
InversionCount/169           10466 ns        10466 ns        66336
InversionCount/170            7039 ns         7039 ns        71100
InversionCount/171            9492 ns         9492 ns        80942
InversionCount/172           11036 ns        11035 ns        64071
InversionCount/173            7186 ns         7185 ns        94643
InversionCount/174           10782 ns        10781 ns        68803
InversionCount/175           11146 ns        11146 ns        65616
InversionCount/176           11239 ns        11238 ns        60424
InversionCount/177           10735 ns        10734 ns        62001
InversionCount/178           11141 ns        11140 ns        66518
InversionCount/179           10525 ns        10524 ns        92078
InversionCount/180           11738 ns        11737 ns        67275
InversionCount/181           11576 ns        11576 ns        76589
InversionCount/182           11846 ns        11845 ns        60014
InversionCount/183           11685 ns        11685 ns        59681
InversionCount/184           12140 ns        12139 ns        67347
InversionCount/185           11862 ns        11861 ns        55899
InversionCount/186           11563 ns        11562 ns        53933
InversionCount/187           11258 ns        11258 ns        58882
InversionCount/188           11999 ns        11999 ns        64104
InversionCount/189           12183 ns        12183 ns        56918
InversionCount/190           12105 ns        12105 ns        57959
InversionCount/191           12221 ns        12220 ns        59088
InversionCount/192           12267 ns        12266 ns        54981
InversionCount/193           12927 ns        12926 ns        58076
InversionCount/194           12263 ns        12262 ns        59501
InversionCount/195           12519 ns        12519 ns        58594
InversionCount/196           12253 ns        12252 ns        56654
InversionCount/197           12984 ns        12983 ns        53542
InversionCount/198           12622 ns        12621 ns        57217
InversionCount/199           12751 ns        12750 ns        56575
InversionCount/200           12884 ns        12883 ns        56209
InversionCount/201           13510 ns        13510 ns        51886
InversionCount/202           13760 ns        13759 ns        66169
InversionCount/203           13226 ns        13226 ns        55122
InversionCount/204           13456 ns        13455 ns        51201
InversionCount/205           13680 ns        13679 ns        52283
InversionCount/206           13283 ns        13282 ns        52594
InversionCount/207           13458 ns        13458 ns        53422
InversionCount/208           13372 ns        13371 ns        51638
InversionCount/209           14017 ns        14017 ns        68261
InversionCount/210           13256 ns        13255 ns        74086
InversionCount/211           13652 ns        13651 ns        47721
InversionCount/212           13733 ns        13732 ns        49817
InversionCount/213           14273 ns        14273 ns        49103
InversionCount/214           14365 ns        14364 ns        51077
InversionCount/215           13705 ns        13705 ns        51056
InversionCount/216           13653 ns        13652 ns        49566
InversionCount/217           14204 ns        14204 ns        47775
InversionCount/218           14702 ns        14701 ns        47973
InversionCount/219           13781 ns        13780 ns        46143
InversionCount/220           15081 ns        15081 ns        48559
InversionCount/221           14600 ns        14599 ns        55442
InversionCount/222           14985 ns        14984 ns        52103
InversionCount/223           15004 ns        15003 ns        48852
InversionCount/224           15042 ns        15041 ns        46689
InversionCount/225           15243 ns        15242 ns        48475
InversionCount/226           14772 ns        14772 ns        48481
InversionCount/227           14886 ns        14885 ns        43652
InversionCount/228           15034 ns        15033 ns        45618
InversionCount/229           16107 ns        16106 ns        43008
InversionCount/230           15374 ns        15373 ns        46814
InversionCount/231           15637 ns        15636 ns        45701
InversionCount/232           15835 ns        15835 ns        42472
InversionCount/233           15699 ns        15698 ns        43764
InversionCount/234           14825 ns        14824 ns        44583
InversionCount/235           16095 ns        16094 ns        46665
InversionCount/236           16437 ns        16436 ns        45128
InversionCount/237           15847 ns        15846 ns        48720
InversionCount/238           16021 ns        16021 ns        42728
InversionCount/239           16720 ns        16719 ns        44835
InversionCount/240           16901 ns        16900 ns        45604
InversionCount/241           15522 ns        15522 ns        43876
InversionCount/242           16507 ns        16506 ns        43643
InversionCount/243           16531 ns        16529 ns        44085
InversionCount/244           16388 ns        16387 ns        42973
InversionCount/245           16814 ns        16813 ns        41142
InversionCount/246           16967 ns        16966 ns        56381
InversionCount/247           16885 ns        16884 ns        41750
InversionCount/248           16796 ns        16795 ns        41534
InversionCount/249           17641 ns        17640 ns        42009
InversionCount/250           17034 ns        17033 ns        43087
InversionCount/251           16776 ns        16775 ns        53728
InversionCount/252           17594 ns        17593 ns        41590
InversionCount/253           16805 ns        16804 ns        43339
InversionCount/254           17752 ns        17751 ns        42009
InversionCount/255           17818 ns        17816 ns        39743
InversionCount/256           18034 ns        18033 ns        39628
InversionCount/257           17798 ns        17797 ns        39927
InversionCount/258           18115 ns        18114 ns        42280
InversionCount/259           18139 ns        18138 ns        38660
InversionCount/260           17864 ns        17863 ns        42300
InversionCount/261           17723 ns        17722 ns        40445
InversionCount/262           18018 ns        18017 ns        36754
InversionCount/263           18167 ns        18166 ns        35889
InversionCount/264           18375 ns        18374 ns        40256
InversionCount/265           18220 ns        18219 ns        39057
InversionCount/266           18685 ns        18683 ns        38254
InversionCount/267           18890 ns        18888 ns        36913
InversionCount/268           19370 ns        19369 ns        37827
InversionCount/269           18986 ns        18985 ns        38878
InversionCount/270           18887 ns        18886 ns        48770
InversionCount/271           19400 ns        19399 ns        37160
InversionCount/272           19171 ns        19170 ns        36468
InversionCount/273           19278 ns        19277 ns        34358
InversionCount/274           18883 ns        18882 ns        36059
InversionCount/275           18930 ns        18929 ns        34849
InversionCount/276           19064 ns        19063 ns        35937
InversionCount/277           19536 ns        19535 ns        38210
InversionCount/278           19841 ns        19840 ns        34520
InversionCount/279           18473 ns        18472 ns        36883
InversionCount/280           15723 ns        15722 ns        34959
InversionCount/281           19174 ns        19173 ns        36405
InversionCount/282           20205 ns        20204 ns        37233
InversionCount/283           15563 ns        15563 ns        35158
InversionCount/284           19500 ns        19499 ns        44881
InversionCount/285           20000 ns        19998 ns        34569
InversionCount/286           20786 ns        20785 ns        33217
InversionCount/287           19981 ns        19979 ns        34872
InversionCount/288           20379 ns        20377 ns        36266
InversionCount/289           20674 ns        20673 ns        33509
InversionCount/290           20478 ns        20477 ns        35254
InversionCount/291           20771 ns        20770 ns        33363
InversionCount/292           20044 ns        20043 ns        33898
InversionCount/293           21189 ns        21188 ns        35014
InversionCount/294           20512 ns        20511 ns        33213
InversionCount/295           21107 ns        21105 ns        33219
InversionCount/296           21510 ns        21509 ns        32118
InversionCount/297           21104 ns        21103 ns        33080
InversionCount/298           22146 ns        22145 ns        33066
InversionCount/299           21527 ns        21525 ns        34576
InversionCount/300           20347 ns        20346 ns        32709
InversionCount/301           21464 ns        21463 ns        33735
InversionCount/302           21859 ns        21858 ns        30276
InversionCount/303           21961 ns        21960 ns        31873
InversionCount/304           21593 ns        21591 ns        34357
InversionCount/305           21212 ns        21211 ns        33467
InversionCount/306           22647 ns        22646 ns        31916
InversionCount/307           22443 ns        22441 ns        30467
InversionCount/308           21280 ns        21279 ns        31443
InversionCount/309           22492 ns        22491 ns        31699
InversionCount/310           23251 ns        23250 ns        31237
InversionCount/311           22344 ns        22343 ns        30448
InversionCount/312           22422 ns        22421 ns        31271
InversionCount/313           22940 ns        22938 ns        30723
InversionCount/314           22852 ns        22851 ns        30851
InversionCount/315           22764 ns        22763 ns        29901
InversionCount/316           23429 ns        23428 ns        29626
InversionCount/317           22910 ns        22909 ns        29253
InversionCount/318           23636 ns        23635 ns        29353
InversionCount/319           23592 ns        23591 ns        30833
InversionCount/320           23269 ns        23267 ns        29714
InversionCount/321           23404 ns        23403 ns        30007
InversionCount/322           23976 ns        23975 ns        30572
InversionCount/323           23861 ns        23859 ns        30958
InversionCount/324           24301 ns        24299 ns        29895
InversionCount/325           23645 ns        23644 ns        28237
InversionCount/326           24443 ns        24441 ns        29603
InversionCount/327           24094 ns        24094 ns        29052
InversionCount/328           24221 ns        24220 ns        30462
InversionCount/329           24861 ns        24861 ns        29455
InversionCount/330           24710 ns        24710 ns        42633
InversionCount/331           23876 ns        23876 ns        29355
InversionCount/332           24296 ns        24296 ns        29182
InversionCount/333           23664 ns        23664 ns        27708
InversionCount/334           24516 ns        24516 ns        29161
InversionCount/335           24698 ns        24698 ns        27722
InversionCount/336           25014 ns        25014 ns        28064
InversionCount/337           25373 ns        25373 ns        27798
InversionCount/338           25075 ns        25075 ns        27230
InversionCount/339           25121 ns        25121 ns        27817
InversionCount/340           25216 ns        25216 ns        27115
InversionCount/341           26053 ns        26053 ns        28064
InversionCount/342           24972 ns        24972 ns        26971
InversionCount/343           25480 ns        25480 ns        28375
InversionCount/344           25851 ns        25851 ns        27013
InversionCount/345           25885 ns        25885 ns        27305
InversionCount/346           25605 ns        25605 ns        27329
InversionCount/347           25820 ns        25820 ns        26883
InversionCount/348           26107 ns        26107 ns        26505
InversionCount/349           26520 ns        26520 ns        26624
InversionCount/350           25962 ns        25962 ns        27324
InversionCount/351           25097 ns        25097 ns        27270
InversionCount/352           26701 ns        26701 ns        26976
InversionCount/353           27116 ns        27116 ns        26919
InversionCount/354           27340 ns        27340 ns        27350
InversionCount/355           27485 ns        27485 ns        26552
InversionCount/356           27603 ns        27603 ns        25474
InversionCount/357           27017 ns        27017 ns        26562
InversionCount/358           27830 ns        27830 ns        26565
InversionCount/359           27596 ns        27596 ns        35879
InversionCount/360           27052 ns        27052 ns        25127
InversionCount/361           27394 ns        27394 ns        24878
InversionCount/362           28227 ns        28227 ns        24446
InversionCount/363           27641 ns        27641 ns        25264
InversionCount/364           28002 ns        28002 ns        25201
InversionCount/365           27227 ns        27227 ns        26023
InversionCount/366           27986 ns        27986 ns        25679
InversionCount/367           28383 ns        28383 ns        28734
InversionCount/368           28208 ns        28208 ns        25631
InversionCount/369           28313 ns        28313 ns        24544
InversionCount/370           28896 ns        28896 ns        24704
InversionCount/371           28673 ns        28673 ns        24122
InversionCount/372           28138 ns        28138 ns        24589
InversionCount/373           29508 ns        29508 ns        23746
InversionCount/374           28444 ns        28444 ns        25184
InversionCount/375           29178 ns        29178 ns        23251
InversionCount/376           29606 ns        29606 ns        23701
InversionCount/377           29706 ns        29706 ns        23404
InversionCount/378           29287 ns        29287 ns        24993
InversionCount/379           28952 ns        28952 ns        23168
InversionCount/380           29703 ns        29703 ns        23706
InversionCount/381           29122 ns        29123 ns        24861
InversionCount/382           29304 ns        29304 ns        24603
InversionCount/383           29867 ns        29867 ns        23139
InversionCount/384           29740 ns        29740 ns        23464
InversionCount/385           30435 ns        30435 ns        23196
InversionCount/386           30049 ns        30049 ns        26692
InversionCount/387           30305 ns        30305 ns        23391
InversionCount/388           30212 ns        30212 ns        22200
InversionCount/389           29242 ns        29242 ns        23369
InversionCount/390           30840 ns        30840 ns        22702
InversionCount/391           30282 ns        30282 ns        23445
InversionCount/392           31285 ns        31285 ns        23479
InversionCount/393           31260 ns        31260 ns        22220
InversionCount/394           30224 ns        30224 ns        22718
InversionCount/395           30802 ns        30802 ns        21898
InversionCount/396           31465 ns        31465 ns        22854
InversionCount/397           31742 ns        31742 ns        21785
InversionCount/398           32189 ns        32189 ns        23052
InversionCount/399           31913 ns        31913 ns        21911
InversionCount/400           32142 ns        32142 ns        22594
InversionCount/401           31726 ns        31726 ns        21899
InversionCount/402           31809 ns        31809 ns        21996
InversionCount/403           32222 ns        32222 ns        21646
InversionCount/404           32599 ns        32599 ns        21014
InversionCount/405           32564 ns        32564 ns        22003
InversionCount/406           33303 ns        33304 ns        21124
InversionCount/407           32847 ns        32847 ns        21288
InversionCount/408           32196 ns        32196 ns        21731
InversionCount/409           32562 ns        32562 ns        21953
InversionCount/410           32434 ns        32434 ns        21696
InversionCount/411           32200 ns        32200 ns        21513
InversionCount/412           32484 ns        32484 ns        20940
InversionCount/413           32977 ns        32977 ns        21357
InversionCount/414           32917 ns        32917 ns        21956
InversionCount/415           29517 ns        29517 ns        20669
InversionCount/416           33137 ns        33137 ns        20949
InversionCount/417           25535 ns        25535 ns        20733
InversionCount/418           34416 ns        34416 ns        20363
InversionCount/419           33847 ns        33847 ns        21476
InversionCount/420           34321 ns        34321 ns        21217
InversionCount/421           43004 ns        43004 ns        17597
InversionCount/422           50887 ns        50887 ns        10000
InversionCount/423           33390 ns        33390 ns        19213
InversionCount/424           42163 ns        42163 ns        17418
InversionCount/425           34082 ns        34083 ns        19228
InversionCount/426           35461 ns        35461 ns        19524
InversionCount/427           35247 ns        35247 ns        20615
InversionCount/428           35397 ns        35397 ns        19812
InversionCount/429           37920 ns        37920 ns        18052
InversionCount/430           36846 ns        36847 ns        18332
InversionCount/431           35766 ns        35766 ns        19763
InversionCount/432           34358 ns        34358 ns        19685
InversionCount/433           34389 ns        34389 ns        20039
InversionCount/434           34414 ns        34414 ns        19516
InversionCount/435           36370 ns        36370 ns        19132
InversionCount/436           35183 ns        35183 ns        19350
InversionCount/437           35803 ns        35803 ns        20046
InversionCount/438           36671 ns        36671 ns        19515
InversionCount/439           36475 ns        36475 ns        19836
InversionCount/440           36207 ns        36207 ns        19822
InversionCount/441           36216 ns        36216 ns        19901
InversionCount/442           35687 ns        35687 ns        18985
InversionCount/443           36025 ns        36025 ns        20095
InversionCount/444           36358 ns        36358 ns        19197
InversionCount/445           36410 ns        36410 ns        19499
InversionCount/446           36937 ns        36937 ns        18657
InversionCount/447           37307 ns        37307 ns        19132
InversionCount/448           37085 ns        37085 ns        19332
InversionCount/449           37077 ns        37078 ns        19330
InversionCount/450           37528 ns        37529 ns        19475
InversionCount/451           37293 ns        37293 ns        19313
InversionCount/452           36848 ns        36848 ns        18250
InversionCount/453           38378 ns        38378 ns        19192
InversionCount/454           37278 ns        37278 ns        18730
InversionCount/455           36187 ns        36187 ns        18784
InversionCount/456           37850 ns        37850 ns        18515
InversionCount/457           38595 ns        38595 ns        18234
InversionCount/458           38549 ns        38549 ns        18067
InversionCount/459           38232 ns        38232 ns        18032
InversionCount/460           38077 ns        38077 ns        19187
InversionCount/461           38779 ns        38779 ns        18360
InversionCount/462           39603 ns        39603 ns        18570
InversionCount/463           38565 ns        38565 ns        17994
InversionCount/464           30039 ns        30039 ns        18129
InversionCount/465           39401 ns        39401 ns        18246
InversionCount/466           38657 ns        38657 ns        17998
InversionCount/467           31225 ns        31225 ns        17905
InversionCount/468           39090 ns        39090 ns        17769
InversionCount/469           38914 ns        38914 ns        17915
InversionCount/470           39365 ns        39365 ns        17883
InversionCount/471           39205 ns        39205 ns        17866
InversionCount/472           39839 ns        39839 ns        17832
InversionCount/473           36945 ns        36945 ns        17520
InversionCount/474           40084 ns        40084 ns        17676
InversionCount/475           39909 ns        39909 ns        17556
InversionCount/476           40163 ns        40163 ns        17102
InversionCount/477           40456 ns        40456 ns        17458
InversionCount/478           39790 ns        39790 ns        17132
InversionCount/479           40527 ns        40527 ns        17674
InversionCount/480           40742 ns        40742 ns        17041
InversionCount/481           40973 ns        40973 ns        17756
InversionCount/482           40296 ns        40296 ns        17924
InversionCount/483           41203 ns        41203 ns        17528
InversionCount/484           40930 ns        40930 ns        16764
InversionCount/485           41235 ns        41235 ns        17105
InversionCount/486           41414 ns        41414 ns        16973
InversionCount/487           41061 ns        41061 ns        17148
InversionCount/488           40644 ns        40644 ns        16954
InversionCount/489           42215 ns        42215 ns        16813
InversionCount/490           41598 ns        41598 ns        16769
InversionCount/491           41891 ns        41891 ns        16887
InversionCount/492           41867 ns        41867 ns        16610
InversionCount/493           41129 ns        41129 ns        17525
InversionCount/494           42340 ns        42341 ns        16740
InversionCount/495           41733 ns        41733 ns        16742
InversionCount/496           42440 ns        42440 ns        16779
InversionCount/497           42105 ns        42105 ns        16640
InversionCount/498           42613 ns        42613 ns        16713
InversionCount/499           40600 ns        40600 ns        20590
InversionCount/500           42600 ns        42601 ns        16113
InversionCount/501           43440 ns        43440 ns        16270
InversionCount/502           43314 ns        43314 ns        16013
InversionCount/503           42886 ns        42886 ns        16377
InversionCount/504           43286 ns        43287 ns        16440
InversionCount/505           41350 ns        41350 ns        16204
InversionCount/506           42767 ns        42767 ns        15956
InversionCount/507           42459 ns        42459 ns        15800
InversionCount/508           43259 ns        43259 ns        16134
InversionCount/509           42697 ns        42697 ns        16151
InversionCount/510           43508 ns        43508 ns        15704
InversionCount/511           43560 ns        43560 ns        15943
InversionCount/512           44017 ns        44017 ns        15842
InversionCount/1024         106199 ns       106199 ns         6576
InversionCount/1536         171254 ns       171252 ns         4088
InversionCount/2048         240659 ns       240657 ns         2911
InversionCount/2560         317641 ns       317637 ns         2201
InversionCount/3072         396319 ns       396316 ns         1795
InversionCount/3584         470785 ns       470786 ns         1473
InversionCount/4096         569725 ns       569721 ns         1244
InversionCount/4608         651914 ns       651908 ns         1057
InversionCount/5120         757567 ns       757562 ns          913
InversionCount/5632         857232 ns       857234 ns          819
InversionCount/6144         957600 ns       957601 ns          726
InversionCount/6656        1069534 ns      1069526 ns          656
InversionCount/7168        1180972 ns      1180964 ns          590
InversionCount/7680        1294705 ns      1294696 ns          534
InversionCount/8192        1413219 ns      1413209 ns          489
InversionCount/8704        1521787 ns      1521789 ns          452
InversionCount/9216        1658705 ns      1658708 ns          424
InversionCount/9728        1775772 ns      1775776 ns          395
InversionCount/10240       1893551 ns      1893539 ns          368
InversionCount/10752       2022034 ns      2022022 ns          346
InversionCount/11264       2144658 ns      2144647 ns          326
InversionCount/11776       2288255 ns      2288242 ns          307
InversionCount/12288       2411195 ns      2411167 ns          291
InversionCount/12800       2538067 ns      2538048 ns          275
InversionCount/13312       2662487 ns      2662467 ns          263
InversionCount/13824       2798532 ns      2798508 ns          250
InversionCount/14336       2931054 ns      2931036 ns          239
InversionCount/14848       3064382 ns      3064358 ns          229
InversionCount/15360       3209861 ns      3209836 ns          219
InversionCount/15872       3333031 ns      3333012 ns          210
InversionCount/16384       3476096 ns      3476103 ns          202
InversionCount/16896       3603607 ns      3603615 ns          194
InversionCount/17408       3744926 ns      3744932 ns          187
InversionCount/17920       3889927 ns      3889896 ns          180
InversionCount/18432       4026106 ns      4026077 ns          174
InversionCount/18944       4164198 ns      4164170 ns          168
InversionCount/19456       4306016 ns      4305989 ns          163
InversionCount/19968       4442811 ns      4442818 ns          158
InversionCount/20480       4578658 ns      4578620 ns          153
InversionCount/20992       4719697 ns      4719658 ns          149
InversionCount/21504       4855681 ns      4855648 ns          144
InversionCount/22016       5004655 ns      5004617 ns          139
InversionCount/22528       5154933 ns      5154946 ns          135
InversionCount/23040       5296547 ns      5296556 ns          131
InversionCount/23552       5471764 ns      5471712 ns          128
InversionCount/24064       5574185 ns      5574144 ns          124
InversionCount/24576       5714012 ns      5714023 ns          120
InversionCount/25088       5867218 ns      5867227 ns          119
InversionCount/25600       6012834 ns      6012792 ns          117
InversionCount/26112       6157045 ns      6156990 ns          113
InversionCount/26624       6330675 ns      6330623 ns          110
InversionCount/27136       6461477 ns      6461492 ns          106
InversionCount/27648       6624845 ns      6624797 ns          106
InversionCount/28160       6773258 ns      6773203 ns          103
InversionCount/28672       6903208 ns      6903095 ns          101
InversionCount/29184       7120178 ns      7120193 ns           98
InversionCount/29696       7226362 ns      7226369 ns           96
InversionCount/30208       7403421 ns      7403355 ns           95
InversionCount/30720       7503918 ns      7503869 ns           93
InversionCount/31232       7671288 ns      7671211 ns           90
InversionCount/31744       7817652 ns      7817651 ns           89
InversionCount/32256       8021148 ns      8021089 ns           86
InversionCount/32768       8114916 ns      8114840 ns           86
InversionCount/33280       8270670 ns      8270607 ns           82
InversionCount/33792       8413894 ns      8413912 ns           82
InversionCount/34304       8604605 ns      8604617 ns           81
InversionCount/34816       8740243 ns      8740165 ns           80
InversionCount/35328       8891382 ns      8891306 ns           78
InversionCount/35840       9055169 ns      9055109 ns           77
InversionCount/36352       9187489 ns      9187498 ns           76
InversionCount/36864       9345584 ns      9345596 ns           74
InversionCount/37376       9513710 ns      9513629 ns           73
InversionCount/37888       9662436 ns      9662355 ns           72
InversionCount/38400       9843359 ns      9843282 ns           71
InversionCount/38912       9973813 ns      9973826 ns           70
InversionCount/39424      10175172 ns     10175213 ns           69
InversionCount/39936      10299675 ns     10299580 ns           68
InversionCount/40448      10485755 ns     10485683 ns           66
InversionCount/40960      10604864 ns     10604773 ns           66
InversionCount/41472      10772064 ns     10771968 ns           64
InversionCount/41984      10921584 ns     10921634 ns           64
InversionCount/42496      11105481 ns     11105496 ns           62
InversionCount/43008      11282027 ns     11281934 ns           62
InversionCount/43520      11407484 ns     11407409 ns           61
InversionCount/44032      11620162 ns     11620061 ns           60
InversionCount/44544      11729210 ns     11729108 ns           59
InversionCount/45056      11928129 ns     11928145 ns           59
InversionCount/45568      12093797 ns     12093687 ns           58
InversionCount/46080      12210529 ns     12210425 ns           58
InversionCount/46592      12450039 ns     12449945 ns           56
InversionCount/47104      12606875 ns     12606790 ns           56
InversionCount/47616      12708895 ns     12708784 ns           55
InversionCount/48128      12915352 ns     12915371 ns           54
InversionCount/48640      13083011 ns     13083035 ns           54
InversionCount/49152      13327247 ns     13327139 ns           53
InversionCount/49664      13373834 ns     13373718 ns           53
InversionCount/50176      13592310 ns     13592227 ns           51
InversionCount/50688      13715388 ns     13715258 ns           51
InversionCount/51200      13932178 ns     13932046 ns           50
InversionCount/51712      14116906 ns     14116921 ns           50
InversionCount/52224      14197429 ns     14197449 ns           49
InversionCount/52736      14410396 ns     14410286 ns           48
InversionCount/53248      14577162 ns     14577034 ns           48
InversionCount/53760      14821404 ns     14821276 ns           47
InversionCount/54272      14933028 ns     14932900 ns           47
InversionCount/54784      15081378 ns     15081258 ns           46
InversionCount/55296      15263426 ns     15263320 ns           46
InversionCount/55808      15464817 ns     15464845 ns           46
InversionCount/56320      15692724 ns     15692762 ns           45
InversionCount/56832      15776261 ns     15775855 ns           44
InversionCount/57344      16015525 ns     16015369 ns           44
InversionCount/57856      16251814 ns     16251675 ns           43
InversionCount/58368      16318814 ns     16318553 ns           43
InversionCount/58880      16601390 ns     16601252 ns           42
InversionCount/59392      16831607 ns     16831486 ns           42
InversionCount/59904      17113910 ns     17113738 ns           41
InversionCount/60416      17265205 ns     17265276 ns           41
InversionCount/60928      17585610 ns     17585631 ns           40
InversionCount/61440      17715951 ns     17715977 ns           39
InversionCount/61952      17914469 ns     17914287 ns           39
InversionCount/62464      18032897 ns     18032732 ns           39
InversionCount/62976      18293364 ns     18293193 ns           39
InversionCount/63488      18487741 ns     18487541 ns           37
InversionCount/64000      18423126 ns     18422973 ns           38
InversionCount/64512      18639927 ns     18639769 ns           37
InversionCount/65535      19212658 ns     19212527 ns           36
InversionCount/65536      19256600 ns     19256433 ns           37
InversionCount/131072     59761246 ns     59761259 ns           13
InversionCount/262144    179017060 ns    179014953 ns            5
InversionCount/524288    430625100 ns    430621764 ns            2
InversionCount/1048576   939417300 ns    939408383 ns            1
InversionCount/2097152  2243501800 ns   2243485941 ns            1
InversionCount/4194304  5240541900 ns   5240498652 ns            1
InversionCount/8388608  11993950700 ns   11989072057 ns            1
InversionCount/16777216 27601545800 ns   27594004774 ns            1
InversionCount/33554432 61847288800 ns   61828077611 ns            1
--------------------------------------------------------------
Benchmark                    Time             CPU   Iterations
--------------------------------------------------------------
InversionCount/512       43662 ns        43662 ns        15980
InversionCount/513       42910 ns        42910 ns        15884
InversionCount/514       43532 ns        43532 ns        15656
InversionCount/515       44216 ns        44216 ns        15757
InversionCount/516       42067 ns        42068 ns        15759
InversionCount/517       43309 ns        43309 ns        15861
InversionCount/518       44098 ns        44098 ns        15647
InversionCount/519       44163 ns        44163 ns        15717
InversionCount/520       44348 ns        44348 ns        16923
InversionCount/521       44206 ns        44206 ns        15416
InversionCount/522       45636 ns        45636 ns        15683
InversionCount/523       44932 ns        44932 ns        16851
InversionCount/524       44693 ns        44693 ns        15985
InversionCount/525       45657 ns        45657 ns        15683
InversionCount/526       45984 ns        45984 ns        15841
InversionCount/527       45568 ns        45568 ns        15190
InversionCount/528       45160 ns        45160 ns        15698
InversionCount/529       45397 ns        45397 ns        18726
InversionCount/530       45946 ns        45946 ns        15241
InversionCount/531       45809 ns        45809 ns        15151
InversionCount/532       45412 ns        45412 ns        14985
InversionCount/533       45551 ns        45551 ns        15348
InversionCount/534       45839 ns        45839 ns        15096
InversionCount/535       45911 ns        45911 ns        15273
InversionCount/536       46946 ns        46946 ns        14732
InversionCount/537       42153 ns        42153 ns        14984
InversionCount/538       46829 ns        46829 ns        14988
InversionCount/539       46995 ns        46995 ns        14754
InversionCount/540       46409 ns        46409 ns        15491
InversionCount/541       46985 ns        46985 ns        14710
InversionCount/542       46885 ns        46885 ns        14945
InversionCount/543       46538 ns        46538 ns        15256
InversionCount/544       46628 ns        46628 ns        14751
InversionCount/545       47317 ns        47317 ns        15035
InversionCount/546       47789 ns        47789 ns        14745
InversionCount/547       46881 ns        46881 ns        13859
InversionCount/548       47244 ns        47244 ns        14685
InversionCount/549       46559 ns        46559 ns        14360
InversionCount/550       47217 ns        47217 ns        14280
InversionCount/551       48115 ns        48115 ns        14997
InversionCount/552       49118 ns        49118 ns        14495
InversionCount/553       48385 ns        48385 ns        14868
InversionCount/554       48220 ns        48221 ns        14563
InversionCount/555       48671 ns        48671 ns        14503
InversionCount/556       48662 ns        48662 ns        14347
InversionCount/557       48355 ns        48355 ns        14366
InversionCount/558       48669 ns        48669 ns        13753
InversionCount/559       49253 ns        49253 ns        14312
InversionCount/560       48848 ns        48848 ns        14239
InversionCount/561       49053 ns        49053 ns        17183
InversionCount/562       49988 ns        49988 ns        13835
InversionCount/563       49690 ns        49690 ns        14116
InversionCount/564       49065 ns        49066 ns        14233
InversionCount/565       48132 ns        48132 ns        13854
InversionCount/566       49418 ns        49418 ns        13475
InversionCount/567       47395 ns        47395 ns        14098
InversionCount/568       50052 ns        50053 ns        10000
InversionCount/569       51020 ns        51021 ns        13547
InversionCount/570       50813 ns        50813 ns        13879
InversionCount/571       50415 ns        50414 ns        14069
InversionCount/572       51070 ns        51070 ns        10000
InversionCount/573       51210 ns        51210 ns        10000
InversionCount/574       50770 ns        50770 ns        10000
InversionCount/575       50258 ns        50258 ns        13757
InversionCount/576       51051 ns        51051 ns        10000
InversionCount/577       51227 ns        51227 ns        13812
InversionCount/578       51657 ns        51657 ns        13517
InversionCount/579       52063 ns        52064 ns        14331
InversionCount/580       51024 ns        51024 ns        13289
InversionCount/581       50151 ns        50151 ns        13023
InversionCount/582       52025 ns        52026 ns        13420
InversionCount/583       50969 ns        50969 ns        13177
InversionCount/584       52115 ns        52115 ns        13059
InversionCount/585       51515 ns        51515 ns        13966
InversionCount/586       52887 ns        52888 ns        13899
InversionCount/587       53083 ns        53083 ns        13026
InversionCount/588       52024 ns        52024 ns        13345
InversionCount/589       53037 ns        53037 ns        12747
InversionCount/590       52035 ns        52035 ns        13429
InversionCount/591       52815 ns        52815 ns        13134
InversionCount/592       52374 ns        52373 ns        13430
InversionCount/593       52800 ns        52800 ns        13621
InversionCount/594       53870 ns        53870 ns        13589
InversionCount/595       52950 ns        52950 ns        12929
InversionCount/596       53509 ns        53509 ns        13310
InversionCount/597       52753 ns        52753 ns        13016
InversionCount/598       53657 ns        53658 ns        10000
InversionCount/599       53452 ns        53452 ns        13078
InversionCount/600       53500 ns        53500 ns        12835
InversionCount/601       54380 ns        54380 ns        13116
InversionCount/602       53619 ns        53619 ns        13440
InversionCount/603       54439 ns        54439 ns        13560
InversionCount/604       54338 ns        54338 ns        13944
InversionCount/605       51277 ns        51277 ns        12845
InversionCount/606       55111 ns        55111 ns        12998
InversionCount/607       54815 ns        54816 ns        13194
InversionCount/608       54359 ns        54359 ns        12426
InversionCount/609       54463 ns        54463 ns        13116
InversionCount/610       55085 ns        55085 ns        13008
InversionCount/611       55310 ns        55310 ns        12552
InversionCount/612       55068 ns        55067 ns        12797
InversionCount/613       55521 ns        55521 ns        12911
InversionCount/614       55520 ns        55520 ns        12366
InversionCount/615       55182 ns        55182 ns        12286
InversionCount/616       54889 ns        54890 ns        12822
InversionCount/617       51778 ns        51779 ns        12824
InversionCount/618       56114 ns        56114 ns        12855
InversionCount/619       55945 ns        55945 ns        13069
InversionCount/620       56409 ns        56409 ns        12506
InversionCount/621       56775 ns        56775 ns        12737
InversionCount/622       55982 ns        55982 ns        13053
InversionCount/623       56319 ns        56319 ns        12712
InversionCount/624       56147 ns        56147 ns        12472
InversionCount/625       55783 ns        55783 ns        12785
InversionCount/626       57222 ns        57222 ns        12344
InversionCount/627       57300 ns        57300 ns        13331
InversionCount/628       56226 ns        56226 ns        12101
InversionCount/629       57864 ns        57865 ns        12424
InversionCount/630       56997 ns        56997 ns        12293
InversionCount/631       57582 ns        57582 ns        12042
InversionCount/632       56986 ns        56986 ns        12356
InversionCount/633       57336 ns        57336 ns        12257
InversionCount/634       58340 ns        58340 ns        12204
InversionCount/635       57074 ns        57074 ns        12406
InversionCount/636       58209 ns        58209 ns        11846
InversionCount/637       57156 ns        57157 ns        13774
InversionCount/638       61875 ns        61876 ns        12042
InversionCount/639       74982 ns        74982 ns        10348
InversionCount/640       57681 ns        57681 ns        12762
InversionCount/641       57574 ns        57575 ns        11963
InversionCount/642       58697 ns        58697 ns        12009
InversionCount/643       57645 ns        57645 ns        11684
InversionCount/644       59260 ns        59260 ns        11700
InversionCount/645       58847 ns        58847 ns        11997
InversionCount/646       59324 ns        59324 ns        11829
InversionCount/647       58156 ns        58156 ns        11789
InversionCount/648       58765 ns        58765 ns        11848
InversionCount/649       60088 ns        60088 ns        11862
InversionCount/650       59276 ns        59276 ns        11761
InversionCount/651       59464 ns        59464 ns        11766
InversionCount/652       60335 ns        60334 ns        11086
InversionCount/653       59436 ns        59437 ns        11822
InversionCount/654       59788 ns        59788 ns        11744
InversionCount/655       60178 ns        60178 ns        11380
InversionCount/656       60659 ns        60659 ns        11777
InversionCount/657       59716 ns        59716 ns        11356
InversionCount/658       60963 ns        60964 ns        11668
InversionCount/659       59959 ns        59959 ns        11458
InversionCount/660       61391 ns        61391 ns        11838
InversionCount/661       60896 ns        60897 ns        11347
InversionCount/662       60065 ns        60065 ns        11681
InversionCount/663       60942 ns        60942 ns        11112
InversionCount/664       61817 ns        61817 ns        11723
InversionCount/665       62174 ns        62175 ns        11417
InversionCount/666       61619 ns        61619 ns        11305
InversionCount/667       62338 ns        62338 ns        11416
InversionCount/668       60981 ns        60982 ns        11626
InversionCount/669       61874 ns        61874 ns        11016
InversionCount/670       63110 ns        63110 ns        11103
InversionCount/671       62063 ns        62063 ns        11422
InversionCount/672       62328 ns        62328 ns        10805
InversionCount/673       63079 ns        63079 ns        11410
InversionCount/674       63086 ns        63086 ns        11520
InversionCount/675       62581 ns        62582 ns        11370
InversionCount/676       62722 ns        62722 ns        11145
InversionCount/677       62345 ns        62345 ns        11400
InversionCount/678       61878 ns        61878 ns        11432
InversionCount/679       62252 ns        62253 ns        10934
InversionCount/680       63405 ns        63405 ns        11188
InversionCount/681       61400 ns        61400 ns        11234
InversionCount/682       63012 ns        63013 ns        11252
InversionCount/683       61825 ns        61825 ns        11336
InversionCount/684       63900 ns        63900 ns        11077
InversionCount/685       63161 ns        63161 ns        10942
InversionCount/686       63459 ns        63459 ns        10888
InversionCount/687       64012 ns        64012 ns        11309
InversionCount/688       63925 ns        63925 ns        10767
InversionCount/689       63708 ns        63708 ns        10794
InversionCount/690       63178 ns        63178 ns        10949
InversionCount/691       64617 ns        64617 ns        10922
InversionCount/692       62824 ns        62824 ns        10796
InversionCount/693       64798 ns        64798 ns        10917
InversionCount/694       57836 ns        57836 ns        10946
InversionCount/695       65627 ns        65627 ns        10935
InversionCount/696       65519 ns        65519 ns        10793
InversionCount/697       65374 ns        65374 ns        10865
InversionCount/698       63472 ns        63472 ns        10895
InversionCount/699       64865 ns        64865 ns        10901
InversionCount/700       65815 ns        65815 ns        10990
InversionCount/701       65817 ns        65818 ns        10357
InversionCount/702       65400 ns        65400 ns        10477
InversionCount/703       66220 ns        66220 ns        10470
InversionCount/704       66084 ns        66084 ns        10504
InversionCount/705       66709 ns        66709 ns        11006
InversionCount/706       65165 ns        65165 ns        10353
InversionCount/707       66278 ns        66278 ns        10575
InversionCount/708       65405 ns        65405 ns        10627
InversionCount/709       66360 ns        66361 ns        10579
InversionCount/710       66600 ns        66600 ns        10283
InversionCount/711       66027 ns        66027 ns        10149
InversionCount/712       66490 ns        66490 ns        10487
InversionCount/713       66699 ns        66699 ns        10732
InversionCount/714       66682 ns        66682 ns        10660
InversionCount/715       66912 ns        66912 ns        10417
InversionCount/716       67823 ns        67824 ns        10498
InversionCount/717       66469 ns        66469 ns        10508
InversionCount/718       68369 ns        68369 ns        10120
InversionCount/719       67300 ns        67300 ns        10192
InversionCount/720       67638 ns        67638 ns        10323
InversionCount/721       68411 ns        68411 ns        10365
InversionCount/722       68444 ns        68444 ns         9950
InversionCount/723       67865 ns        67865 ns        10420
InversionCount/724       68932 ns        68932 ns        10022
InversionCount/725       69032 ns        69032 ns        10036
InversionCount/726       69030 ns        69030 ns        10170
InversionCount/727       68256 ns        68256 ns        10167
InversionCount/728       68882 ns        68882 ns        10171
InversionCount/729       68657 ns        68658 ns         9992
InversionCount/730       69374 ns        69375 ns        10063
InversionCount/731       69358 ns        69358 ns        10154
InversionCount/732       69346 ns        69346 ns        10011
InversionCount/733       69886 ns        69886 ns        10069
InversionCount/734       70366 ns        70366 ns        10440
InversionCount/735       69474 ns        69474 ns        10063
InversionCount/736       69530 ns        69530 ns        10154
InversionCount/737       70325 ns        70326 ns         9892
InversionCount/738       69059 ns        69059 ns         9883
InversionCount/739       70171 ns        70171 ns         9968
InversionCount/740       70521 ns        70521 ns        10055
InversionCount/741       70294 ns        70294 ns         9718
InversionCount/742       70510 ns        70510 ns        10768
InversionCount/743       69637 ns        69638 ns         9917
InversionCount/744       71254 ns        71254 ns         9734
InversionCount/745       71295 ns        71295 ns         9817
InversionCount/746       71737 ns        71737 ns         9955
InversionCount/747       70584 ns        70584 ns         9541
InversionCount/748       70996 ns        70996 ns         9515
InversionCount/749       71335 ns        71335 ns         9796
InversionCount/750       70600 ns        70600 ns         9703
InversionCount/751       70913 ns        70913 ns         9901
InversionCount/752       71550 ns        71550 ns         9652
InversionCount/753       72114 ns        72115 ns         9625
InversionCount/754       72215 ns        72216 ns         9574
InversionCount/755       72225 ns        72225 ns         9801
InversionCount/756       72772 ns        72772 ns         9734
InversionCount/757       72639 ns        72639 ns        10454
InversionCount/758       72222 ns        72222 ns         9846
InversionCount/759       73366 ns        73366 ns         9722
InversionCount/760       72751 ns        72751 ns         9227
InversionCount/761       73308 ns        73308 ns         9558
InversionCount/762       72665 ns        72665 ns         9635
InversionCount/763       73055 ns        73055 ns         9589
InversionCount/764       72641 ns        72641 ns         9480
InversionCount/765       73113 ns        73114 ns         9407
InversionCount/766       74183 ns        74183 ns         9697
InversionCount/767       74006 ns        74006 ns         9576
InversionCount/768       73212 ns        73212 ns         9392
InversionCount/769       73615 ns        73616 ns         9348
InversionCount/770       74080 ns        74081 ns         9563
InversionCount/771       73563 ns        73563 ns         9421
InversionCount/772       74358 ns        74358 ns         9497
InversionCount/773       73457 ns        73457 ns         9372
InversionCount/774       74681 ns        74681 ns         9311
InversionCount/775       74841 ns        74841 ns         9356
InversionCount/776       68984 ns        68984 ns         9180
InversionCount/777       75750 ns        75750 ns         9412
InversionCount/778       74706 ns        74706 ns         9409
InversionCount/779       75268 ns        75268 ns         9294
InversionCount/780       75514 ns        75514 ns         9261
InversionCount/781       75742 ns        75743 ns         9981
InversionCount/782       75174 ns        75174 ns         9327
InversionCount/783       75163 ns        75163 ns         9104
InversionCount/784       75621 ns        75621 ns         9914
InversionCount/785       74951 ns        74951 ns         9049
InversionCount/786       75638 ns        75638 ns         9210
InversionCount/787       77072 ns        77073 ns         9208
InversionCount/788       75402 ns        75402 ns         9250
InversionCount/789       76313 ns        76313 ns         9206
InversionCount/790       77229 ns        77229 ns         9121
InversionCount/791       76071 ns        76071 ns         9065
InversionCount/792       76991 ns        76992 ns         9421
InversionCount/793       76977 ns        76977 ns         9037
InversionCount/794       77224 ns        77224 ns         8936
InversionCount/795       76990 ns        76990 ns         9007
InversionCount/796       71857 ns        71857 ns         8885
InversionCount/797       77479 ns        77477 ns         9267
InversionCount/798       77455 ns        77454 ns         9007
InversionCount/799       76708 ns        76708 ns         9051
InversionCount/800       76818 ns        76818 ns         9102
InversionCount/801       77708 ns        77708 ns         8925
InversionCount/802       78277 ns        78277 ns         8844
InversionCount/803       78707 ns        78707 ns         9055
InversionCount/804       77635 ns        77635 ns         8870
InversionCount/805       78043 ns        78043 ns         8932
InversionCount/806       78709 ns        78709 ns         9020
InversionCount/807       78669 ns        78669 ns         9066
InversionCount/808       78935 ns        78935 ns         8847
InversionCount/809       78852 ns        78853 ns         8824
InversionCount/810       78848 ns        78848 ns         8740
InversionCount/811       78285 ns        78286 ns         8788
InversionCount/812       78577 ns        78577 ns         8789
InversionCount/813       79897 ns        79897 ns         8568
InversionCount/814       80053 ns        80053 ns         8636
InversionCount/815       78792 ns        78792 ns         8671
InversionCount/816       80234 ns        80234 ns         8783
InversionCount/817       80277 ns        80278 ns         8765
InversionCount/818       80279 ns        80279 ns         8799
InversionCount/819       79955 ns        79955 ns         8753
InversionCount/820       80259 ns        80259 ns         8588
InversionCount/821       80021 ns        80021 ns         8855
InversionCount/822       80383 ns        80383 ns         8637
InversionCount/823       81063 ns        81063 ns         8478
InversionCount/824       80095 ns        80095 ns         8589
InversionCount/825       81176 ns        81176 ns         8791
InversionCount/826       79440 ns        79440 ns         8675
InversionCount/827       80396 ns        80396 ns         8683
InversionCount/828       81264 ns        81264 ns         8736
InversionCount/829       82260 ns        82260 ns         8577
InversionCount/830       81113 ns        81114 ns         8418
InversionCount/831       81284 ns        81284 ns         8535
InversionCount/832       80699 ns        80699 ns         8628
InversionCount/833       82574 ns        82574 ns         8618
InversionCount/834       81935 ns        81935 ns         8494
InversionCount/835       81527 ns        81528 ns         8559
InversionCount/836       82592 ns        82592 ns         8556
InversionCount/837       82319 ns        82319 ns         8470
InversionCount/838       82050 ns        82050 ns         8512
InversionCount/839       83358 ns        83359 ns         8534
InversionCount/840       82844 ns        82844 ns         8293
InversionCount/841       82717 ns        82717 ns         8416
InversionCount/842       82886 ns        82887 ns         8554
InversionCount/843       83879 ns        83880 ns         8379
InversionCount/844       83284 ns        83284 ns         8371
InversionCount/845       83276 ns        83276 ns         8479
InversionCount/846       81930 ns        81930 ns         8407
InversionCount/847       83229 ns        83229 ns         8314
InversionCount/848       82940 ns        82940 ns         8282
InversionCount/849       84185 ns        84184 ns         8722
InversionCount/850       83708 ns        83708 ns         8409
InversionCount/851       83624 ns        83624 ns         8376
InversionCount/852       83864 ns        83864 ns         8194
InversionCount/853       84260 ns        84260 ns         8334
InversionCount/854       83617 ns        83617 ns         8373
InversionCount/855       83654 ns        83654 ns         8101
InversionCount/856       83802 ns        83802 ns         8260
InversionCount/857       84974 ns        84974 ns         8276
InversionCount/858       84844 ns        84844 ns         8249
InversionCount/859       85633 ns        85633 ns         8210
InversionCount/860       84898 ns        84898 ns         8073
InversionCount/861       86348 ns        86348 ns         8129
InversionCount/862       85840 ns        85840 ns         8113
InversionCount/863       85505 ns        85505 ns         8082
InversionCount/864       85517 ns        85517 ns         8080
InversionCount/865       86430 ns        86430 ns         8026
InversionCount/866       86035 ns        86035 ns         8008
InversionCount/867       85724 ns        85724 ns         8033
InversionCount/868       86221 ns        86221 ns         8084
InversionCount/869       86529 ns        86529 ns         8060
InversionCount/870       87017 ns        87017 ns         8042
InversionCount/871       87016 ns        87016 ns         7973
InversionCount/872       85496 ns        85496 ns         8056
InversionCount/873       86913 ns        86913 ns         8326
InversionCount/874       86690 ns        86690 ns         7929
InversionCount/875       87135 ns        87135 ns         8040
InversionCount/876       87422 ns        87422 ns         8102
InversionCount/877       87141 ns        87141 ns         8004
InversionCount/878       86619 ns        86619 ns         7932
InversionCount/879       87381 ns        87382 ns         7970
InversionCount/880       87572 ns        87572 ns         7969
InversionCount/881       89177 ns        89177 ns         7967
InversionCount/882       88681 ns        88682 ns         7934
InversionCount/883       87924 ns        87924 ns         7881
InversionCount/884       88050 ns        88050 ns         7919
InversionCount/885       88568 ns        88568 ns         7928
InversionCount/886       89086 ns        89086 ns         7840
InversionCount/887       87849 ns        87849 ns         8136
InversionCount/888       89440 ns        89440 ns         7832
InversionCount/889       89499 ns        89499 ns         7764
InversionCount/890       89716 ns        89716 ns         7815
InversionCount/891       89990 ns        89990 ns         7848
InversionCount/892       89955 ns        89956 ns         7673
InversionCount/893       90363 ns        90363 ns         7756
InversionCount/894       89570 ns        89570 ns         7765
InversionCount/895       89019 ns        89019 ns         7704
InversionCount/896       90093 ns        90093 ns         7787
InversionCount/897       89987 ns        89987 ns         7669
InversionCount/898       90959 ns        90959 ns         7694
InversionCount/899       89662 ns        89662 ns         7712
InversionCount/900       90879 ns        90879 ns         7686
InversionCount/901       90212 ns        90212 ns         8022
InversionCount/902       90957 ns        90957 ns         7730
InversionCount/903       90549 ns        90550 ns         7664
InversionCount/904       90703 ns        90703 ns         7745
InversionCount/905       90704 ns        90704 ns         7820
InversionCount/906       91091 ns        91091 ns         7622
InversionCount/907       90543 ns        90542 ns         7757
InversionCount/908       91385 ns        91385 ns         7731
InversionCount/909       91475 ns        91475 ns         7684
InversionCount/910       91315 ns        91315 ns         7688
InversionCount/911       91884 ns        91884 ns         7739
InversionCount/912       91600 ns        91600 ns         7637
InversionCount/913       92397 ns        92397 ns         7679
InversionCount/914       92066 ns        92066 ns         7574
InversionCount/915       92716 ns        92716 ns         7632
InversionCount/916       91716 ns        91716 ns         7704
InversionCount/917       92841 ns        92841 ns         7576
InversionCount/918       92264 ns        92264 ns         7598
InversionCount/919       92156 ns        92156 ns         7526
InversionCount/920       92428 ns        92428 ns         7494
InversionCount/921       93175 ns        93175 ns         7527
InversionCount/922       92260 ns        92260 ns         7533
InversionCount/923       93186 ns        93186 ns         7418
InversionCount/924       93117 ns        93117 ns         7419
InversionCount/925       93830 ns        93830 ns         7375
InversionCount/926       93524 ns        93523 ns         7405
InversionCount/927       93089 ns        93089 ns         7519
InversionCount/928       93370 ns        93370 ns         7396
InversionCount/929       94013 ns        94013 ns         7406
InversionCount/930       92947 ns        92947 ns         7474
InversionCount/931       93706 ns        93706 ns         7395
InversionCount/932       94353 ns        94353 ns         7402
InversionCount/933       94790 ns        94790 ns         7422
InversionCount/934       95637 ns        95638 ns         7341
InversionCount/935       94899 ns        94899 ns         7381
InversionCount/936       95122 ns        95122 ns         7362
InversionCount/937       94606 ns        94607 ns         7345
InversionCount/938       94467 ns        94467 ns         7347
InversionCount/939       94847 ns        94847 ns         7308
InversionCount/940       95602 ns        95602 ns         7306
InversionCount/941       94159 ns        94159 ns         7270
InversionCount/942       94842 ns        94842 ns         7292
InversionCount/943       95309 ns        95309 ns         7300
InversionCount/944       96547 ns        96547 ns         7284
InversionCount/945       95741 ns        95740 ns         7290
InversionCount/946       95481 ns        95482 ns         7187
InversionCount/947       97234 ns        97234 ns         7139
InversionCount/948       97171 ns        97172 ns         7207
InversionCount/949       96951 ns        96951 ns         7236
InversionCount/950       95979 ns        95980 ns         7187
InversionCount/951       97719 ns        97719 ns         7156
InversionCount/952       97341 ns        97342 ns         7225
InversionCount/953       97496 ns        97497 ns         7197
InversionCount/954       97076 ns        97076 ns         7163
InversionCount/955       97794 ns        97794 ns         7140
InversionCount/956       98143 ns        98143 ns         7175
InversionCount/957       98727 ns        98723 ns         7143
InversionCount/958       98375 ns        98375 ns         7052
InversionCount/959       99037 ns        99037 ns         7079
InversionCount/960       98179 ns        98180 ns         7062
InversionCount/961       98961 ns        98961 ns         7039
InversionCount/962       99261 ns        99261 ns         7067
InversionCount/963       99069 ns        99069 ns         7024
InversionCount/964      100212 ns       100212 ns         7241
InversionCount/965       99423 ns        99424 ns         7078
InversionCount/966       98561 ns        98561 ns         7022
InversionCount/967       99637 ns        99637 ns         6987
InversionCount/968      100402 ns       100403 ns         7017
InversionCount/969       99919 ns        99919 ns         7024
InversionCount/970       98848 ns        98849 ns         6978
InversionCount/971      100282 ns       100282 ns         6941
InversionCount/972      100437 ns       100437 ns         6898
InversionCount/973      101048 ns       101048 ns         6954
InversionCount/974      100787 ns       100787 ns         6965
InversionCount/975      100615 ns       100615 ns         6968
InversionCount/976      101310 ns       101310 ns         6896
InversionCount/977      100798 ns       100798 ns         6913
InversionCount/978      101156 ns       101157 ns         6897
InversionCount/979      101058 ns       101058 ns         6722
InversionCount/980      100962 ns       100962 ns         6903
InversionCount/981      101393 ns       101393 ns         6893
InversionCount/982      102498 ns       102498 ns         6899
InversionCount/983      101559 ns       101559 ns         6744
InversionCount/984      101626 ns       101626 ns         6845
InversionCount/985      101991 ns       101992 ns         6855
InversionCount/986      101675 ns       101676 ns         6826
InversionCount/987      103317 ns       103317 ns         6764
InversionCount/988      102946 ns       102946 ns         6868
InversionCount/989      103512 ns       103512 ns         6732
InversionCount/990      103098 ns       103098 ns         6765
InversionCount/991      103025 ns       103025 ns         6814
InversionCount/992      103467 ns       103467 ns         6794
InversionCount/993      103453 ns       103453 ns         6774
InversionCount/994      103811 ns       103811 ns         6690
InversionCount/995      104071 ns       104071 ns         6641
InversionCount/996      103162 ns       103162 ns         6766
InversionCount/997      103657 ns       103657 ns         6628
InversionCount/998      104069 ns       104069 ns         6713
InversionCount/999      102620 ns       102621 ns         6699
InversionCount/1000     103492 ns       103492 ns         6720
InversionCount/1001     103933 ns       103933 ns         6733
InversionCount/1002     104153 ns       104152 ns         6760
InversionCount/1003     104916 ns       104916 ns         6635
InversionCount/1004     102479 ns       102479 ns         6616
InversionCount/1005     104795 ns       104795 ns         6637
InversionCount/1006     105731 ns       105732 ns         6623
InversionCount/1007     105263 ns       105263 ns         6569
InversionCount/1008     105471 ns       105472 ns         6693
InversionCount/1009     106066 ns       106066 ns         6546
InversionCount/1010     105511 ns       105511 ns         6564
InversionCount/1011     106442 ns       106442 ns         6568
InversionCount/1012     106031 ns       106032 ns         6548
InversionCount/1013     105140 ns       105140 ns         6570
InversionCount/1014     106607 ns       106607 ns         6568
InversionCount/1015     106065 ns       106065 ns         6605
InversionCount/1016     105828 ns       105829 ns         6509
InversionCount/1017     106130 ns       106130 ns         6548
InversionCount/1018     106854 ns       106854 ns         6509
InversionCount/1019     106929 ns       106929 ns         6530
InversionCount/1020     106582 ns       106582 ns         6513
InversionCount/1021     106873 ns       106873 ns         6507
InversionCount/1022     106512 ns       106512 ns         6476
InversionCount/1023     107042 ns       107042 ns         6569
InversionCount/1024     107081 ns       107081 ns         6488
