------------------------------------------------------------------
Benchmark                        Time             CPU   Iterations
------------------------------------------------------------------
InversionCount/1              24.7 ns         24.7 ns     42114232
InversionCount/2              27.1 ns         27.1 ns     25248323
InversionCount/3              29.9 ns         29.9 ns     22515278
InversionCount/4              23.0 ns         23.0 ns     29548584
InversionCount/5              25.4 ns         25.4 ns     21650493
InversionCount/6              26.6 ns         26.6 ns     26273072
InversionCount/7              28.7 ns         28.7 ns     24367273
InversionCount/8              34.1 ns         34.1 ns     20054221
InversionCount/9              36.3 ns         36.3 ns     18932078
InversionCount/10             38.4 ns         38.4 ns     18091891
InversionCount/11             42.0 ns         42.0 ns     17418116
InversionCount/12             49.1 ns         49.1 ns     15747340
InversionCount/13             46.2 ns         46.2 ns     15267306
InversionCount/14             51.0 ns         51.0 ns     13500181
InversionCount/15             51.3 ns         51.3 ns     13566687
InversionCount/16             71.5 ns         71.5 ns     10164769
InversionCount/17             70.9 ns         70.9 ns     10109802
InversionCount/18             74.8 ns         74.8 ns      9076491
InversionCount/19             92.4 ns         92.4 ns      7428958
InversionCount/20             74.7 ns         74.7 ns      9524969
InversionCount/21             77.4 ns         77.4 ns      8592151
InversionCount/22             81.7 ns         81.7 ns      8205325
InversionCount/23             85.0 ns         85.0 ns      7932641
InversionCount/24              110 ns          110 ns      6345586
InversionCount/25              110 ns          110 ns      6955161
InversionCount/26              103 ns          103 ns      6731822
InversionCount/27              112 ns          112 ns      6746565
InversionCount/28              120 ns          120 ns      5934046
InversionCount/29              127 ns          127 ns      5237780
InversionCount/30              132 ns          132 ns      5352920
InversionCount/31              142 ns          142 ns      5063628
InversionCount/32              130 ns          130 ns      5209770
InversionCount/33              180 ns          180 ns      4196355
InversionCount/34              173 ns          173 ns      3898569
InversionCount/35              176 ns          176 ns      4074880
InversionCount/36              186 ns          186 ns      3773595
InversionCount/37              194 ns          194 ns      3903982
InversionCount/38              183 ns          183 ns      3730979
InversionCount/39              189 ns          189 ns      3647283
InversionCount/40              216 ns          216 ns      3305543
InversionCount/41              193 ns          193 ns      3600797
InversionCount/42              211 ns          211 ns      3313777
InversionCount/43              212 ns          212 ns      3178314
InversionCount/44              216 ns          216 ns      2869329
InversionCount/45              222 ns          222 ns      2997065
InversionCount/46              252 ns          252 ns      2876734
InversionCount/47              235 ns          235 ns      2820706
InversionCount/48              274 ns          274 ns      2632168
InversionCount/49              293 ns          293 ns      2424505
InversionCount/50              277 ns          277 ns      2489387
InversionCount/51              290 ns          290 ns      2457589
InversionCount/52              335 ns          335 ns      2333301
InversionCount/53              295 ns          295 ns      2317210
InversionCount/54              299 ns          299 ns      2286621
InversionCount/55              305 ns          305 ns      2340099
InversionCount/56              316 ns          316 ns      2195051
InversionCount/57              328 ns          328 ns      2161430
InversionCount/58              337 ns          337 ns      2099100
InversionCount/59              349 ns          349 ns      2152698
InversionCount/60              346 ns          346 ns      1921193
InversionCount/61              331 ns          331 ns      2014841
InversionCount/62              350 ns          350 ns      1965851
InversionCount/63              374 ns          374 ns      1821706
InversionCount/64              440 ns          440 ns      1420697
InversionCount/65              421 ns          421 ns      1579275
InversionCount/66              415 ns          415 ns      1649362
InversionCount/67              500 ns          500 ns      1471110
InversionCount/68              295 ns          295 ns      2394865
InversionCount/69              505 ns          505 ns      1000000
InversionCount/70              425 ns          425 ns      1521247
InversionCount/71              508 ns          508 ns      1000000
InversionCount/72              446 ns          446 ns      1561848
InversionCount/73              481 ns          481 ns      1543114
InversionCount/74              311 ns          311 ns      2261145
InversionCount/75              503 ns          503 ns      1000000
InversionCount/76              566 ns          566 ns      1000000
InversionCount/77              328 ns          328 ns      2164440
InversionCount/78              560 ns          560 ns      1286094
InversionCount/79              493 ns          493 ns      1479529
InversionCount/80              601 ns          601 ns      1079434
InversionCount/81              524 ns          524 ns      1396631
InversionCount/82              511 ns          511 ns      1000000
InversionCount/83              542 ns          542 ns      1314434
InversionCount/84              561 ns          561 ns      1210692
InversionCount/85              564 ns          564 ns      1261233
InversionCount/86              579 ns          579 ns      1237021
InversionCount/87              538 ns          538 ns      1263236
InversionCount/88              585 ns          585 ns      1115318
InversionCount/89              652 ns          652 ns      1074077
InversionCount/90              572 ns          572 ns      1319388
InversionCount/91              584 ns          584 ns      1243878
InversionCount/92              699 ns          699 ns      1195139
InversionCount/93              688 ns          688 ns      1134369
InversionCount/94              700 ns          700 ns      1285520
InversionCount/95              738 ns          738 ns      1084694
InversionCount/96              436 ns          436 ns      1622943
InversionCount/97              730 ns          730 ns       882394
InversionCount/98              441 ns          441 ns      1626537
InversionCount/99              741 ns          741 ns       907243
InversionCount/100             676 ns          676 ns      1087930
InversionCount/101             449 ns          449 ns      1498399
InversionCount/102             802 ns          802 ns       792819
InversionCount/103             733 ns          733 ns      1000021
InversionCount/104             448 ns          448 ns      1556068
InversionCount/105             666 ns          666 ns      1089401
InversionCount/106             706 ns          706 ns       953036
InversionCount/107             822 ns          822 ns       903599
InversionCount/108             490 ns          490 ns      1447243
InversionCount/109             795 ns          795 ns       884282
InversionCount/110             729 ns          729 ns       874862
InversionCount/111             807 ns          807 ns       838055
InversionCount/112             486 ns          486 ns      1439167
InversionCount/113             711 ns          711 ns      1034237
InversionCount/114             893 ns          893 ns       839245
InversionCount/115             509 ns          509 ns      1337550
InversionCount/116             863 ns          863 ns       860267
InversionCount/117             861 ns          861 ns       921844
InversionCount/118             921 ns          921 ns       750705
InversionCount/119             845 ns          845 ns       852294
InversionCount/120             916 ns          916 ns       799745
InversionCount/121             943 ns          943 ns       833405
InversionCount/122             780 ns          780 ns       982759
InversionCount/123             904 ns          904 ns       811534
InversionCount/124             990 ns          990 ns       843386
InversionCount/125             954 ns          954 ns       754329
InversionCount/126             867 ns          867 ns       759537
InversionCount/127            1008 ns         1008 ns       711459
InversionCount/128            1123 ns         1123 ns       696924
InversionCount/129            1159 ns         1159 ns       555952
InversionCount/130            1101 ns         1101 ns       640066
InversionCount/131            1112 ns         1112 ns       635901
InversionCount/132            1127 ns         1127 ns       636384
InversionCount/133            1103 ns         1103 ns       621204
InversionCount/134            1158 ns         1158 ns       644592
InversionCount/135             681 ns          681 ns      1007603
InversionCount/136            1159 ns         1159 ns       607172
InversionCount/137            1100 ns         1100 ns       642561
InversionCount/138            1132 ns         1132 ns       604118
InversionCount/139            1115 ns         1115 ns       652549
InversionCount/140            1046 ns         1046 ns       778145
InversionCount/141            1109 ns         1109 ns       699763
InversionCount/142            1022 ns         1022 ns       599566
InversionCount/143            1247 ns         1247 ns       653545
InversionCount/144            1260 ns         1260 ns       600555
InversionCount/145            1281 ns         1281 ns       698546
InversionCount/146            1289 ns         1289 ns       582429
InversionCount/147            1260 ns         1260 ns       566477
InversionCount/148            1085 ns         1085 ns       678415
InversionCount/149            1216 ns         1216 ns       601686
InversionCount/150            1361 ns         1361 ns       559101
InversionCount/151            1382 ns         1382 ns       557064
InversionCount/152            1346 ns         1346 ns       526258
InversionCount/153            1384 ns         1384 ns       539630
InversionCount/154            1296 ns         1296 ns       570024
InversionCount/155            1482 ns         1482 ns       544528
InversionCount/156            1342 ns         1342 ns       534045
InversionCount/157            1424 ns         1424 ns       476495
InversionCount/158            1254 ns         1254 ns       591039
InversionCount/159            1508 ns         1508 ns       497182
InversionCount/160            1298 ns         1298 ns       536511
InversionCount/161            1433 ns         1433 ns       500907
InversionCount/162            1516 ns         1516 ns       446693
InversionCount/163            1466 ns         1466 ns       486500
InversionCount/164            1556 ns         1556 ns       469874
InversionCount/165            1556 ns         1556 ns       562732
InversionCount/166             846 ns          846 ns       835457
InversionCount/167            1230 ns         1230 ns       544123
InversionCount/168            1474 ns         1474 ns       595083
InversionCount/169            1438 ns         1438 ns       436915
InversionCount/170            1551 ns         1551 ns       429722
InversionCount/171            1262 ns         1262 ns       496738
InversionCount/172            1557 ns         1557 ns       474876
InversionCount/173             849 ns          849 ns       834149
InversionCount/174            1648 ns         1648 ns       464743
InversionCount/175            1332 ns         1332 ns       514400
InversionCount/176            1521 ns         1521 ns       426570
InversionCount/177            1536 ns         1536 ns       473674
InversionCount/178            1735 ns         1735 ns       459484
InversionCount/179            1442 ns         1442 ns       509456
InversionCount/180            1639 ns         1639 ns       479737
InversionCount/181             887 ns          887 ns       795447
InversionCount/182            1703 ns         1703 ns       429726
InversionCount/183            1716 ns         1716 ns       389970
InversionCount/184            1538 ns         1538 ns       470654
InversionCount/185            1693 ns         1693 ns       410174
InversionCount/186            1129 ns         1129 ns       626563
InversionCount/187            1683 ns         1683 ns       391727
InversionCount/188            1168 ns         1168 ns       609316
InversionCount/189            1738 ns         1738 ns       402695
InversionCount/190            1761 ns         1761 ns       393792
InversionCount/191            1868 ns         1868 ns       424978
InversionCount/192            1766 ns         1766 ns       418954
InversionCount/193            1789 ns         1789 ns       377176
InversionCount/194            1718 ns         1718 ns       381545
InversionCount/195            1805 ns         1805 ns       383725
InversionCount/196            1644 ns         1644 ns       373982
InversionCount/197            1816 ns         1816 ns       398510
InversionCount/198            1607 ns         1607 ns       453030
InversionCount/199            1803 ns         1803 ns       403368
InversionCount/200            1689 ns         1689 ns       430785
InversionCount/201            1666 ns         1666 ns       440787
InversionCount/202            1831 ns         1831 ns       406776
InversionCount/203            1773 ns         1773 ns       388978
InversionCount/204            1816 ns         1816 ns       397267
InversionCount/205            1879 ns         1879 ns       369234
InversionCount/206            1787 ns         1787 ns       419811
InversionCount/207            1902 ns         1902 ns       387526
InversionCount/208            1757 ns         1757 ns       401018
InversionCount/209            1700 ns         1700 ns       429572
InversionCount/210            1910 ns         1910 ns       366979
InversionCount/211            1984 ns         1984 ns       345247
InversionCount/212            1992 ns         1992 ns       339044
InversionCount/213            2002 ns         2002 ns       370860
InversionCount/214            1701 ns         1701 ns       386500
InversionCount/215            1903 ns         1903 ns       349686
InversionCount/216            2004 ns         2004 ns       363001
InversionCount/217            1483 ns         1483 ns       468955
InversionCount/218            1963 ns         1963 ns       352529
InversionCount/219            1947 ns         1947 ns       360607
InversionCount/220            1968 ns         1968 ns       324267
InversionCount/221            2079 ns         2079 ns       343556
InversionCount/222            1980 ns         1980 ns       343817
InversionCount/223            2067 ns         2067 ns       308483
InversionCount/224            2044 ns         2044 ns       327771
InversionCount/225            2171 ns         2171 ns       361525
InversionCount/226            2034 ns         2034 ns       335912
InversionCount/227            2054 ns         2054 ns       341826
InversionCount/228            2148 ns         2148 ns       331531
InversionCount/229            2027 ns         2027 ns       351890
InversionCount/230            2150 ns         2150 ns       356204
InversionCount/231            2056 ns         2056 ns       352865
InversionCount/232            2296 ns         2296 ns       315282
InversionCount/233            1934 ns         1934 ns       356629
InversionCount/234            2184 ns         2184 ns       311595
InversionCount/235            1832 ns         1832 ns       361266
InversionCount/236            1935 ns         1935 ns       367249
InversionCount/237            2219 ns         2219 ns       327190
InversionCount/238            1211 ns         1212 ns       577221
InversionCount/239            2031 ns         2031 ns       325093
InversionCount/240            2288 ns         2288 ns       309075
InversionCount/241            2118 ns         2118 ns       358826
InversionCount/242            2142 ns         2142 ns       359203
InversionCount/243            1930 ns         1930 ns       355383
InversionCount/244            1927 ns         1927 ns       351909
InversionCount/245            2238 ns         2238 ns       316338
InversionCount/246            2288 ns         2288 ns       310100
InversionCount/247            2265 ns         2265 ns       337018
InversionCount/248            2257 ns         2257 ns       326660
InversionCount/249            1913 ns         1913 ns       424429
InversionCount/250            1410 ns         1410 ns       489918
InversionCount/251            1797 ns         1797 ns       388551
InversionCount/252            2338 ns         2338 ns       302457
InversionCount/253            2361 ns         2361 ns       289283
InversionCount/254            2202 ns         2202 ns       308960
InversionCount/255            2268 ns         2268 ns       301792
InversionCount/256            1909 ns         1909 ns       373846
InversionCount/257            2625 ns         2625 ns       266496
InversionCount/258            2873 ns         2873 ns       255901
InversionCount/259            2743 ns         2743 ns       255788
InversionCount/260            2782 ns         2782 ns       249264
InversionCount/261            2754 ns         2754 ns       253132
InversionCount/262            2694 ns         2694 ns       263525
InversionCount/263            2698 ns         2698 ns       268928
InversionCount/264            2891 ns         2891 ns       259038
InversionCount/265            2798 ns         2798 ns       247982
InversionCount/266            2718 ns         2718 ns       250819
InversionCount/267            2745 ns         2745 ns       252768
InversionCount/268            2642 ns         2642 ns       266331
InversionCount/269            2559 ns         2559 ns       251481
InversionCount/270            2842 ns         2842 ns       248569
InversionCount/271            2704 ns         2704 ns       266099
InversionCount/272            2847 ns         2847 ns       237915
InversionCount/273            1897 ns         1897 ns       376500
InversionCount/274            2931 ns         2931 ns       246142
InversionCount/275            2789 ns         2789 ns       253040
InversionCount/276            1609 ns         1609 ns       429031
InversionCount/277            2829 ns         2829 ns       253450
InversionCount/278            2875 ns         2875 ns       251365
InversionCount/279            1850 ns         1850 ns       381538
InversionCount/280            2569 ns         2569 ns       274557
InversionCount/281            1646 ns         1646 ns       421517
InversionCount/282            2882 ns         2882 ns       249987
InversionCount/283            2921 ns         2921 ns       245050
InversionCount/284            2843 ns         2843 ns       249123
InversionCount/285            2987 ns         2987 ns       248152
InversionCount/286            1615 ns         1615 ns       431685
InversionCount/287            2985 ns         2985 ns       257932
InversionCount/288            3101 ns         3101 ns       242317
InversionCount/289            1984 ns         1985 ns       352508
InversionCount/290            3088 ns         3088 ns       242730
InversionCount/291            3049 ns         3049 ns       249203
InversionCount/292            1688 ns         1688 ns       414864
InversionCount/293            2886 ns         2886 ns       242813
InversionCount/294            3105 ns         3105 ns       239148
InversionCount/295            1960 ns         1960 ns       353257
InversionCount/296            2821 ns         2821 ns       261480
InversionCount/297            1747 ns         1747 ns       399364
InversionCount/298            3228 ns         3228 ns       218202
InversionCount/299            3104 ns         3104 ns       233089
InversionCount/300            3131 ns         3131 ns       242389
InversionCount/301            3074 ns         3074 ns       231158
InversionCount/302            1729 ns         1729 ns       405464
InversionCount/303            3067 ns         3067 ns       237579
InversionCount/304            2855 ns         2855 ns       244731
InversionCount/305            1801 ns         1801 ns       391957
InversionCount/306            3216 ns         3216 ns       216278
InversionCount/307            3148 ns         3148 ns       237865
InversionCount/308            3336 ns         3336 ns       211521
InversionCount/309            3124 ns         3124 ns       212434
InversionCount/310            1737 ns         1737 ns       399059
InversionCount/311            3147 ns         3147 ns       207085
InversionCount/312            3318 ns         3318 ns       216667
InversionCount/313            3399 ns         3399 ns       242309
InversionCount/314            1825 ns         1825 ns       376559
InversionCount/315            3258 ns         3258 ns       217061
InversionCount/316            2235 ns         2235 ns       310165
InversionCount/317            3078 ns         3078 ns       241571
InversionCount/318            3426 ns         3426 ns       215400
InversionCount/319            3197 ns         3197 ns       202127
InversionCount/320            3228 ns         3228 ns       199827
InversionCount/321            3081 ns         3081 ns       251001
InversionCount/322            2543 ns         2543 ns       211123
InversionCount/323            3150 ns         3150 ns       323809
InversionCount/324            3207 ns         3207 ns       231545
InversionCount/325            3248 ns         3248 ns       204949
InversionCount/326            3455 ns         3455 ns       205911
InversionCount/327            3438 ns         3438 ns       202197
InversionCount/328            1884 ns         1884 ns       372904
InversionCount/329            2977 ns         2977 ns       222327
InversionCount/330            3451 ns         3451 ns       216485
InversionCount/331            2304 ns         2304 ns       293486
InversionCount/332            2948 ns         2948 ns       227478
InversionCount/333            3492 ns         3492 ns       197365
InversionCount/334            3052 ns         3052 ns       220043
InversionCount/335            3482 ns         3482 ns       214449
InversionCount/336            1929 ns         1929 ns       363753
InversionCount/337            3312 ns         3312 ns       208579
InversionCount/338            3700 ns         3700 ns       190959
InversionCount/339            2378 ns         2378 ns       290194
InversionCount/340            2915 ns         2915 ns       221352
InversionCount/341            3260 ns         3260 ns       226654
InversionCount/342            3188 ns         3188 ns       224570
InversionCount/343            3809 ns         3809 ns       206444
InversionCount/344            2976 ns         2976 ns       234393
InversionCount/345            3420 ns         3420 ns       174571
InversionCount/346            3484 ns         3484 ns       195462
InversionCount/347            3781 ns         3781 ns       191686
InversionCount/348            3641 ns         3641 ns       205551
InversionCount/349            3327 ns         3327 ns       203691
InversionCount/350            3690 ns         3690 ns       190603
InversionCount/351            3909 ns         3909 ns       193638
InversionCount/352            3423 ns         3423 ns       200054
InversionCount/353            3648 ns         3648 ns       182583
InversionCount/354            3727 ns         3727 ns       183479
InversionCount/355            3781 ns         3781 ns       177453
InversionCount/356            3888 ns         3888 ns       196136
InversionCount/357            2701 ns         2701 ns       283321
InversionCount/358            3660 ns         3660 ns       213988
InversionCount/359            3712 ns         3712 ns       173994
InversionCount/360            4184 ns         4184 ns       183564
InversionCount/361            2616 ns         2616 ns       271741
InversionCount/362            3684 ns         3684 ns       177043
InversionCount/363            3741 ns         3741 ns       177884
InversionCount/364            3900 ns         3900 ns       162734
InversionCount/365            3425 ns         3425 ns       195327
InversionCount/366            3964 ns         3964 ns       172245
InversionCount/367            3947 ns         3947 ns       169917
InversionCount/368            4121 ns         4121 ns       179408
InversionCount/369            3905 ns         3905 ns       172544
InversionCount/370            2205 ns         2205 ns       313672
InversionCount/371            3975 ns         3975 ns       197718
InversionCount/372            2852 ns         2852 ns       249705
InversionCount/373            4015 ns         4015 ns       170882
InversionCount/374            3852 ns         3852 ns       185421
InversionCount/375            4008 ns         4008 ns       167265
InversionCount/376            3996 ns         3996 ns       175652
InversionCount/377            4045 ns         4045 ns       176661
InversionCount/378            3808 ns         3808 ns       170560
InversionCount/379            4040 ns         4040 ns       165248
InversionCount/380            4224 ns         4224 ns       169064
InversionCount/381            3869 ns         3869 ns       160444
InversionCount/382            4195 ns         4195 ns       157482
InversionCount/383            4310 ns         4310 ns       166284
InversionCount/384            4368 ns         4368 ns       160353
InversionCount/385            4303 ns         4303 ns       161530
InversionCount/386            4355 ns         4355 ns       162413
InversionCount/387            4366 ns         4366 ns       162791
InversionCount/388            4427 ns         4427 ns       160341
InversionCount/389            4375 ns         4375 ns       157567
InversionCount/390            2372 ns         2372 ns       292078
InversionCount/391            4295 ns         4295 ns       161737
InversionCount/392            4325 ns         4325 ns       156236
InversionCount/393            4394 ns         4394 ns       167555
InversionCount/394            3974 ns         3974 ns       177603
InversionCount/395            4296 ns         4296 ns       167755
InversionCount/396            4133 ns         4133 ns       164806
InversionCount/397            4244 ns         4244 ns       161799
InversionCount/398            4427 ns         4426 ns       163230
InversionCount/399            4289 ns         4289 ns       159252
InversionCount/400            4271 ns         4271 ns       153450
InversionCount/401            4434 ns         4434 ns       164936
InversionCount/402            3986 ns         3986 ns       177052
InversionCount/403            4140 ns         4140 ns       158431
InversionCount/404            4186 ns         4186 ns       162140
InversionCount/405            4441 ns         4441 ns       154745
InversionCount/406            4254 ns         4254 ns       160572
InversionCount/407            4515 ns         4515 ns       159473
InversionCount/408            4131 ns         4131 ns       175182
InversionCount/409            4517 ns         4517 ns       156143
InversionCount/410            4343 ns         4343 ns       154551
InversionCount/411            4463 ns         4462 ns       157500
InversionCount/412            4505 ns         4505 ns       156483
InversionCount/413            4596 ns         4596 ns       150621
InversionCount/414            4401 ns         4401 ns       160740
InversionCount/415            4355 ns         4355 ns       158673
InversionCount/416            4307 ns         4307 ns       150493
InversionCount/417            4185 ns         4185 ns       170624
InversionCount/418            4343 ns         4343 ns       155154
InversionCount/419            4568 ns         4568 ns       155989
InversionCount/420            4331 ns         4331 ns       153906
InversionCount/421            4694 ns         4694 ns       162684
InversionCount/422            4039 ns         4039 ns       163796
InversionCount/423            4673 ns         4673 ns       153138
InversionCount/424            4236 ns         4236 ns       157002
InversionCount/425            4481 ns         4481 ns       155602
InversionCount/426            4132 ns         4132 ns       179267
InversionCount/427            4628 ns         4628 ns       144771
InversionCount/428            4128 ns         4128 ns       162549
InversionCount/429            4583 ns         4583 ns       153332
InversionCount/430            4621 ns         4621 ns       156538
InversionCount/431            4745 ns         4745 ns       144181
InversionCount/432            4295 ns         4295 ns       161609
InversionCount/433            4678 ns         4678 ns       141999
InversionCount/434            4759 ns         4759 ns       152431
InversionCount/435            4217 ns         4217 ns       158001
InversionCount/436            4645 ns         4645 ns       148480
InversionCount/437            4195 ns         4195 ns       167949
InversionCount/438            3600 ns         3600 ns       197917
InversionCount/439            4358 ns         4358 ns       165483
InversionCount/440            4892 ns         4892 ns       155431
InversionCount/441            4658 ns         4658 ns       142049
InversionCount/442            4833 ns         4833 ns       151073
InversionCount/443            4830 ns         4830 ns       140582
InversionCount/444            4974 ns         4974 ns       148235
InversionCount/445            4737 ns         4737 ns       149442
InversionCount/446            4525 ns         4525 ns       160274
InversionCount/447            4667 ns         4667 ns       146872
InversionCount/448            5216 ns         5216 ns       100000
InversionCount/449            5097 ns         5097 ns       100000
InversionCount/450            4882 ns         4882 ns       144912
InversionCount/451            5029 ns         5029 ns       138215
InversionCount/452            5043 ns         5043 ns       100000
InversionCount/453            5193 ns         5193 ns       135246
InversionCount/454            5166 ns         5166 ns       100000
InversionCount/455            4665 ns         4665 ns       149158
InversionCount/456            4801 ns         4801 ns       139289
InversionCount/457            5228 ns         5228 ns       131698
InversionCount/458            5059 ns         5059 ns       145255
InversionCount/459            4666 ns         4666 ns       156835
InversionCount/460            5105 ns         5105 ns       136484
InversionCount/461            4798 ns         4798 ns       147440
InversionCount/462            4066 ns         4066 ns       171715
InversionCount/463            4702 ns         4702 ns       156331
InversionCount/464            4837 ns         4837 ns       148508
InversionCount/465            5352 ns         5352 ns       100000
InversionCount/466            5144 ns         5144 ns       100000
InversionCount/467            5178 ns         5178 ns       141506
InversionCount/468            5389 ns         5389 ns       138608
InversionCount/469            5190 ns         5190 ns       100000
InversionCount/470            5427 ns         5427 ns       127772
InversionCount/471            5247 ns         5247 ns       129844
InversionCount/472            5461 ns         5461 ns       100000
InversionCount/473            5521 ns         5521 ns       100000
InversionCount/474            5085 ns         5085 ns       100000
InversionCount/475            5469 ns         5469 ns       100000
InversionCount/476            4200 ns         4200 ns       165923
InversionCount/477            4948 ns         4948 ns       143488
InversionCount/478            5128 ns         5128 ns       131525
InversionCount/479            5194 ns         5194 ns       129072
InversionCount/480            5471 ns         5471 ns       136906
InversionCount/481            5167 ns         5167 ns       100000
InversionCount/482            5578 ns         5578 ns       135771
InversionCount/483            5452 ns         5452 ns       137323
InversionCount/484            5446 ns         5446 ns       127545
InversionCount/485            5681 ns         5681 ns       134830
InversionCount/486            5417 ns         5417 ns       128878
InversionCount/487            5486 ns         5486 ns       118304
InversionCount/488            5563 ns         5563 ns       123308
InversionCount/489            5556 ns         5556 ns       100000
InversionCount/490            5549 ns         5549 ns       127842
InversionCount/491            5611 ns         5611 ns       138817
InversionCount/492            5552 ns         5552 ns       100000
InversionCount/493            5624 ns         5624 ns       100000
InversionCount/494            5691 ns         5691 ns       124478
InversionCount/495            5572 ns         5572 ns       100000
InversionCount/496            5506 ns         5506 ns       123712
InversionCount/497            5703 ns         5703 ns       122634
InversionCount/498            5798 ns         5798 ns       125972
InversionCount/499            5815 ns         5815 ns       125844
InversionCount/500            5722 ns         5722 ns       130706
InversionCount/501            5570 ns         5570 ns       119503
InversionCount/502            5353 ns         5353 ns       100000
InversionCount/503            5903 ns         5903 ns       100000
InversionCount/504            4871 ns         4871 ns       147351
InversionCount/505            5398 ns         5398 ns       100000
InversionCount/506            5721 ns         5721 ns       127825
InversionCount/507            5784 ns         5784 ns       122192
InversionCount/508            5999 ns         5999 ns       116706
InversionCount/509            5931 ns         5931 ns       126247
InversionCount/510            5855 ns         5855 ns       122562
InversionCount/511            5880 ns         5880 ns       119800
InversionCount/512            6153 ns         6153 ns       113028
InversionCount/1024          14217 ns        14217 ns        49882
InversionCount/1536          22027 ns        22027 ns        31778
InversionCount/2048          31308 ns        31308 ns        22099
InversionCount/2560          42113 ns        42113 ns        16505
InversionCount/3072          47208 ns        47208 ns        14936
InversionCount/3584          55038 ns        55038 ns        12743
InversionCount/4096          67265 ns        67263 ns        10426
InversionCount/4608          78704 ns        78704 ns         8799
InversionCount/5120          91308 ns        91308 ns         7701
InversionCount/5632         102829 ns       102828 ns         6819
InversionCount/6144         101468 ns       101467 ns         6932
InversionCount/6656         113502 ns       113502 ns         6172
InversionCount/7168         118100 ns       118100 ns         5924
InversionCount/7680         126413 ns       126411 ns         5480
InversionCount/8192         171905 ns       171903 ns         4108
InversionCount/8704         184098 ns       184097 ns         3749
InversionCount/9216         195626 ns       195624 ns         3570
InversionCount/9728         208243 ns       208240 ns         3291
InversionCount/10240        214514 ns       214512 ns         3295
InversionCount/10752        227135 ns       227133 ns         3073
InversionCount/11264        235687 ns       235685 ns         2977
InversionCount/11776        246005 ns       246003 ns         2847
InversionCount/12288        258649 ns       258647 ns         2739
InversionCount/12800        269283 ns       269281 ns         2590
InversionCount/13312        281421 ns       281420 ns         2518
InversionCount/13824        287430 ns       287428 ns         2390
InversionCount/14336        300409 ns       300407 ns         2320
InversionCount/14848        309873 ns       309871 ns         2226
InversionCount/15360        322917 ns       322915 ns         2184
InversionCount/15872        332039 ns       332035 ns         2056
InversionCount/16384        335230 ns       335228 ns         2153
InversionCount/16896        379797 ns       379795 ns         1853
InversionCount/17408        395025 ns       395026 ns         1765
InversionCount/17920        404893 ns       404894 ns         1714
InversionCount/18432        417481 ns       417479 ns         1643
InversionCount/18944        428167 ns       428165 ns         1590
InversionCount/19456        441257 ns       441253 ns         1564
InversionCount/19968        454089 ns       454086 ns         1542
InversionCount/20480        474974 ns       474974 ns         1486
InversionCount/20992        487809 ns       487806 ns         1445
InversionCount/21504        495601 ns       495602 ns         1357
InversionCount/22016        511566 ns       511562 ns         1368
InversionCount/22528        525337 ns       525333 ns         1341
InversionCount/23040        535057 ns       535058 ns         1290
InversionCount/23552        551132 ns       551123 ns         1267
InversionCount/24064        560265 ns       560266 ns         1238
InversionCount/24576        494141 ns       494141 ns         1406
InversionCount/25088        570501 ns       570502 ns         1246
InversionCount/25600        579208 ns       579209 ns         1241
InversionCount/26112        589520 ns       589521 ns         1195
InversionCount/26624        610094 ns       610094 ns         1139
InversionCount/27136        622462 ns       622463 ns         1117
InversionCount/27648        632006 ns       632007 ns         1109
InversionCount/28160        650343 ns       650344 ns         1080
InversionCount/28672        572951 ns       572952 ns         1225
InversionCount/29184        653524 ns       653525 ns         1063
InversionCount/29696        672816 ns       672812 ns         1093
InversionCount/30208        692248 ns       692244 ns         1011
InversionCount/30720        617677 ns       617673 ns         1158
InversionCount/31232        699142 ns       699144 ns          968
InversionCount/31744        641422 ns       641404 ns         1076
InversionCount/32256        641717 ns       641714 ns         1084
InversionCount/32768        781927 ns       781923 ns          890
InversionCount/33280        804707 ns       804697 ns          892
InversionCount/33792        808546 ns       808548 ns          862
InversionCount/34304        837458 ns       837455 ns          874
InversionCount/34816        843933 ns       843928 ns          851
InversionCount/35328        859672 ns       859664 ns          808
InversionCount/35840        869702 ns       869696 ns          831
InversionCount/36352        877554 ns       877555 ns          800
InversionCount/36864        912331 ns       912305 ns          781
InversionCount/37376        917675 ns       917669 ns          768
InversionCount/37888        931400 ns       931394 ns          770
InversionCount/38400        940646 ns       940640 ns          746
InversionCount/38912        961276 ns       961277 ns          723
InversionCount/39424       1071409 ns      1071410 ns          536
InversionCount/39936       1027129 ns      1027078 ns          581
InversionCount/40448        994134 ns       994124 ns          715
InversionCount/40960       1030606 ns      1030597 ns          694
InversionCount/41472       1039947 ns      1039949 ns          679
InversionCount/41984       1044713 ns      1044715 ns          685
InversionCount/42496       1060506 ns      1060498 ns          668
InversionCount/43008       1065507 ns      1065490 ns          644
InversionCount/43520       1084301 ns      1084293 ns          645
InversionCount/44032       1095046 ns      1095038 ns          641
InversionCount/44544       1106825 ns      1106826 ns          624
InversionCount/45056       1137019 ns      1137023 ns          619
InversionCount/45568       1141725 ns      1141717 ns          610
InversionCount/46080       1146925 ns      1146917 ns          604
InversionCount/46592       1181350 ns      1181341 ns          603
InversionCount/47104       1182081 ns      1182067 ns          594
InversionCount/47616       1195187 ns      1195189 ns          582
InversionCount/48128       1213094 ns      1213085 ns          583
InversionCount/48640       1230353 ns      1230346 ns          580
InversionCount/49152       1211113 ns      1211103 ns          576
InversionCount/49664       1219502 ns      1219495 ns          574
InversionCount/50176       1227545 ns      1227538 ns          565
InversionCount/50688       1254372 ns      1254373 ns          545
InversionCount/51200       1264733 ns      1264735 ns          562
InversionCount/51712       1266794 ns      1266785 ns          542
InversionCount/52224       1276260 ns      1276239 ns          534
InversionCount/52736       1304507 ns      1304495 ns          528
InversionCount/53248       1327550 ns      1327539 ns          530
InversionCount/53760       1339690 ns      1339693 ns          534
InversionCount/54272       1343291 ns      1343293 ns          517
InversionCount/54784       1354889 ns      1354846 ns          524
InversionCount/55296       1389435 ns      1389424 ns          502
InversionCount/55808       1392612 ns      1392601 ns          499
InversionCount/56320       1413709 ns      1413699 ns          496
InversionCount/56832       1427550 ns      1427538 ns          505
InversionCount/57344       1418679 ns      1418681 ns          492
InversionCount/57856       1440022 ns      1440024 ns          489
InversionCount/58368       1439602 ns      1439604 ns          486
InversionCount/58880       1464139 ns      1464129 ns          480
InversionCount/59392       1478434 ns      1478426 ns          473
InversionCount/59904       1478707 ns      1478696 ns          466
InversionCount/60416       1510673 ns      1510661 ns          464
InversionCount/60928       1514957 ns      1514945 ns          454
InversionCount/61440       1517149 ns      1517142 ns          455
InversionCount/61952       1531873 ns      1531875 ns          454
InversionCount/62464       1556227 ns      1556215 ns          457
InversionCount/62976       1580417 ns      1580406 ns          440
InversionCount/63488       1576929 ns      1576917 ns          445
InversionCount/64000       1589728 ns      1589717 ns          450
InversionCount/64512       1603081 ns      1603069 ns          437
InversionCount/65535       1613022 ns      1613015 ns          430
InversionCount/65536       1696166 ns      1696169 ns          412
InversionCount/131072      3819410 ns      3819370 ns          182
InversionCount/262144      8794235 ns      8794253 ns           72
InversionCount/524288     25800515 ns     25800564 ns           26
InversionCount/1048576   108191971 ns    108191823 ns            7
InversionCount/2097152   301370550 ns    301371237 ns            2
InversionCount/4194304   747680900 ns    747680079 ns            1
InversionCount/8388608  1823445100 ns   1823418175 ns            1
InversionCount/16777216 4819529000 ns   4819505575 ns            1
InversionCount/33554432 12616529600 ns   12616500667 ns            1
--------------------------------------------------------------
Benchmark                    Time             CPU   Iterations
--------------------------------------------------------------
InversionCount/512        5920 ns         5920 ns       138762
InversionCount/513        6136 ns         6136 ns       122589
InversionCount/514        5758 ns         5758 ns       118293
InversionCount/515        5559 ns         5559 ns       133906
InversionCount/516        5932 ns         5932 ns       118089
InversionCount/517        6182 ns         6182 ns       105402
InversionCount/518        5778 ns         5778 ns       132492
InversionCount/519        6141 ns         6141 ns       124658
InversionCount/520        5581 ns         5581 ns       119097
InversionCount/521        5509 ns         5509 ns       115495
InversionCount/522        6097 ns         6097 ns       116432
InversionCount/523        6192 ns         6192 ns       122184
InversionCount/524        5668 ns         5669 ns       134905
InversionCount/525        6073 ns         6073 ns       123567
InversionCount/526        5981 ns         5981 ns       110928
InversionCount/527        5850 ns         5850 ns       128482
InversionCount/528        5757 ns         5757 ns       138632
InversionCount/529        6157 ns         6157 ns       105990
InversionCount/530        5986 ns         5986 ns       116523
InversionCount/531        5625 ns         5625 ns       135950
InversionCount/532        6275 ns         6275 ns       123683
InversionCount/533        6300 ns         6300 ns       118620
InversionCount/534        6142 ns         6142 ns       115144
InversionCount/535        6226 ns         6226 ns       123283
InversionCount/536        6414 ns         6414 ns       120946
InversionCount/537        6286 ns         6286 ns       110470
InversionCount/538        6075 ns         6075 ns       132064
InversionCount/539        6398 ns         6398 ns       100000
InversionCount/540        6510 ns         6510 ns       111542
InversionCount/541        6031 ns         6031 ns       113812
InversionCount/542        6435 ns         6435 ns       121671
InversionCount/543        6394 ns         6394 ns       117775
InversionCount/544        5887 ns         5887 ns       113828
InversionCount/545        6166 ns         6166 ns       113549
InversionCount/546        6595 ns         6595 ns       116419
InversionCount/547        5899 ns         5899 ns       124642
InversionCount/548        6128 ns         6128 ns       130070
InversionCount/549        6562 ns         6562 ns       126149
InversionCount/550        6293 ns         6293 ns       113495
InversionCount/551        6659 ns         6659 ns       124422
InversionCount/552        6486 ns         6486 ns       105651
InversionCount/553        6595 ns         6595 ns       111419
InversionCount/554        6277 ns         6277 ns       112209
InversionCount/555        6598 ns         6598 ns       126902
InversionCount/556        6577 ns         6577 ns       120611
InversionCount/557        6142 ns         6142 ns       117517
InversionCount/558        6425 ns         6425 ns       125097
InversionCount/559        6751 ns         6751 ns       115335
InversionCount/560        6565 ns         6565 ns        99795
InversionCount/561        6505 ns         6505 ns       112068
InversionCount/562        6702 ns         6702 ns       106925
InversionCount/563        6778 ns         6778 ns       112905
InversionCount/564        6613 ns         6613 ns       116721
InversionCount/565        6078 ns         6078 ns       126692
InversionCount/566        6517 ns         6517 ns       107063
InversionCount/567        6524 ns         6524 ns       119966
InversionCount/568        6389 ns         6389 ns       119414
InversionCount/569        6038 ns         6038 ns       136682
InversionCount/570        6659 ns         6659 ns       128331
InversionCount/571        6608 ns         6608 ns       136988
InversionCount/572        6467 ns         6467 ns        98996
InversionCount/573        6417 ns         6417 ns       109946
InversionCount/574        6230 ns         6230 ns       104799
InversionCount/575        6938 ns         6938 ns       108757
InversionCount/576        3657 ns         3657 ns       189169
InversionCount/577        7093 ns         7093 ns       106560
InversionCount/578        6269 ns         6269 ns       105232
InversionCount/579        6927 ns         6927 ns       115647
InversionCount/580        7224 ns         7224 ns       110046
InversionCount/581        6274 ns         6274 ns       120608
InversionCount/582        6954 ns         6954 ns       113989
InversionCount/583        6763 ns         6763 ns       114073
InversionCount/584        7148 ns         7148 ns       111331
InversionCount/585        6902 ns         6902 ns       109855
InversionCount/586        6798 ns         6798 ns       100257
InversionCount/587        7236 ns         7236 ns       104511
InversionCount/588        7362 ns         7362 ns       103810
InversionCount/589        7044 ns         7044 ns       100408
InversionCount/590        6699 ns         6699 ns        96456
InversionCount/591        6752 ns         6752 ns       126976
InversionCount/592        6847 ns         6847 ns       111344
InversionCount/593        6817 ns         6817 ns       107257
InversionCount/594        6802 ns         6802 ns       100303
InversionCount/595        6962 ns         6962 ns       130067
InversionCount/596        6816 ns         6816 ns        93041
InversionCount/597        7166 ns         7166 ns       110523
InversionCount/598        7163 ns         7163 ns       116882
InversionCount/599        7033 ns         7033 ns        98579
InversionCount/600        7149 ns         7149 ns       106515
InversionCount/601        7305 ns         7305 ns       127818
InversionCount/602        7317 ns         7317 ns       101691
InversionCount/603        7250 ns         7250 ns       102092
InversionCount/604        7266 ns         7266 ns        97477
InversionCount/605        7200 ns         7200 ns       117128
InversionCount/606        6475 ns         6475 ns       117806
InversionCount/607        7034 ns         7034 ns        90789
InversionCount/608        7426 ns         7426 ns        94553
InversionCount/609        7559 ns         7559 ns       114365
InversionCount/610        7397 ns         7397 ns       103975
InversionCount/611        7435 ns         7435 ns        92565
InversionCount/612        7402 ns         7402 ns        89363
InversionCount/613        7284 ns         7284 ns        83461
InversionCount/614        7326 ns         7326 ns       105342
InversionCount/615        7086 ns         7086 ns        93120
InversionCount/616        7188 ns         7188 ns        98130
InversionCount/617        7622 ns         7622 ns        95640
InversionCount/618        7149 ns         7149 ns        87748
InversionCount/619        7573 ns         7573 ns       104367
InversionCount/620        7245 ns         7245 ns        90495
InversionCount/621        7397 ns         7397 ns       101769
InversionCount/622        7071 ns         7071 ns       111377
InversionCount/623        7533 ns         7533 ns        87123
InversionCount/624        7696 ns         7696 ns       116040
InversionCount/625        6916 ns         6916 ns       104869
InversionCount/626        7554 ns         7554 ns        94522
InversionCount/627        7440 ns         7440 ns       103092
InversionCount/628        7523 ns         7523 ns        97096
InversionCount/629        7503 ns         7503 ns        95268
InversionCount/630        6886 ns         6886 ns       101134
InversionCount/631        7715 ns         7715 ns        92055
InversionCount/632        7432 ns         7432 ns        93549
InversionCount/633        7531 ns         7531 ns        89056
InversionCount/634        7054 ns         7054 ns       119609
InversionCount/635        7778 ns         7778 ns        92069
InversionCount/636        7436 ns         7436 ns        95393
InversionCount/637        7691 ns         7691 ns        96712
InversionCount/638        7498 ns         7498 ns       105578
InversionCount/639        7639 ns         7639 ns       107638
InversionCount/640        7858 ns         7858 ns        98564
InversionCount/641        7968 ns         7968 ns       108137
InversionCount/642        8098 ns         8098 ns        97932
InversionCount/643        8007 ns         8007 ns        87680
InversionCount/644        7915 ns         7915 ns       101179
InversionCount/645        8303 ns         8303 ns       101710
InversionCount/646        6755 ns         6755 ns        96148
InversionCount/647        7700 ns         7700 ns        92835
InversionCount/648        8210 ns         8210 ns       107791
InversionCount/649        7597 ns         7597 ns        98325
InversionCount/650        8279 ns         8279 ns        88457
InversionCount/651        8176 ns         8176 ns        97952
InversionCount/652        7815 ns         7815 ns        97471
InversionCount/653        7685 ns         7685 ns        93197
InversionCount/654        8289 ns         8289 ns        91374
InversionCount/655        7944 ns         7944 ns        89890
InversionCount/656        7830 ns         7830 ns        77482
InversionCount/657        8008 ns         8008 ns        96643
InversionCount/658        8163 ns         8163 ns        87396
InversionCount/659        7973 ns         7973 ns        88937
InversionCount/660        8228 ns         8228 ns        99063
InversionCount/661        8265 ns         8265 ns        82964
InversionCount/662        8025 ns         8025 ns        92181
InversionCount/663        7907 ns         7907 ns       103512
InversionCount/664        7924 ns         7924 ns        94265
InversionCount/665        8529 ns         8529 ns        87592
InversionCount/666        8063 ns         8063 ns       100433
InversionCount/667        7911 ns         7911 ns        88559
InversionCount/668        8121 ns         8121 ns        87737
InversionCount/669        8302 ns         8302 ns        99829
InversionCount/670        7826 ns         7826 ns        99746
InversionCount/671        8307 ns         8307 ns        90350
InversionCount/672        8221 ns         8221 ns        94890
InversionCount/673        7956 ns         7956 ns        99469
InversionCount/674        8351 ns         8351 ns        87122
InversionCount/675        8391 ns         8391 ns       104988
InversionCount/676        8204 ns         8204 ns        90293
InversionCount/677        8247 ns         8248 ns        90008
InversionCount/678        7649 ns         7649 ns        92267
InversionCount/679        8615 ns         8615 ns        97933
InversionCount/680        8527 ns         8527 ns        91832
InversionCount/681        8754 ns         8754 ns        88748
InversionCount/682        8238 ns         8238 ns       114846
InversionCount/683        8339 ns         8339 ns        96246
InversionCount/684        8242 ns         8242 ns        96255
InversionCount/685        8721 ns         8721 ns        85596
InversionCount/686        8140 ns         8140 ns        86859
InversionCount/687        8547 ns         8547 ns        81092
InversionCount/688        8556 ns         8556 ns        82165
InversionCount/689        8303 ns         8303 ns        98604
InversionCount/690        8866 ns         8866 ns        92623
InversionCount/691        8398 ns         8398 ns        78135
InversionCount/692        8124 ns         8125 ns        93353
InversionCount/693        8431 ns         8431 ns        99756
InversionCount/694        4502 ns         4502 ns       154320
InversionCount/695        8342 ns         8342 ns        81256
InversionCount/696        8865 ns         8865 ns        76547
InversionCount/697        8054 ns         8054 ns        93663
InversionCount/698        8430 ns         8430 ns        82551
InversionCount/699        8953 ns         8953 ns        81614
InversionCount/700        8766 ns         8766 ns        82541
InversionCount/701        8516 ns         8516 ns        88523
InversionCount/702        8514 ns         8514 ns        84585
InversionCount/703        8750 ns         8750 ns        73767
InversionCount/704        8928 ns         8928 ns        80317
InversionCount/705        9097 ns         9097 ns        77587
InversionCount/706        8543 ns         8543 ns        90054
InversionCount/707        8752 ns         8752 ns        94167
InversionCount/708        9257 ns         9257 ns        76334
InversionCount/709        9272 ns         9272 ns        82353
InversionCount/710        8849 ns         8849 ns        79392
InversionCount/711        8758 ns         8758 ns        91458
InversionCount/712        8964 ns         8964 ns        87136
InversionCount/713        8888 ns         8889 ns        84942
InversionCount/714        9271 ns         9271 ns        91532
InversionCount/715        8507 ns         8507 ns        91501
InversionCount/716        9207 ns         9207 ns        77625
InversionCount/717        8884 ns         8884 ns        86149
InversionCount/718        4726 ns         4726 ns       147878
InversionCount/719        8949 ns         8949 ns        81841
InversionCount/720        9177 ns         9177 ns        77922
InversionCount/721        9285 ns         9285 ns        73388
InversionCount/722        9185 ns         9185 ns        75973
InversionCount/723        9228 ns         9228 ns        77031
InversionCount/724        8945 ns         8945 ns        90078
InversionCount/725        8986 ns         8986 ns        74080
InversionCount/726        8680 ns         8680 ns        78692
InversionCount/727        9145 ns         9145 ns        84821
InversionCount/728        9111 ns         9111 ns        71875
InversionCount/729        9588 ns         9588 ns        83631
InversionCount/730        9126 ns         9126 ns        75408
InversionCount/731        9436 ns         9436 ns        87050
InversionCount/732        4920 ns         4920 ns       138638
InversionCount/733        8964 ns         8964 ns        77330
InversionCount/734        8998 ns         8998 ns        93456
InversionCount/735        9507 ns         9507 ns        78904
InversionCount/736        9479 ns         9479 ns        83991
InversionCount/737        8770 ns         8770 ns        80217
InversionCount/738        9447 ns         9447 ns        69919
InversionCount/739        9464 ns         9464 ns        74800
InversionCount/740        9292 ns         9292 ns        75117
InversionCount/741        9410 ns         9410 ns        72753
InversionCount/742        9121 ns         9121 ns        80267
InversionCount/743        9230 ns         9230 ns        81674
InversionCount/744        9519 ns         9519 ns        76219
InversionCount/745        9452 ns         9452 ns        74405
InversionCount/746        9153 ns         9153 ns        83455
InversionCount/747        9320 ns         9320 ns        70947
InversionCount/748        9324 ns         9324 ns        84791
InversionCount/749        9713 ns         9713 ns        88608
InversionCount/750        9432 ns         9432 ns        71543
InversionCount/751        9410 ns         9410 ns        71852
InversionCount/752        9484 ns         9484 ns        74290
InversionCount/753        9902 ns         9902 ns        67462
InversionCount/754        8921 ns         8921 ns        84210
InversionCount/755        9635 ns         9635 ns        76867
InversionCount/756        8866 ns         8866 ns        74611
InversionCount/757        9789 ns         9789 ns        69296
InversionCount/758        9262 ns         9262 ns        85364
InversionCount/759        9350 ns         9350 ns        85340
InversionCount/760        6857 ns         6857 ns       102734
InversionCount/761        9447 ns         9447 ns        73363
InversionCount/762        9864 ns         9864 ns        84712
InversionCount/763        9487 ns         9487 ns        77419
InversionCount/764        9921 ns         9921 ns        72398
InversionCount/765        9834 ns         9834 ns        64556
InversionCount/766       10015 ns        10015 ns        71277
InversionCount/767        9485 ns         9485 ns        70727
InversionCount/768        9696 ns         9696 ns        73381
InversionCount/769        9266 ns         9266 ns        73564
InversionCount/770        9620 ns         9620 ns        72856
InversionCount/771        9638 ns         9638 ns        76133
InversionCount/772        9603 ns         9603 ns        77059
InversionCount/773        9344 ns         9344 ns        74878
InversionCount/774        9526 ns         9526 ns        81064
InversionCount/775        9612 ns         9612 ns        71648
InversionCount/776        9382 ns         9382 ns        74982
InversionCount/777        9659 ns         9659 ns        74454
InversionCount/778        9463 ns         9463 ns        71865
InversionCount/779        9377 ns         9377 ns        79920
InversionCount/780        8720 ns         8720 ns        82931
InversionCount/781        9272 ns         9272 ns        72808
InversionCount/782        9796 ns         9796 ns        75276
InversionCount/783        9839 ns         9839 ns        73244
InversionCount/784        9302 ns         9303 ns        75033
InversionCount/785        9484 ns         9484 ns        72086
InversionCount/786        9386 ns         9386 ns        76092
InversionCount/787        9426 ns         9426 ns        79319
InversionCount/788        8564 ns         8564 ns        84219
InversionCount/789        9583 ns         9583 ns        70356
InversionCount/790        9632 ns         9632 ns        71799
InversionCount/791        9368 ns         9368 ns        72964
InversionCount/792        8910 ns         8910 ns        80758
InversionCount/793        9988 ns         9988 ns        85308
InversionCount/794        9901 ns         9901 ns        72538
InversionCount/795        9717 ns         9717 ns        76556
InversionCount/796       10020 ns        10020 ns        68321
InversionCount/797       10037 ns        10037 ns        77077
InversionCount/798        9816 ns         9816 ns        75523
InversionCount/799        9873 ns         9873 ns        74588
InversionCount/800        9926 ns         9926 ns        68155
InversionCount/801        9816 ns         9816 ns        69582
InversionCount/802        9872 ns         9872 ns        70860
InversionCount/803       10032 ns        10032 ns        74586
InversionCount/804        9840 ns         9840 ns        70429
InversionCount/805        9657 ns         9657 ns        72237
InversionCount/806        9629 ns         9629 ns        69564
InversionCount/807       10006 ns        10006 ns        72512
InversionCount/808        9640 ns         9640 ns        74101
InversionCount/809        9394 ns         9394 ns        77548
InversionCount/810       10032 ns        10032 ns        75818
InversionCount/811       10098 ns        10098 ns        73242
InversionCount/812       10095 ns        10095 ns        71594
InversionCount/813       10017 ns        10017 ns        69395
InversionCount/814        9516 ns         9516 ns        69939
InversionCount/815        9768 ns         9768 ns        67945
InversionCount/816       10225 ns        10225 ns        78249
InversionCount/817        9895 ns         9895 ns        72112
InversionCount/818        9970 ns         9970 ns        71452
InversionCount/819       10278 ns        10278 ns        70224
InversionCount/820        9364 ns         9364 ns        70513
InversionCount/821       10057 ns        10057 ns        72432
InversionCount/822        9703 ns         9703 ns        76591
InversionCount/823       10242 ns        10242 ns        71466
InversionCount/824       10152 ns        10152 ns        67594
InversionCount/825        9968 ns         9968 ns        72028
InversionCount/826        9750 ns         9750 ns        67976
InversionCount/827        9934 ns         9934 ns        68510
InversionCount/828       10376 ns        10376 ns        69153
InversionCount/829       10273 ns        10273 ns        64961
InversionCount/830       10381 ns        10381 ns        68729
InversionCount/831        9872 ns         9872 ns        68323
InversionCount/832       10167 ns        10167 ns        71547
InversionCount/833       10016 ns        10016 ns        68315
InversionCount/834       10823 ns        10823 ns        67335
InversionCount/835       10430 ns        10430 ns        70172
InversionCount/836       10341 ns        10341 ns        71567
InversionCount/837       10679 ns        10679 ns        67166
InversionCount/838       10021 ns        10021 ns        71097
InversionCount/839       10446 ns        10446 ns        76332
InversionCount/840       10598 ns        10598 ns        68857
InversionCount/841       10931 ns        10931 ns        75569
InversionCount/842       10111 ns        10111 ns        72566
InversionCount/843       10137 ns        10137 ns        71733
InversionCount/844       10269 ns        10269 ns        77750
InversionCount/845       10572 ns        10572 ns        64390
InversionCount/846       10022 ns        10022 ns        66178
InversionCount/847       10772 ns        10772 ns        65086
InversionCount/848       10426 ns        10426 ns        71067
InversionCount/849       10798 ns        10798 ns        64396
InversionCount/850       10803 ns        10804 ns        64816
InversionCount/851       10541 ns        10541 ns        67490
InversionCount/852       10753 ns        10753 ns        69974
InversionCount/853       10358 ns        10358 ns        73360
InversionCount/854        6010 ns         6010 ns       112407
InversionCount/855       10445 ns        10445 ns        70276
InversionCount/856       10733 ns        10733 ns        63716
InversionCount/857       10727 ns        10727 ns        70456
InversionCount/858       10211 ns        10211 ns        77435
InversionCount/859       10533 ns        10533 ns        67498
InversionCount/860       10540 ns        10540 ns        63978
InversionCount/861       10651 ns        10651 ns        67784
InversionCount/862       10220 ns        10220 ns        67377
InversionCount/863       11050 ns        11050 ns        67783
InversionCount/864       11103 ns        11103 ns        67739
InversionCount/865       10875 ns        10875 ns        64691
InversionCount/866       10828 ns        10828 ns        70735
InversionCount/867       11199 ns        11199 ns        67910
InversionCount/868       11185 ns        11185 ns        65090
InversionCount/869       11370 ns        11371 ns        64306
InversionCount/870       10388 ns        10388 ns        68332
InversionCount/871       11105 ns        11105 ns        65083
InversionCount/872       10874 ns        10874 ns        60639
InversionCount/873       10866 ns        10866 ns        62821
InversionCount/874       10894 ns        10894 ns        65617
InversionCount/875       11020 ns        11020 ns        67751
InversionCount/876       10895 ns        10895 ns        66010
InversionCount/877       10943 ns        10943 ns        60690
InversionCount/878       11250 ns        11250 ns        66748
InversionCount/879       11140 ns        11140 ns        64491
InversionCount/880       11062 ns        11062 ns        62284
InversionCount/881       11267 ns        11267 ns        62265
InversionCount/882       11121 ns        11121 ns        61699
InversionCount/883       11091 ns        11091 ns        68644
InversionCount/884       11074 ns        11074 ns        64799
InversionCount/885       11453 ns        11453 ns        66790
InversionCount/886       11366 ns        11366 ns        62559
InversionCount/887       11328 ns        11328 ns        62884
InversionCount/888       11415 ns        11415 ns        61041
InversionCount/889       11051 ns        11051 ns        65974
InversionCount/890       10717 ns        10717 ns        63894
InversionCount/891       10837 ns        10837 ns        63831
InversionCount/892       11394 ns        11394 ns        61194
InversionCount/893       11366 ns        11366 ns        60893
InversionCount/894       10256 ns        10256 ns        69409
InversionCount/895       11008 ns        11008 ns        64891
InversionCount/896       11397 ns        11397 ns        64085
InversionCount/897       11245 ns        11245 ns        62454
InversionCount/898       11112 ns        11112 ns        62313
InversionCount/899       11046 ns        11046 ns        64646
InversionCount/900       11354 ns        11354 ns        65450
InversionCount/901       11406 ns        11406 ns        62858
InversionCount/902       11288 ns        11288 ns        59298
InversionCount/903       11253 ns        11253 ns        61056
InversionCount/904       11220 ns        11220 ns        63349
InversionCount/905       11207 ns        11207 ns        60674
InversionCount/906       11254 ns        11254 ns        59982
InversionCount/907       11632 ns        11632 ns        61532
InversionCount/908       11260 ns        11260 ns        62852
InversionCount/909       11138 ns        11138 ns        61229
InversionCount/910       10748 ns        10748 ns        63884
InversionCount/911       11149 ns        11149 ns        62718
InversionCount/912       10671 ns        10671 ns        64042
InversionCount/913       11442 ns        11442 ns        64801
InversionCount/914       11401 ns        11401 ns        60406
InversionCount/915       11217 ns        11217 ns        62054
InversionCount/916       11795 ns        11795 ns        63815
InversionCount/917       11601 ns        11601 ns        63277
InversionCount/918       11085 ns        11085 ns        62176
InversionCount/919       11503 ns        11503 ns        58395
InversionCount/920       11582 ns        11582 ns        65164
InversionCount/921       11475 ns        11475 ns        65082
InversionCount/922        6842 ns         6842 ns       100696
InversionCount/923       11294 ns        11294 ns        66106
InversionCount/924       11448 ns        11448 ns        61597
InversionCount/925       11550 ns        11551 ns        59802
InversionCount/926       11259 ns        11259 ns        61590
InversionCount/927       11606 ns        11606 ns        59716
InversionCount/928       11425 ns        11425 ns        57403
InversionCount/929       11791 ns        11791 ns        57446
InversionCount/930       11718 ns        11718 ns        61717
InversionCount/931       11575 ns        11575 ns        62838
InversionCount/932       12138 ns        12138 ns        61968
InversionCount/933       11397 ns        11397 ns        60417
InversionCount/934        6982 ns         6982 ns        97316
InversionCount/935       11091 ns        11091 ns        57500
InversionCount/936       11651 ns        11651 ns        57330
InversionCount/937       11606 ns        11607 ns        59495
InversionCount/938       11249 ns        11249 ns        60344
InversionCount/939       12051 ns        12051 ns        60343
InversionCount/940       11622 ns        11622 ns        61681
InversionCount/941       11810 ns        11810 ns        61932
InversionCount/942       11706 ns        11706 ns        60231
InversionCount/943       12066 ns        12066 ns        59670
InversionCount/944       11401 ns        11401 ns        63345
InversionCount/945       11716 ns        11716 ns        59453
InversionCount/946       11782 ns        11782 ns        64698
InversionCount/947       12063 ns        12063 ns        57941
InversionCount/948       11878 ns        11878 ns        59920
InversionCount/949       12002 ns        12002 ns        58894
InversionCount/950       11677 ns        11677 ns        58490
InversionCount/951       12043 ns        12043 ns        57718
InversionCount/952       12018 ns        12018 ns        57946
InversionCount/953       12037 ns        12037 ns        56837
InversionCount/954       12107 ns        12107 ns        59857
InversionCount/955       12150 ns        12150 ns        60760
InversionCount/956       12087 ns        12087 ns        58716
InversionCount/957       12171 ns        12171 ns        57401
InversionCount/958       11974 ns        11974 ns        53971
InversionCount/959       12204 ns        12204 ns        59829
InversionCount/960       11887 ns        11887 ns        58243
InversionCount/961       12021 ns        12021 ns        59162
InversionCount/962       12137 ns        12137 ns        58917
InversionCount/963       12216 ns        12216 ns        54715
InversionCount/964       12062 ns        12062 ns        54776
InversionCount/965       12160 ns        12160 ns        56169
InversionCount/966       11923 ns        11924 ns        61077
InversionCount/967       12369 ns        12369 ns        56750
InversionCount/968       12179 ns        12179 ns        57590
InversionCount/969       12438 ns        12438 ns        60421
InversionCount/970       11384 ns        11384 ns        61242
InversionCount/971       12215 ns        12216 ns        60959
InversionCount/972       12075 ns        12075 ns        56233
InversionCount/973       12313 ns        12312 ns        61205
InversionCount/974       12268 ns        12268 ns        58715
InversionCount/975       12472 ns        12472 ns        57775
InversionCount/976       12563 ns        12563 ns        60788
InversionCount/977       12380 ns        12380 ns        56889
InversionCount/978       12065 ns        12065 ns        58505
InversionCount/979       12141 ns        12141 ns        55175
InversionCount/980       12093 ns        12093 ns        55382
InversionCount/981       12488 ns        12488 ns        55088
InversionCount/982       12184 ns        12184 ns        60697
InversionCount/983       12184 ns        12184 ns        58650
InversionCount/984        9987 ns         9987 ns        71173
InversionCount/985       11814 ns        11814 ns        58894
InversionCount/986       12511 ns        12512 ns        60709
InversionCount/987       12329 ns        12329 ns        56202
InversionCount/988       12504 ns        12504 ns        57931
InversionCount/989       12445 ns        12445 ns        55765
InversionCount/990       12594 ns        12594 ns        56835
InversionCount/991       12521 ns        12521 ns        55051
InversionCount/992       12556 ns        12556 ns        57836
InversionCount/993       12578 ns        12578 ns        55922
InversionCount/994       12274 ns        12274 ns        59578
InversionCount/995       12657 ns        12657 ns        58661
InversionCount/996       12382 ns        12382 ns        57492
InversionCount/997       12516 ns        12516 ns        56475
InversionCount/998       12574 ns        12574 ns        57149
InversionCount/999       12027 ns        12027 ns        57410
InversionCount/1000      12386 ns        12386 ns        56449
InversionCount/1001      12500 ns        12500 ns        57091
InversionCount/1002      12559 ns        12559 ns        54885
InversionCount/1003      12745 ns        12745 ns        55307
InversionCount/1004      12496 ns        12496 ns        54563
InversionCount/1005      12530 ns        12530 ns        54879
InversionCount/1006      11896 ns        11896 ns        59701
InversionCount/1007      12464 ns        12464 ns        56934
InversionCount/1008      12443 ns        12443 ns        57376
InversionCount/1009      12681 ns        12681 ns        55450
InversionCount/1010      12706 ns        12706 ns        54856
InversionCount/1011      12771 ns        12771 ns        57407
InversionCount/1012      12666 ns        12666 ns        54015
InversionCount/1013      12859 ns        12859 ns        53963
InversionCount/1014      12871 ns        12871 ns        55568
InversionCount/1015      12981 ns        12981 ns        54529
InversionCount/1016      12805 ns        12805 ns        54067
InversionCount/1017      12526 ns        12526 ns        53896
InversionCount/1018      13140 ns        13140 ns        54690
InversionCount/1019      12914 ns        12914 ns        55690
InversionCount/1020      12067 ns        12067 ns        58726
InversionCount/1021      12720 ns        12720 ns        54544
InversionCount/1022      12926 ns        12926 ns        56729
InversionCount/1023      13058 ns        13058 ns        55686
InversionCount/1024      14301 ns        14301 ns        48635
