------------------------------------------------------------------
Benchmark                        Time             CPU   Iterations
------------------------------------------------------------------
InversionCount/1              50.3 ns         50.3 ns     12895911
InversionCount/2              79.6 ns         79.6 ns     13462046
InversionCount/3              87.6 ns         87.6 ns      7163044
InversionCount/4              94.8 ns         94.8 ns      6544413
InversionCount/5               111 ns          111 ns      4927892
InversionCount/6               115 ns          115 ns      6374658
InversionCount/7               101 ns          101 ns      5486443
InversionCount/8               105 ns          105 ns      6947736
InversionCount/9               111 ns          111 ns      6305537
InversionCount/10              128 ns          128 ns      5370306
InversionCount/11              144 ns          144 ns      5320871
InversionCount/12              143 ns          143 ns      5192595
InversionCount/13              173 ns          173 ns      3909878
InversionCount/14              161 ns          161 ns      3756151
InversionCount/15              164 ns          164 ns      3364509
InversionCount/16              268 ns          268 ns      2805876
InversionCount/17              279 ns          279 ns      2692405
InversionCount/18              269 ns          269 ns      2809899
InversionCount/19              254 ns          254 ns      2380902
InversionCount/20              291 ns          291 ns      2730606
InversionCount/21              291 ns          291 ns      2487846
InversionCount/22              279 ns          279 ns      2442473
InversionCount/23              309 ns          309 ns      2288811
InversionCount/24              330 ns          330 ns      2189212
InversionCount/25              364 ns          364 ns      2196399
InversionCount/26              379 ns          379 ns      1997382
InversionCount/27              349 ns          349 ns      1961509
InversionCount/28              377 ns          377 ns      1762678
InversionCount/29              396 ns          396 ns      1911113
InversionCount/30              416 ns          416 ns      1513386
InversionCount/31              415 ns          415 ns      1758761
InversionCount/32              368 ns          368 ns      1583476
InversionCount/33              507 ns          507 ns      1000000
InversionCount/34              506 ns          506 ns      1386519
InversionCount/35              567 ns          567 ns      1000000
InversionCount/36              545 ns          545 ns      1000000
InversionCount/37              579 ns          579 ns      1633803
InversionCount/38              579 ns          579 ns      1384042
InversionCount/39              550 ns          550 ns      1577529
InversionCount/40              585 ns          585 ns      1083214
InversionCount/41              597 ns          597 ns      1143333
InversionCount/42              580 ns          580 ns      1093632
InversionCount/43              620 ns          620 ns      1212168
InversionCount/44              731 ns          731 ns      1000000
InversionCount/45              661 ns          661 ns      1114970
InversionCount/46              728 ns          728 ns       966648
InversionCount/47              702 ns          702 ns      1003914
InversionCount/48              806 ns          806 ns      1017448
InversionCount/49              837 ns          837 ns       914669
InversionCount/50              800 ns          800 ns       818733
InversionCount/51              860 ns          860 ns      1206883
InversionCount/52              925 ns          925 ns       757676
InversionCount/53              867 ns          867 ns       839891
InversionCount/54              810 ns          810 ns       906897
InversionCount/55              926 ns          926 ns       824357
InversionCount/56              638 ns          638 ns      1065378
InversionCount/57              968 ns          968 ns       752685
InversionCount/58              978 ns          978 ns       782362
InversionCount/59             1058 ns         1058 ns       807635
InversionCount/60             1011 ns         1011 ns       989735
InversionCount/61             1113 ns         1113 ns       701385
InversionCount/62             1115 ns         1115 ns       638029
InversionCount/63             1107 ns         1107 ns       685816
InversionCount/64             1141 ns         1141 ns       878963
InversionCount/65             1199 ns         1199 ns       834372
InversionCount/66             1044 ns         1044 ns       579787
InversionCount/67             1213 ns         1213 ns       611043
InversionCount/68             1306 ns         1306 ns       590255
InversionCount/69             1354 ns         1354 ns       785277
InversionCount/70             1224 ns         1224 ns       595097
InversionCount/71             1282 ns         1282 ns       484160
InversionCount/72              888 ns          888 ns       796289
InversionCount/73             1329 ns         1329 ns       513061
InversionCount/74             1411 ns         1411 ns       462596
InversionCount/75             1481 ns         1481 ns       455573
InversionCount/76             1531 ns         1531 ns       469357
InversionCount/77             1570 ns         1570 ns       496016
InversionCount/78             1446 ns         1446 ns       501551
InversionCount/79             1433 ns         1433 ns       435668
InversionCount/80             1550 ns         1550 ns       449142
InversionCount/81             1685 ns         1685 ns       410173
InversionCount/82             1594 ns         1594 ns       650271
InversionCount/83             1763 ns         1763 ns       667770
InversionCount/84             1067 ns         1067 ns       673676
InversionCount/85             1584 ns         1584 ns       482164
InversionCount/86             1843 ns         1843 ns       426788
InversionCount/87             1900 ns         1900 ns       424702
InversionCount/88             1676 ns         1676 ns       398652
InversionCount/89             1768 ns         1768 ns       623172
InversionCount/90             1907 ns         1907 ns       420021
InversionCount/91             1822 ns         1822 ns       390860
InversionCount/92             1963 ns         1963 ns       369755
InversionCount/93             1945 ns         1945 ns       356745
InversionCount/94             2015 ns         2015 ns       377351
InversionCount/95             1842 ns         1842 ns       565575
InversionCount/96             1883 ns         1883 ns       380430
InversionCount/97             2002 ns         2002 ns       354047
InversionCount/98             2206 ns         2206 ns       558888
InversionCount/99             1941 ns         1941 ns       379499
InversionCount/100            1812 ns         1812 ns       351406
InversionCount/101            2207 ns         2207 ns       314054
InversionCount/102            2154 ns         2154 ns       369899
InversionCount/103            2197 ns         2197 ns       323222
InversionCount/104            2206 ns         2206 ns       480877
InversionCount/105            1962 ns         1962 ns       360767
InversionCount/106            2226 ns         2226 ns       311167
InversionCount/107            2020 ns         2020 ns       342289
InversionCount/108            2392 ns         2392 ns       320899
InversionCount/109            2340 ns         2340 ns       316629
InversionCount/110            2482 ns         2482 ns       276052
InversionCount/111            2433 ns         2433 ns       304162
InversionCount/112            2361 ns         2361 ns       287326
InversionCount/113            2367 ns         2367 ns       475978
InversionCount/114            2676 ns         2676 ns       286068
InversionCount/115            2323 ns         2323 ns       311195
InversionCount/116            2415 ns         2415 ns       468521
InversionCount/117            2517 ns         2517 ns       316980
InversionCount/118            2586 ns         2586 ns       268068
InversionCount/119            2532 ns         2532 ns       458270
InversionCount/120            1866 ns         1866 ns       324253
InversionCount/121            2476 ns         2476 ns       259949
InversionCount/122            2681 ns         2681 ns       265151
InversionCount/123            2665 ns         2665 ns       255495
InversionCount/124            2940 ns         2940 ns       251850
InversionCount/125            2657 ns         2657 ns       241655
InversionCount/126            2660 ns         2660 ns       234067
InversionCount/127            2687 ns         2687 ns       254522
InversionCount/128            1812 ns         1812 ns       319615
InversionCount/129            2753 ns         2753 ns       251981
InversionCount/130            1889 ns         1889 ns       315786
InversionCount/131            2168 ns         2168 ns       247515
InversionCount/132            3377 ns         3377 ns       216875
InversionCount/133            3252 ns         3252 ns       228064
InversionCount/134            3091 ns         3091 ns       236832
InversionCount/135            3157 ns         3157 ns       303382
InversionCount/136            3082 ns         3082 ns       207976
InversionCount/137            3274 ns         3274 ns       211788
InversionCount/138            2576 ns         2576 ns       348742
InversionCount/139            3497 ns         3497 ns       240620
InversionCount/140            3390 ns         3390 ns       205719
InversionCount/141            2632 ns         2632 ns       199735
InversionCount/142            3234 ns         3234 ns       353892
InversionCount/143            3455 ns         3455 ns       190984
InversionCount/144            3403 ns         3403 ns       346329
InversionCount/145            3458 ns         3458 ns       199416
InversionCount/146            2093 ns         2093 ns       332246
InversionCount/147            3545 ns         3545 ns       199194
InversionCount/148            3733 ns         3733 ns       181181
InversionCount/149            3451 ns         3451 ns       181745
InversionCount/150            3742 ns         3742 ns       193749
InversionCount/151            3840 ns         3840 ns       202429
InversionCount/152            3778 ns         3778 ns       179986
InversionCount/153            3601 ns         3601 ns       173406
InversionCount/154            3498 ns         3498 ns       229003
InversionCount/155            3766 ns         3766 ns       218303
InversionCount/156            3923 ns         3923 ns       209475
InversionCount/157            3917 ns         3917 ns       177323
InversionCount/158            3909 ns         3909 ns       175327
InversionCount/159            3525 ns         3525 ns       319231
InversionCount/160            3716 ns         3716 ns       167549
InversionCount/161            4123 ns         4123 ns       177152
InversionCount/162            4145 ns         4145 ns       165029
InversionCount/163            3381 ns         3381 ns       176458
InversionCount/164            4044 ns         4044 ns       188641
InversionCount/165            4247 ns         4247 ns       171022
InversionCount/166            4199 ns         4199 ns       164679
InversionCount/167            4168 ns         4168 ns       172861
InversionCount/168            4252 ns         4252 ns       185101
InversionCount/169            4315 ns         4315 ns       299242
InversionCount/170            4331 ns         4331 ns       157589
InversionCount/171            2682 ns         2682 ns       188576
InversionCount/172            4395 ns         4395 ns       189214
InversionCount/173            4525 ns         4525 ns       151539
InversionCount/174            4375 ns         4375 ns       149131
InversionCount/175            4196 ns         4196 ns       145000
InversionCount/176            4179 ns         4179 ns       149824
InversionCount/177            4435 ns         4435 ns       152452
InversionCount/178            4254 ns         4254 ns       174583
InversionCount/179            3877 ns         3877 ns       144445
InversionCount/180            4845 ns         4845 ns       148129
InversionCount/181            4749 ns         4749 ns       265244
InversionCount/182            4957 ns         4957 ns       151371
InversionCount/183            4668 ns         4668 ns       270757
InversionCount/184            4825 ns         4825 ns       224974
InversionCount/185            4728 ns         4728 ns       146251
InversionCount/186            4940 ns         4940 ns       143969
InversionCount/187            4803 ns         4803 ns       142039
InversionCount/188            5088 ns         5088 ns       100000
InversionCount/189            5040 ns         5040 ns       144841
InversionCount/190            4286 ns         4286 ns       161082
InversionCount/191            4732 ns         4732 ns       143508
InversionCount/192            5075 ns         5075 ns       100000
InversionCount/193            4963 ns         4963 ns       141299
InversionCount/194            4967 ns         4967 ns       145326
InversionCount/195            5145 ns         5145 ns       222204
InversionCount/196            5282 ns         5282 ns       100000
InversionCount/197            4506 ns         4506 ns       132357
InversionCount/198            5166 ns         5166 ns       100000
InversionCount/199            5529 ns         5529 ns       132837
InversionCount/200            5065 ns         5065 ns       100000
InversionCount/201            5132 ns         5132 ns       100000
InversionCount/202            5351 ns         5351 ns       100000
InversionCount/203            5146 ns         5146 ns       100000
InversionCount/204            4840 ns         4840 ns       138946
InversionCount/205            5570 ns         5570 ns       122812
InversionCount/206            5168 ns         5168 ns       100000
InversionCount/207            5405 ns         5406 ns       120772
InversionCount/208            5237 ns         5238 ns       100000
InversionCount/209            5274 ns         5274 ns       138786
InversionCount/210            5376 ns         5376 ns       100000
InversionCount/211            5657 ns         5657 ns       100000
InversionCount/212            5622 ns         5622 ns       139058
InversionCount/213            5616 ns         5616 ns       139786
InversionCount/214            5823 ns         5823 ns       100000
InversionCount/215            5440 ns         5440 ns       100000
InversionCount/216            5818 ns         5818 ns       111976
InversionCount/217            5972 ns         5973 ns       115552
InversionCount/218            6070 ns         6070 ns       134037
InversionCount/219            5652 ns         5652 ns       121058
InversionCount/220            5419 ns         5419 ns       103997
InversionCount/221            6184 ns         6184 ns       214900
InversionCount/222            6000 ns         6000 ns       127941
InversionCount/223            5902 ns         5902 ns       124294
InversionCount/224            5776 ns         5776 ns       100000
InversionCount/225            6027 ns         6027 ns       100000
InversionCount/226            5912 ns         5912 ns       116328
InversionCount/227            5623 ns         5623 ns       131422
InversionCount/228            6227 ns         6227 ns       135807
InversionCount/229            6163 ns         6163 ns       109921
InversionCount/230            6032 ns         6032 ns       130470
InversionCount/231            6019 ns         6019 ns       134924
InversionCount/232            5342 ns         5342 ns       130185
InversionCount/233            6080 ns         6080 ns       133934
InversionCount/234            6367 ns         6367 ns       119393
InversionCount/235            5973 ns         5973 ns       126826
InversionCount/236            6444 ns         6444 ns       104145
InversionCount/237            5336 ns         5336 ns       119070
InversionCount/238            6237 ns         6237 ns       118062
InversionCount/239            6366 ns         6366 ns       129250
InversionCount/240            6482 ns         6482 ns       132572
InversionCount/241            5789 ns         5789 ns       100000
InversionCount/242            6676 ns         6676 ns       130929
InversionCount/243            6798 ns         6798 ns       118409
InversionCount/244            6369 ns         6369 ns       102546
InversionCount/245            6294 ns         6294 ns        98045
InversionCount/246            5987 ns         5987 ns       126956
InversionCount/247            6480 ns         6480 ns       105192
InversionCount/248            6891 ns         6891 ns       125706
InversionCount/249            6462 ns         6462 ns       106918
InversionCount/250            6744 ns         6744 ns       121817
InversionCount/251            6724 ns         6724 ns       100000
InversionCount/252            6674 ns         6674 ns       187229
InversionCount/253            6419 ns         6419 ns       123022
InversionCount/254            6972 ns         6972 ns       120916
InversionCount/255            6923 ns         6923 ns        88353
InversionCount/256            6721 ns         6721 ns       107293
InversionCount/257            6993 ns         6993 ns        95688
InversionCount/258            7253 ns         7253 ns        90484
InversionCount/259            6874 ns         6874 ns        97156
InversionCount/260            7137 ns         7137 ns        89830
InversionCount/261            7383 ns         7383 ns       119607
InversionCount/262            7444 ns         7444 ns        91247
InversionCount/263            7314 ns         7314 ns        99749
InversionCount/264            7501 ns         7501 ns        88615
InversionCount/265            7520 ns         7520 ns       162114
InversionCount/266            7682 ns         7682 ns       103793
InversionCount/267            7624 ns         7624 ns        98449
InversionCount/268            7893 ns         7893 ns        97521
InversionCount/269            7276 ns         7276 ns        85115
InversionCount/270            7981 ns         7981 ns       129752
InversionCount/271            7796 ns         7796 ns        96801
InversionCount/272            7354 ns         7354 ns        87828
InversionCount/273            7580 ns         7580 ns       105498
InversionCount/274            7624 ns         7624 ns        85695
InversionCount/275            7958 ns         7958 ns        87598
InversionCount/276            7261 ns         7261 ns        90743
InversionCount/277            6377 ns         6377 ns        90094
InversionCount/278            8033 ns         8033 ns       123679
InversionCount/279            7374 ns         7374 ns        94504
InversionCount/280            7942 ns         7942 ns        89003
InversionCount/281            8339 ns         8339 ns        93006
InversionCount/282            8142 ns         8142 ns        95559
InversionCount/283            7857 ns         7857 ns        92400
InversionCount/284            8135 ns         8135 ns        86138
InversionCount/285            8026 ns         8026 ns        88743
InversionCount/286            7884 ns         7884 ns       108331
InversionCount/287            8406 ns         8406 ns        87543
InversionCount/288            8550 ns         8550 ns        91856
InversionCount/289            8632 ns         8632 ns        83047
InversionCount/290            8196 ns         8196 ns        87785
InversionCount/291            8449 ns         8449 ns       115823
InversionCount/292            8641 ns         8641 ns        87522
InversionCount/293            8691 ns         8691 ns       156170
InversionCount/294            8240 ns         8240 ns        89912
InversionCount/295            8848 ns         8848 ns        82772
InversionCount/296            8236 ns         8236 ns        91001
InversionCount/297            8688 ns         8688 ns        72657
InversionCount/298            8329 ns         8329 ns        71733
InversionCount/299            8756 ns         8756 ns        98365
InversionCount/300            8687 ns         8687 ns        91113
InversionCount/301            8432 ns         8432 ns        83792
InversionCount/302            8846 ns         8846 ns        79843
InversionCount/303            9459 ns         9459 ns        82218
InversionCount/304            8558 ns         8558 ns       111823
InversionCount/305            8989 ns         8989 ns        76786
InversionCount/306            9010 ns         9010 ns        81101
InversionCount/307            8604 ns         8604 ns        86691
InversionCount/308            9475 ns         9475 ns        68035
InversionCount/309            9540 ns         9540 ns        70369
InversionCount/310            9365 ns         9365 ns        84168
InversionCount/311            9475 ns         9475 ns        81734
InversionCount/312            9214 ns         9214 ns        80457
InversionCount/313            9110 ns         9110 ns        73962
InversionCount/314            9100 ns         9100 ns        94015
InversionCount/315            9073 ns         9073 ns        80553
InversionCount/316            9331 ns         9331 ns       116428
InversionCount/317            8309 ns         8309 ns        88491
InversionCount/318            9390 ns         9390 ns        84399
InversionCount/319            9464 ns         9464 ns        73854
InversionCount/320            8911 ns         8911 ns        89142
InversionCount/321            9243 ns         9243 ns        81439
InversionCount/322            9432 ns         9432 ns        93930
InversionCount/323           10539 ns        10539 ns        71917
InversionCount/324            9591 ns         9591 ns        88779
InversionCount/325            9864 ns         9864 ns        87266
InversionCount/326            9318 ns         9318 ns        73629
InversionCount/327            9517 ns         9517 ns        80024
InversionCount/328            9227 ns         9227 ns        66436
InversionCount/329            9670 ns         9670 ns       136883
InversionCount/330           10376 ns        10376 ns        71612
InversionCount/331            9785 ns         9785 ns        80119
InversionCount/332           10065 ns        10065 ns        85560
InversionCount/333           10563 ns        10563 ns        75154
InversionCount/334            9838 ns         9838 ns        63107
InversionCount/335           10320 ns        10320 ns        78043
InversionCount/336           11070 ns        11070 ns        59409
InversionCount/337           10512 ns        10512 ns        72262
InversionCount/338           10218 ns        10218 ns        66567
InversionCount/339           10358 ns        10358 ns        78150
InversionCount/340           10212 ns        10212 ns        69791
InversionCount/341           10492 ns        10492 ns       129713
InversionCount/342            9622 ns         9622 ns        62682
InversionCount/343           10490 ns        10490 ns        75523
InversionCount/344           10371 ns        10371 ns        69184
InversionCount/345           10545 ns        10545 ns        73493
InversionCount/346           10060 ns        10060 ns        66741
InversionCount/347            9790 ns         9790 ns        70615
InversionCount/348           10222 ns        10222 ns        62905
InversionCount/349           10440 ns        10440 ns        74065
InversionCount/350           10794 ns        10794 ns        69284
InversionCount/351            9761 ns         9761 ns        66187
InversionCount/352           11061 ns        11061 ns        60791
InversionCount/353           10957 ns        10957 ns        68993
InversionCount/354           11456 ns        11456 ns        61995
InversionCount/355           10916 ns        10916 ns        75872
InversionCount/356           10691 ns        10691 ns        70709
InversionCount/357           10922 ns        10922 ns        67306
InversionCount/358           10968 ns        10968 ns        71122
InversionCount/359           10844 ns        10844 ns        54079
InversionCount/360           10917 ns        10917 ns        75228
InversionCount/361           10846 ns        10846 ns        59458
InversionCount/362           11776 ns        11776 ns        58182
InversionCount/363            7975 ns         7975 ns        66763
InversionCount/364           11837 ns        11837 ns       117307
InversionCount/365           10646 ns        10646 ns        59158
InversionCount/366           12119 ns        12119 ns        58709
InversionCount/367           10568 ns        10568 ns        69046
InversionCount/368           11449 ns        11449 ns        62981
InversionCount/369           11882 ns        11882 ns        70261
InversionCount/370           11381 ns        11381 ns       115800
InversionCount/371           11805 ns        11805 ns        65671
InversionCount/372           11171 ns        11171 ns        62665
InversionCount/373           12017 ns        12017 ns        60836
InversionCount/374           11474 ns        11475 ns        70521
InversionCount/375           11803 ns        11803 ns        58749
InversionCount/376           12134 ns        12134 ns        65629
InversionCount/377           12428 ns        12428 ns        59541
InversionCount/378           12032 ns        12032 ns        62984
InversionCount/379           11990 ns        11990 ns        54299
InversionCount/380           12153 ns        12153 ns        59085
InversionCount/381           12701 ns        12701 ns        54599
InversionCount/382           11960 ns        11961 ns       112265
InversionCount/383           11906 ns        11907 ns        57614
InversionCount/384           11929 ns        11929 ns        54198
InversionCount/385           11709 ns        11709 ns        57622
InversionCount/386           11813 ns        11813 ns        54352
InversionCount/387           11328 ns        11329 ns        63649
InversionCount/388           12540 ns        12540 ns        49963
InversionCount/389           12027 ns        12027 ns        54065
InversionCount/390           12018 ns        12018 ns        62693
InversionCount/391           12335 ns        12335 ns        54892
InversionCount/392           13081 ns        13081 ns        65288
InversionCount/393           12746 ns        12746 ns        62490
InversionCount/394           12751 ns        12751 ns        58903
InversionCount/395           12451 ns        12451 ns        59644
InversionCount/396           12825 ns        12825 ns        60019
InversionCount/397           12273 ns        12273 ns        57249
InversionCount/398           12098 ns        12098 ns        49049
InversionCount/399           12662 ns        12662 ns        55158
InversionCount/400           11869 ns        11869 ns        72589
InversionCount/401           12853 ns        12853 ns        56966
InversionCount/402           12979 ns        12979 ns        56689
InversionCount/403           12463 ns        12463 ns        51629
InversionCount/404           12719 ns        12719 ns        56214
InversionCount/405           12608 ns        12608 ns        61412
InversionCount/406           12538 ns        12538 ns        54109
InversionCount/407           12035 ns        12036 ns        66212
InversionCount/408           10048 ns        10048 ns        56963
InversionCount/409           13469 ns        13469 ns        55948
InversionCount/410           13292 ns        13292 ns        62736
InversionCount/411           13809 ns        13809 ns        51916
InversionCount/412           13094 ns        13094 ns        56455
InversionCount/413           12999 ns        12999 ns        62480
InversionCount/414           13755 ns        13755 ns        55553
InversionCount/415           13907 ns        13907 ns        52908
InversionCount/416           12771 ns        12771 ns        57349
InversionCount/417           13068 ns        13068 ns        51143
InversionCount/418           12205 ns        12205 ns        53539
InversionCount/419           12801 ns        12801 ns        55284
InversionCount/420           13430 ns        13430 ns        60392
InversionCount/421           13851 ns        13851 ns        52433
InversionCount/422           14019 ns        14019 ns        54834
InversionCount/423           13924 ns        13924 ns        54721
InversionCount/424           14305 ns        14305 ns        53083
InversionCount/425           14116 ns        14116 ns        49749
InversionCount/426           14208 ns        14208 ns        48819
InversionCount/427           13777 ns        13777 ns        96388
InversionCount/428           13709 ns        13709 ns        52510
InversionCount/429           13677 ns        13677 ns        49117
InversionCount/430           13402 ns        13402 ns        53995
InversionCount/431           14156 ns        14156 ns        52347
InversionCount/432           13064 ns        13064 ns        49022
InversionCount/433           15046 ns        15046 ns        54888
InversionCount/434           15239 ns        15239 ns        51706
InversionCount/435           15245 ns        15245 ns        48190
InversionCount/436           14530 ns        14530 ns        49401
InversionCount/437           14023 ns        14023 ns        50829
InversionCount/438           14681 ns        14681 ns        52570
InversionCount/439           14223 ns        14223 ns        52034
InversionCount/440           13898 ns        13898 ns        45433
InversionCount/441           13974 ns        13974 ns        52566
InversionCount/442           15709 ns        15709 ns        52301
InversionCount/443           14532 ns        14532 ns        49286
InversionCount/444           13710 ns        13710 ns        45849
InversionCount/445           15759 ns        15759 ns        45549
InversionCount/446           14988 ns        14988 ns        47143
InversionCount/447           14927 ns        14927 ns        43124
InversionCount/448           15648 ns        15648 ns        56330
InversionCount/449           15433 ns        15433 ns        46567
InversionCount/450           15313 ns        15313 ns        49146
InversionCount/451           15432 ns        15432 ns        45869
InversionCount/452           14432 ns        14432 ns        49353
InversionCount/453           15179 ns        15180 ns        48148
InversionCount/454           14993 ns        14993 ns        49517
InversionCount/455           15542 ns        15542 ns        44362
InversionCount/456           15046 ns        15046 ns        42823
InversionCount/457           15270 ns        15270 ns        52352
InversionCount/458           15884 ns        15884 ns        46767
InversionCount/459           15674 ns        15674 ns        44021
InversionCount/460           15860 ns        15860 ns        83782
InversionCount/461           16391 ns        16391 ns        44976
InversionCount/462           16046 ns        16046 ns        45533
InversionCount/463           15282 ns        15282 ns        48926
InversionCount/464           15959 ns        15959 ns        47578
InversionCount/465           14951 ns        14951 ns        45023
InversionCount/466           15338 ns        15339 ns        44156
InversionCount/467           16182 ns        16182 ns        42554
InversionCount/468           15368 ns        15368 ns        42942
InversionCount/469           15233 ns        15233 ns        50714
InversionCount/470           16277 ns        16277 ns        43105
InversionCount/471           16030 ns        16030 ns        44154
InversionCount/472           17218 ns        17218 ns        46305
InversionCount/473           17431 ns        17431 ns        40403
InversionCount/474           16460 ns        16460 ns        42840
InversionCount/475           16974 ns        16974 ns        43193
InversionCount/476           16514 ns        16514 ns        44509
InversionCount/477           16858 ns        16858 ns        46319
InversionCount/478           17257 ns        17257 ns        45131
InversionCount/479           16596 ns        16596 ns        42279
InversionCount/480           17162 ns        17162 ns        69965
InversionCount/481           16477 ns        16477 ns        43720
InversionCount/482           16542 ns        16542 ns        39082
InversionCount/483           16476 ns        16476 ns        44250
InversionCount/484           17406 ns        17406 ns        40276
InversionCount/485           17097 ns        17097 ns        72361
InversionCount/486           16931 ns        16931 ns        38492
InversionCount/487           16759 ns        16759 ns        44452
InversionCount/488           17251 ns        17251 ns        70448
InversionCount/489           17177 ns        17177 ns        39058
InversionCount/490           16890 ns        16890 ns        39213
InversionCount/491           17471 ns        17471 ns        40735
InversionCount/492           17892 ns        17892 ns        40375
InversionCount/493           17580 ns        17580 ns        39610
InversionCount/494           17107 ns        17107 ns        41233
InversionCount/495           16811 ns        16811 ns        42170
InversionCount/496           16397 ns        16398 ns        47421
InversionCount/497           18028 ns        18028 ns        38882
InversionCount/498           16849 ns        16849 ns        38869
InversionCount/499           17993 ns        17993 ns        38022
InversionCount/500           18211 ns        18211 ns        39249
InversionCount/501           17961 ns        17961 ns        38454
InversionCount/502           18417 ns        18417 ns        38794
InversionCount/503           17474 ns        17474 ns        40370
InversionCount/504           17112 ns        17112 ns        38209
InversionCount/505           17798 ns        17798 ns        45583
InversionCount/506           17971 ns        17971 ns        37622
InversionCount/507           18383 ns        18383 ns        38158
InversionCount/508           18593 ns        18593 ns        41742
InversionCount/509           17722 ns        17722 ns        37819
InversionCount/510           18331 ns        18331 ns        36113
InversionCount/511           17776 ns        17776 ns        38138
InversionCount/512           19443 ns        19443 ns        36954
InversionCount/1024          52142 ns        52142 ns        13142
InversionCount/1536          82599 ns        82599 ns         8267
InversionCount/2048         118240 ns       118239 ns         5911
InversionCount/2560         153294 ns       153294 ns         4484
InversionCount/3072         184121 ns       184122 ns         3734
InversionCount/3584         221721 ns       221721 ns         3142
InversionCount/4096         257117 ns       257117 ns         2695
InversionCount/4608         307918 ns       307918 ns         2255
InversionCount/5120         360423 ns       360423 ns         1993
InversionCount/5632         402614 ns       402611 ns         1749
InversionCount/6144         429379 ns       429375 ns         1623
InversionCount/6656         480094 ns       480114 ns         1468
InversionCount/7168         521796 ns       521792 ns         1333
InversionCount/7680         564530 ns       564526 ns         1224
InversionCount/8192         621518 ns       621519 ns         1130
InversionCount/8704         656617 ns       656612 ns         1040
InversionCount/9216         708334 ns       708324 ns          997
InversionCount/9728         758882 ns       758876 ns          928
InversionCount/10240        798474 ns       798475 ns          872
InversionCount/10752        845958 ns       845959 ns          816
InversionCount/11264        888586 ns       888579 ns          789
InversionCount/11776        929991 ns       929985 ns          741
InversionCount/12288        942328 ns       942315 ns          726
InversionCount/12800       1012741 ns      1012742 ns          695
InversionCount/13312       1039952 ns      1039953 ns          658
InversionCount/13824       1104974 ns      1104966 ns          630
InversionCount/14336       1132693 ns      1132685 ns          618
InversionCount/14848       1179384 ns      1179376 ns          589
InversionCount/15360       1226178 ns      1226170 ns          571
InversionCount/15872       1260847 ns      1260849 ns          552
InversionCount/16384       1336293 ns      1336296 ns          523
InversionCount/16896       1388460 ns      1388449 ns          514
InversionCount/17408       1439984 ns      1439973 ns          491
InversionCount/17920       1475530 ns      1475519 ns          471
InversionCount/18432       1530086 ns      1530076 ns          458
InversionCount/18944       1580017 ns      1579997 ns          447
InversionCount/19456       1617761 ns      1617751 ns          429
InversionCount/19968       1660971 ns      1660974 ns          422
InversionCount/20480       1732214 ns      1732216 ns          403
InversionCount/20992       1791190 ns      1791176 ns          396
InversionCount/21504       1821162 ns      1821147 ns          381
InversionCount/22016       1889679 ns      1889665 ns          376
InversionCount/22528       1929891 ns      1929877 ns          361
InversionCount/23040       1992037 ns      1992022 ns          354
InversionCount/23552       2014477 ns      2014462 ns          347
InversionCount/24064       2065073 ns      2065058 ns          336
InversionCount/24576       2050234 ns      2050214 ns          341
InversionCount/25088       2102148 ns      2102132 ns          328
InversionCount/25600       2161884 ns      2161887 ns          323
InversionCount/26112       2225173 ns      2225176 ns          313
InversionCount/26624       2271454 ns      2271458 ns          309
InversionCount/27136       2344429 ns      2344433 ns          303
InversionCount/27648       2391653 ns      2391656 ns          296
InversionCount/28160       2444993 ns      2444997 ns          289
InversionCount/28672       2459432 ns      2459434 ns          288
InversionCount/29184       2495922 ns      2495926 ns          283
InversionCount/29696       2570540 ns      2570542 ns          274
InversionCount/30208       2594368 ns      2594346 ns          271
InversionCount/30720       2633242 ns      2633245 ns          268
InversionCount/31232       2661611 ns      2661589 ns          261
InversionCount/31744       2744696 ns      2744700 ns          255
InversionCount/32256       2798312 ns      2798315 ns          251
InversionCount/32768       2874747 ns      2874751 ns          247
InversionCount/33280       2889609 ns      2889610 ns          241
InversionCount/33792       2936581 ns      2936584 ns          233
InversionCount/34304       3029697 ns      3029702 ns          231
InversionCount/34816       3057574 ns      3057578 ns          227
InversionCount/35328       3076425 ns      3076428 ns          224
InversionCount/35840       3160211 ns      3160215 ns          219
InversionCount/36352       3220140 ns      3220118 ns          216
InversionCount/36864       3254862 ns      3254840 ns          213
InversionCount/37376       3356136 ns      3356108 ns          212
InversionCount/37888       3330981 ns      3330951 ns          206
InversionCount/38400       3424586 ns      3424559 ns          205
InversionCount/38912       3495563 ns      3495530 ns          201
InversionCount/39424       3526365 ns      3526336 ns          196
InversionCount/39936       3589862 ns      3589835 ns          194
InversionCount/40448       3649400 ns      3649405 ns          193
InversionCount/40960       3691315 ns      3691320 ns          188
InversionCount/41472       3754310 ns      3754313 ns          185
InversionCount/41984       3802215 ns      3802191 ns          183
InversionCount/42496       3857757 ns      3857690 ns          180
InversionCount/43008       3931524 ns      3931489 ns          181
InversionCount/43520       3935866 ns      3935829 ns          179
InversionCount/44032       3988310 ns      3988283 ns          173
InversionCount/44544       4098690 ns      4098694 ns          172
InversionCount/45056       4136880 ns      4136885 ns          169
InversionCount/45568       4175925 ns      4175893 ns          170
InversionCount/46080       4215987 ns      4215958 ns          165
InversionCount/46592       4285962 ns      4285920 ns          163
InversionCount/47104       4353223 ns      4353176 ns          163
InversionCount/47616       4385023 ns      4385026 ns          159
InversionCount/48128       4397363 ns      4397319 ns          158
InversionCount/48640       4469892 ns      4469858 ns          155
InversionCount/49152       4520963 ns      4520876 ns          156
InversionCount/49664       4558903 ns      4558871 ns          156
InversionCount/50176       4621516 ns      4621521 ns          154
InversionCount/50688       4656617 ns      4656564 ns          153
InversionCount/51200       4686316 ns      4686283 ns          149
InversionCount/51712       4744085 ns      4744053 ns          147
InversionCount/52224       4765169 ns      4765174 ns          146
InversionCount/52736       4857132 ns      4857098 ns          145
InversionCount/53248       4862470 ns      4862426 ns          143
InversionCount/53760       4938332 ns      4938288 ns          140
InversionCount/54272       4927520 ns      4927524 ns          138
InversionCount/54784       5044792 ns      5044739 ns          136
InversionCount/55296       5115712 ns      5115660 ns          135
InversionCount/55808       5151773 ns      5151721 ns          134
InversionCount/56320       5257882 ns      5257877 ns          132
InversionCount/56832       5287837 ns      5287746 ns          132
InversionCount/57344       5319966 ns      5319914 ns          129
InversionCount/57856       5423524 ns      5423482 ns          127
InversionCount/58368       5352242 ns      5352250 ns          128
InversionCount/58880       5483693 ns      5483640 ns          127
InversionCount/59392       5565661 ns      5565613 ns          127
InversionCount/59904       5627281 ns      5627200 ns          124
InversionCount/60416       5657034 ns      5657044 ns          122
InversionCount/60928       5678945 ns      5678805 ns          122
InversionCount/61440       5712670 ns      5712433 ns          120
InversionCount/61952       5802539 ns      5802465 ns          118
InversionCount/62464       5839758 ns      5839763 ns          120
InversionCount/62976       5894233 ns      5894182 ns          119
InversionCount/63488       6000704 ns      6000646 ns          117
InversionCount/64000       6030432 ns      6030389 ns          116
InversionCount/64512       6131124 ns      6131130 ns          113
InversionCount/65535       6222649 ns      6222656 ns          113
InversionCount/65536       6348810 ns      6348736 ns          110
InversionCount/131072     14426747 ns     14426554 ns           49
InversionCount/262144     31459982 ns     31459466 ns           22
InversionCount/524288     69216600 ns     69209373 ns           10
InversionCount/1048576   194410100 ns    194406321 ns            3
InversionCount/2097152   523121000 ns    523119212 ns            1
InversionCount/4194304  1183500500 ns   1183480747 ns            1
InversionCount/8388608  2748314600 ns   2748283992 ns            1
InversionCount/16777216 6760715600 ns   6760673937 ns            1
InversionCount/33554432 16451596000 ns   16451412202 ns            1
--------------------------------------------------------------
Benchmark                    Time             CPU   Iterations
--------------------------------------------------------------
InversionCount/512       21338 ns        21338 ns        36852
InversionCount/513       21268 ns        21268 ns        33464
InversionCount/514       21423 ns        21423 ns        34367
InversionCount/515       20271 ns        20271 ns        34394
InversionCount/516       20749 ns        20749 ns        33552
InversionCount/517       21582 ns        21582 ns        32711
InversionCount/518       20369 ns        20369 ns        35437
InversionCount/519       20927 ns        20927 ns        31041
InversionCount/520       14489 ns        14489 ns        38435
InversionCount/521       20907 ns        20907 ns        34054
InversionCount/522       20181 ns        20181 ns        33726
InversionCount/523       21410 ns        21410 ns        34105
InversionCount/524       20812 ns        20812 ns        30946
InversionCount/525       20969 ns        20969 ns        32647
InversionCount/526       20934 ns        20934 ns        31658
InversionCount/527       20930 ns        20930 ns        33312
InversionCount/528       20937 ns        20937 ns        32748
InversionCount/529       20265 ns        20265 ns        31316
InversionCount/530       22115 ns        22115 ns        33658
InversionCount/531       21155 ns        21155 ns        32689
InversionCount/532       22497 ns        22497 ns        32506
InversionCount/533       21958 ns        21958 ns        30841
InversionCount/534       21772 ns        21772 ns        33559
InversionCount/535       22222 ns        22222 ns        35160
InversionCount/536       22817 ns        22817 ns        31808
InversionCount/537       22352 ns        22352 ns        32371
InversionCount/538       21555 ns        21555 ns        30866
InversionCount/539       22032 ns        22032 ns        32033
InversionCount/540       22904 ns        22904 ns        30352
InversionCount/541       22093 ns        22093 ns        30872
InversionCount/542       22947 ns        22947 ns        30614
InversionCount/543       22184 ns        22184 ns        45283
InversionCount/544       21012 ns        21012 ns        31809
InversionCount/545       22701 ns        22701 ns        31349
InversionCount/546       22531 ns        22531 ns        31877
InversionCount/547       22368 ns        22368 ns        31557
InversionCount/548       22078 ns        22078 ns        30064
InversionCount/549       23168 ns        23168 ns        29838
InversionCount/550       22442 ns        22442 ns        29591
InversionCount/551       23494 ns        23494 ns        31246
InversionCount/552       24069 ns        24069 ns        30793
InversionCount/553       22929 ns        22929 ns        30607
InversionCount/554       22632 ns        22632 ns        33114
InversionCount/555       23366 ns        23366 ns        30886
InversionCount/556       23649 ns        23648 ns        30182
InversionCount/557       23660 ns        23660 ns        30349
InversionCount/558       23295 ns        23295 ns        29702
InversionCount/559       23607 ns        23608 ns        30006
InversionCount/560       23672 ns        23672 ns        28915
InversionCount/561       22751 ns        22751 ns        31230
InversionCount/562       23458 ns        23458 ns        28431
InversionCount/563       24016 ns        24016 ns        29315
InversionCount/564       24414 ns        24414 ns        29547
InversionCount/565       23761 ns        23761 ns        29284
InversionCount/566       24557 ns        24558 ns        29410
InversionCount/567       24709 ns        24709 ns        28790
InversionCount/568       22845 ns        22845 ns        29154
InversionCount/569       24145 ns        24145 ns        30141
InversionCount/570       24690 ns        24690 ns        29517
InversionCount/571       25193 ns        25193 ns        29327
InversionCount/572       24765 ns        24765 ns        29012
InversionCount/573       24543 ns        24543 ns        29867
InversionCount/574       24344 ns        24344 ns        28763
InversionCount/575       24073 ns        24073 ns        29476
InversionCount/576       24116 ns        24116 ns        28497
InversionCount/577       24537 ns        24537 ns        28662
InversionCount/578       24912 ns        24912 ns        30136
InversionCount/579       24502 ns        24502 ns        27854
InversionCount/580       24686 ns        24686 ns        27568
InversionCount/581       24859 ns        24859 ns        27561
InversionCount/582       25173 ns        25173 ns        28931
InversionCount/583       24732 ns        24732 ns        27946
InversionCount/584       24990 ns        24990 ns        28586
InversionCount/585       24527 ns        24527 ns        27653
InversionCount/586       24697 ns        24697 ns        28577
InversionCount/587       25363 ns        25363 ns        27578
InversionCount/588       25398 ns        25398 ns        27222
InversionCount/589       25317 ns        25317 ns        27310
InversionCount/590       25605 ns        25605 ns        27193
InversionCount/591       26167 ns        26167 ns        26307
InversionCount/592       26132 ns        26132 ns        27272
InversionCount/593       22397 ns        22397 ns        27160
InversionCount/594       25861 ns        25861 ns        27233
InversionCount/595       26119 ns        26119 ns        28878
InversionCount/596       25696 ns        25696 ns        26275
InversionCount/597       25777 ns        25777 ns        26983
InversionCount/598       25439 ns        25439 ns        27024
InversionCount/599       25912 ns        25912 ns        26873
InversionCount/600       26574 ns        26574 ns        27154
InversionCount/601       24161 ns        24161 ns        26745
InversionCount/602       25628 ns        25628 ns        26069
InversionCount/603       26483 ns        26483 ns        27527
InversionCount/604       25889 ns        25889 ns        26447
InversionCount/605       25606 ns        25606 ns        25966
InversionCount/606       27265 ns        27265 ns        27238
InversionCount/607       26697 ns        26697 ns        26667
InversionCount/608       27427 ns        27427 ns        25995
InversionCount/609       27008 ns        27008 ns        27165
InversionCount/610       26190 ns        26190 ns        26120
InversionCount/611       26970 ns        26971 ns        26357
InversionCount/612       27195 ns        27195 ns        27915
InversionCount/613       27717 ns        27717 ns        25638
InversionCount/614       20091 ns        20091 ns        26245
InversionCount/615       26388 ns        26388 ns        26314
InversionCount/616       27046 ns        27046 ns        27393
InversionCount/617       27456 ns        27456 ns        26173
InversionCount/618       27322 ns        27322 ns        25550
InversionCount/619       27609 ns        27609 ns        26102
InversionCount/620       28433 ns        28433 ns        26391
InversionCount/621       26971 ns        26971 ns        25096
InversionCount/622       27852 ns        27852 ns        25456
InversionCount/623       28327 ns        28327 ns        25579
InversionCount/624       27423 ns        27423 ns        25496
InversionCount/625       27408 ns        27408 ns        25461
InversionCount/626       28058 ns        28058 ns        25684
InversionCount/627       27899 ns        27899 ns        24296
InversionCount/628       28063 ns        28063 ns        25550
InversionCount/629       28043 ns        28043 ns        24962
InversionCount/630       29009 ns        29009 ns        25343
InversionCount/631       28158 ns        28158 ns        25037
InversionCount/632       27086 ns        27086 ns        24847
InversionCount/633       29008 ns        29008 ns        25278
InversionCount/634       28753 ns        28753 ns        24349
InversionCount/635       28076 ns        28076 ns        24730
InversionCount/636       28212 ns        28212 ns        23985
InversionCount/637       28500 ns        28500 ns        24551
InversionCount/638       28229 ns        28229 ns        25201
InversionCount/639       28618 ns        28618 ns        25037
InversionCount/640       28636 ns        28636 ns        23925
InversionCount/641       28245 ns        28245 ns        23786
InversionCount/642       28581 ns        28581 ns        24182
InversionCount/643       29823 ns        29823 ns        24623
InversionCount/644       29135 ns        29135 ns        23865
InversionCount/645       27952 ns        27952 ns        23299
InversionCount/646       29694 ns        29694 ns        23054
InversionCount/647       29580 ns        29580 ns        23456
InversionCount/648       29221 ns        29221 ns        22944
InversionCount/649       29799 ns        29799 ns        22740
InversionCount/650       29444 ns        29444 ns        23185
InversionCount/651       29631 ns        29631 ns        23476
InversionCount/652       30153 ns        30153 ns        23757
InversionCount/653       29688 ns        29688 ns        22728
InversionCount/654       29646 ns        29646 ns        23980
InversionCount/655       23115 ns        23115 ns        23691
InversionCount/656       29615 ns        29615 ns        22963
InversionCount/657       29766 ns        29766 ns        23994
InversionCount/658       29960 ns        29960 ns        23470
InversionCount/659       30887 ns        30887 ns        23815
InversionCount/660       30737 ns        30737 ns        23050
InversionCount/661       30259 ns        30259 ns        23138
InversionCount/662       30026 ns        30026 ns        22840
InversionCount/663       30641 ns        30641 ns        22714
InversionCount/664       30999 ns        30999 ns        22323
InversionCount/665       30637 ns        30637 ns        22638
InversionCount/666       30796 ns        30796 ns        23160
InversionCount/667       31386 ns        31386 ns        23408
InversionCount/668       30415 ns        30415 ns        22816
InversionCount/669       30481 ns        30481 ns        22915
InversionCount/670       30254 ns        30254 ns        23061
InversionCount/671       30841 ns        30841 ns        22811
InversionCount/672       30876 ns        30876 ns        22177
InversionCount/673       31221 ns        31221 ns        22701
InversionCount/674       32245 ns        32245 ns        22021
InversionCount/675       31150 ns        31150 ns        21425
InversionCount/676       31509 ns        31509 ns        22157
InversionCount/677       31864 ns        31864 ns        22084
InversionCount/678       31872 ns        31872 ns        22145
InversionCount/679       31385 ns        31385 ns        22578
InversionCount/680       32192 ns        32192 ns        22124
InversionCount/681       31232 ns        31233 ns        22863
InversionCount/682       31312 ns        31312 ns        22573
InversionCount/683       30868 ns        30868 ns        21654
InversionCount/684       32516 ns        32516 ns        22244
InversionCount/685       31707 ns        31707 ns        21492
InversionCount/686       30587 ns        30587 ns        21264
InversionCount/687       31440 ns        31440 ns        27757
InversionCount/688       33169 ns        33169 ns        21360
InversionCount/689       31668 ns        31668 ns        22040
InversionCount/690       32032 ns        32032 ns        21544
InversionCount/691       31935 ns        31935 ns        21226
InversionCount/692       32667 ns        32667 ns        22003
InversionCount/693       33414 ns        33414 ns        21886
InversionCount/694       31926 ns        31926 ns        21429
InversionCount/695       32626 ns        32626 ns        21172
InversionCount/696       32062 ns        32062 ns        21594
InversionCount/697       32590 ns        32590 ns        20990
InversionCount/698       32736 ns        32736 ns        21867
InversionCount/699       32689 ns        32689 ns        21076
InversionCount/700       32786 ns        32786 ns        20595
InversionCount/701       32490 ns        32490 ns        21199
InversionCount/702       32912 ns        32912 ns        20724
InversionCount/703       32692 ns        32692 ns        20916
InversionCount/704       33353 ns        33353 ns        21415
InversionCount/705       33661 ns        33661 ns        20621
InversionCount/706       33331 ns        33331 ns        21417
InversionCount/707       32904 ns        32905 ns        20967
InversionCount/708       33489 ns        33488 ns        21243
InversionCount/709       33504 ns        33504 ns        20964
InversionCount/710       33694 ns        33694 ns        20845
InversionCount/711       33263 ns        33263 ns        20311
InversionCount/712       34067 ns        34067 ns        20272
InversionCount/713       33045 ns        33045 ns        21548
InversionCount/714       33620 ns        33620 ns        20963
InversionCount/715       34497 ns        34497 ns        20831
InversionCount/716       34460 ns        34460 ns        20787
InversionCount/717       34888 ns        34888 ns        20686
InversionCount/718       34541 ns        34541 ns        21033
InversionCount/719       35033 ns        35033 ns        20765
InversionCount/720       33754 ns        33754 ns        20284
InversionCount/721       27764 ns        27764 ns        20536
InversionCount/722       34668 ns        34668 ns        20138
InversionCount/723       34684 ns        34684 ns        20436
InversionCount/724       34831 ns        34831 ns        20177
InversionCount/725       34198 ns        34198 ns        20102
InversionCount/726       34063 ns        34063 ns        20061
InversionCount/727       34562 ns        34562 ns        20322
InversionCount/728       34512 ns        34512 ns        21049
InversionCount/729       35202 ns        35202 ns        20394
InversionCount/730       35061 ns        35061 ns        20352
InversionCount/731       35967 ns        35967 ns        20022
InversionCount/732       34912 ns        34912 ns        19990
InversionCount/733       34696 ns        34696 ns        20140
InversionCount/734       35194 ns        35194 ns        20436
InversionCount/735       35135 ns        35135 ns        20307
InversionCount/736       33993 ns        33993 ns        23785
InversionCount/737       34632 ns        34633 ns        19545
InversionCount/738       35514 ns        35514 ns        20081
InversionCount/739       34270 ns        34270 ns        19851
InversionCount/740       34993 ns        34993 ns        19295
InversionCount/741       35934 ns        35934 ns        20015
InversionCount/742       36199 ns        36199 ns        20135
InversionCount/743       35433 ns        35433 ns        19371
InversionCount/744       36757 ns        36757 ns        19689
InversionCount/745       35755 ns        35755 ns        19283
InversionCount/746       34864 ns        34864 ns        19824
InversionCount/747       36165 ns        36165 ns        19525
InversionCount/748       36043 ns        36043 ns        19819
InversionCount/749       35670 ns        35670 ns        18891
InversionCount/750       35948 ns        35947 ns        19880
InversionCount/751       36267 ns        36267 ns        19432
InversionCount/752       36471 ns        36471 ns        19338
InversionCount/753       35940 ns        35940 ns        19750
InversionCount/754       35736 ns        35737 ns        18838
InversionCount/755       36154 ns        36154 ns        20157
InversionCount/756       35809 ns        35809 ns        19797
InversionCount/757       36581 ns        36581 ns        19452
InversionCount/758       36441 ns        36442 ns        19416
InversionCount/759       36172 ns        36172 ns        18724
InversionCount/760       36733 ns        36733 ns        18707
InversionCount/761       36422 ns        36422 ns        19294
InversionCount/762       36200 ns        36200 ns        19013
InversionCount/763       35136 ns        35136 ns        18795
InversionCount/764       36022 ns        36022 ns        18822
InversionCount/765       35971 ns        35971 ns        19050
InversionCount/766       36060 ns        36060 ns        18469
InversionCount/767       37578 ns        37578 ns        22328
InversionCount/768       35838 ns        35838 ns        19609
InversionCount/769       36316 ns        36317 ns        19363
InversionCount/770       35836 ns        35836 ns        19042
InversionCount/771       36600 ns        36600 ns        19495
InversionCount/772       35567 ns        35567 ns        22774
InversionCount/773       37331 ns        37331 ns        19153
InversionCount/774       36906 ns        36906 ns        19475
InversionCount/775       36914 ns        36914 ns        19068
InversionCount/776       36865 ns        36865 ns        19134
InversionCount/777       35179 ns        35179 ns        19565
InversionCount/778       36521 ns        36521 ns        18889
InversionCount/779       35702 ns        35702 ns        19262
InversionCount/780       37031 ns        37031 ns        19843
InversionCount/781       37099 ns        37099 ns        19352
InversionCount/782       35715 ns        35716 ns        19048
InversionCount/783       36056 ns        36056 ns        19015
InversionCount/784       36642 ns        36642 ns        18986
InversionCount/785       37046 ns        37046 ns        18846
InversionCount/786       37225 ns        37225 ns        18525
InversionCount/787       36576 ns        36576 ns        19138
InversionCount/788       37611 ns        37611 ns        18740
InversionCount/789       37796 ns        37796 ns        19245
InversionCount/790       37225 ns        37225 ns        18600
InversionCount/791       37015 ns        37015 ns        18291
InversionCount/792       38202 ns        38202 ns        18553
InversionCount/793       37278 ns        37278 ns        22242
InversionCount/794       36813 ns        36813 ns        18852
InversionCount/795       37996 ns        37996 ns        18488
InversionCount/796       37173 ns        37173 ns        18658
InversionCount/797       38043 ns        38043 ns        18576
InversionCount/798       38984 ns        38984 ns        18465
InversionCount/799       36347 ns        36347 ns        18515
InversionCount/800       37906 ns        37906 ns        18424
InversionCount/801       37065 ns        37065 ns        18487
InversionCount/802       38179 ns        38179 ns        18134
InversionCount/803       38324 ns        38324 ns        18818
InversionCount/804       38510 ns        38510 ns        17893
InversionCount/805       39249 ns        39249 ns        18255
InversionCount/806       38780 ns        38780 ns        18373
InversionCount/807       37986 ns        37986 ns        18360
InversionCount/808       39088 ns        39088 ns        18268
InversionCount/809       38307 ns        38307 ns        18641
InversionCount/810       37960 ns        37960 ns        17736
InversionCount/811       38378 ns        38378 ns        17963
InversionCount/812       38771 ns        38771 ns        17779
InversionCount/813       39548 ns        39548 ns        17951
InversionCount/814       38948 ns        38948 ns        17959
InversionCount/815       39598 ns        39598 ns        17665
InversionCount/816       33512 ns        33512 ns        17906
InversionCount/817       38925 ns        38925 ns        17907
InversionCount/818       38688 ns        38688 ns        17862
InversionCount/819       38391 ns        38391 ns        17675
InversionCount/820       39551 ns        39551 ns        18010
InversionCount/821       39528 ns        39528 ns        17852
InversionCount/822       39856 ns        39856 ns        17390
InversionCount/823       38708 ns        38708 ns        18240
InversionCount/824       38982 ns        38982 ns        17489
InversionCount/825       40046 ns        40046 ns        17563
InversionCount/826       38982 ns        38982 ns        17361
InversionCount/827       39787 ns        39787 ns        17205
InversionCount/828       40115 ns        40115 ns        17734
InversionCount/829       39079 ns        39079 ns        17667
InversionCount/830       39635 ns        39635 ns        17888
InversionCount/831       39049 ns        39049 ns        17606
InversionCount/832       39870 ns        39870 ns        17190
InversionCount/833       40476 ns        40476 ns        17045
InversionCount/834       39966 ns        39966 ns        16981
InversionCount/835       40416 ns        40416 ns        17536
InversionCount/836       40409 ns        40409 ns        17343
InversionCount/837       40538 ns        40538 ns        17321
InversionCount/838       40099 ns        40099 ns        17336
InversionCount/839       39647 ns        39647 ns        17146
InversionCount/840       40133 ns        40133 ns        17434
InversionCount/841       40748 ns        40748 ns        16869
InversionCount/842       40715 ns        40715 ns        16894
InversionCount/843       40758 ns        40758 ns        16892
InversionCount/844       40848 ns        40848 ns        17061
InversionCount/845       40075 ns        40075 ns        17275
InversionCount/846       41373 ns        41373 ns        17056
InversionCount/847       41299 ns        41299 ns        16792
InversionCount/848       41677 ns        41677 ns        17249
InversionCount/849       41024 ns        41024 ns        17406
InversionCount/850       41011 ns        41011 ns        16679
InversionCount/851       41832 ns        41832 ns        16549
InversionCount/852       41555 ns        41555 ns        16921
InversionCount/853       40343 ns        40343 ns        16784
InversionCount/854       36525 ns        36525 ns        16654
InversionCount/855       41817 ns        41817 ns        16838
InversionCount/856       41955 ns        41955 ns        16438
InversionCount/857       42385 ns        42385 ns        16692
InversionCount/858       42298 ns        42298 ns        16916
InversionCount/859       42206 ns        42206 ns        16660
InversionCount/860       42126 ns        42126 ns        16528
InversionCount/861       41440 ns        41440 ns        16786
InversionCount/862       42145 ns        42145 ns        16477
InversionCount/863       43389 ns        43389 ns        16859
InversionCount/864       42774 ns        42774 ns        16747
InversionCount/865       42660 ns        42660 ns        16688
InversionCount/866       42258 ns        42258 ns        16774
InversionCount/867       42530 ns        42530 ns        16481
InversionCount/868       42677 ns        42677 ns        16459
InversionCount/869       42696 ns        42696 ns        16526
InversionCount/870       42971 ns        42971 ns        16285
InversionCount/871       42844 ns        42844 ns        16168
InversionCount/872       42659 ns        42659 ns        16262
InversionCount/873       42985 ns        42985 ns        16208
InversionCount/874       43813 ns        43813 ns        16131
InversionCount/875       43417 ns        43417 ns        16730
InversionCount/876       42946 ns        42946 ns        18842
InversionCount/877       43120 ns        43120 ns        15950
InversionCount/878       43188 ns        43188 ns        15878
InversionCount/879       43458 ns        43458 ns        16110
InversionCount/880       42781 ns        42781 ns        16490
InversionCount/881       42837 ns        42837 ns        16074
InversionCount/882       44175 ns        44175 ns        16213
InversionCount/883       44213 ns        44213 ns        16102
InversionCount/884       43836 ns        43837 ns        15998
InversionCount/885       44159 ns        44159 ns        16120
InversionCount/886       43014 ns        43014 ns        16046
InversionCount/887       42878 ns        42878 ns        16192
InversionCount/888       44201 ns        44201 ns        15954
InversionCount/889       42821 ns        42821 ns        15823
InversionCount/890       43706 ns        43706 ns        16292
InversionCount/891       43974 ns        43974 ns        16036
InversionCount/892       43436 ns        43436 ns        15735
InversionCount/893       44776 ns        44776 ns        16595
InversionCount/894       44238 ns        44238 ns        15960
InversionCount/895       44680 ns        44680 ns        15868
InversionCount/896       43899 ns        43899 ns        16100
InversionCount/897       44344 ns        44344 ns        16040
InversionCount/898       43790 ns        43790 ns        15799
InversionCount/899       43436 ns        43436 ns        15773
InversionCount/900       42719 ns        42719 ns        15723
InversionCount/901       44630 ns        44630 ns        17933
InversionCount/902       45169 ns        45169 ns        16095
InversionCount/903       44249 ns        44249 ns        16067
InversionCount/904       44629 ns        44629 ns        15929
InversionCount/905       42557 ns        42557 ns        16095
InversionCount/906       44651 ns        44651 ns        15958
InversionCount/907       44624 ns        44624 ns        15846
InversionCount/908       38995 ns        38995 ns        15792
InversionCount/909       44380 ns        44380 ns        15411
InversionCount/910       45252 ns        45252 ns        15467
InversionCount/911       44799 ns        44798 ns        15698
InversionCount/912       44446 ns        44446 ns        15831
InversionCount/913       44243 ns        44243 ns        15778
InversionCount/914       44952 ns        44952 ns        15337
InversionCount/915       45533 ns        45533 ns        15755
InversionCount/916       43218 ns        43219 ns        15440
InversionCount/917       43358 ns        43358 ns        15421
InversionCount/918       44865 ns        44865 ns        15728
InversionCount/919       44676 ns        44676 ns        15331
InversionCount/920       45054 ns        45054 ns        15323
InversionCount/921       45401 ns        45401 ns        15710
InversionCount/922       44323 ns        44323 ns        15260
InversionCount/923       46267 ns        46267 ns        15348
InversionCount/924       45837 ns        45836 ns        15215
InversionCount/925       45560 ns        45560 ns        15316
InversionCount/926       46119 ns        46119 ns        15620
InversionCount/927       46448 ns        46448 ns        15595
InversionCount/928       45775 ns        45775 ns        15085
InversionCount/929       45989 ns        45989 ns        15077
InversionCount/930       45511 ns        45511 ns        15491
InversionCount/931       46390 ns        46390 ns        15245
InversionCount/932       45279 ns        45279 ns        15286
InversionCount/933       45944 ns        45944 ns        15147
InversionCount/934       46501 ns        46501 ns        15168
InversionCount/935       46186 ns        46186 ns        15218
InversionCount/936       41652 ns        41652 ns        15167
InversionCount/937       45884 ns        45884 ns        15176
InversionCount/938       44974 ns        44974 ns        16690
InversionCount/939       46380 ns        46380 ns        15076
InversionCount/940       46474 ns        46474 ns        15150
InversionCount/941       46287 ns        46287 ns        15458
InversionCount/942       47126 ns        47127 ns        15098
InversionCount/943       46361 ns        46361 ns        15263
InversionCount/944       45771 ns        45772 ns        14892
InversionCount/945       47061 ns        47061 ns        16670
InversionCount/946       47126 ns        47126 ns        15007
InversionCount/947       46604 ns        46604 ns        16634
InversionCount/948       46894 ns        46895 ns        14771
InversionCount/949       46866 ns        46866 ns        15216
InversionCount/950       47390 ns        47391 ns        14556
InversionCount/951       46939 ns        46939 ns        14775
InversionCount/952       46691 ns        46691 ns        15023
InversionCount/953       47749 ns        47749 ns        14599
InversionCount/954       46651 ns        46651 ns        14826
InversionCount/955       47151 ns        47151 ns        14655
InversionCount/956       47049 ns        47049 ns        14665
InversionCount/957       47592 ns        47592 ns        14596
InversionCount/958       48009 ns        48009 ns        14802
InversionCount/959       47465 ns        47466 ns        14510
InversionCount/960       47862 ns        47862 ns        16394
InversionCount/961       47183 ns        47183 ns        15457
InversionCount/962       46931 ns        46931 ns        14617
InversionCount/963       47292 ns        47292 ns        14677
InversionCount/964       47916 ns        47916 ns        14580
InversionCount/965       47465 ns        47465 ns        14757
InversionCount/966       47962 ns        47962 ns        14574
InversionCount/967       48438 ns        48438 ns        14413
InversionCount/968       49019 ns        49019 ns        14635
InversionCount/969       46862 ns        46862 ns        14613
InversionCount/970       49173 ns        49173 ns        14499
InversionCount/971       48573 ns        48573 ns        14661
InversionCount/972       47599 ns        47599 ns        14745
InversionCount/973       47484 ns        47484 ns        14681
InversionCount/974       47067 ns        47065 ns        14634
InversionCount/975       48789 ns        48789 ns        14380
InversionCount/976       48875 ns        48875 ns        14724
InversionCount/977       49014 ns        49014 ns        14436
InversionCount/978       48218 ns        48218 ns        14363
InversionCount/979       48161 ns        48161 ns        14501
InversionCount/980       49087 ns        49087 ns        14611
InversionCount/981       49114 ns        49114 ns        14546
InversionCount/982       49160 ns        49160 ns        14134
InversionCount/983       48690 ns        48690 ns        14289
InversionCount/984       48639 ns        48639 ns        14377
InversionCount/985       48985 ns        48986 ns        14053
InversionCount/986       49913 ns        49913 ns        14183
InversionCount/987       50003 ns        50003 ns        14354
InversionCount/988       49223 ns        49223 ns        14281
InversionCount/989       49378 ns        49378 ns        14486
InversionCount/990       50322 ns        50322 ns        14094
InversionCount/991       48424 ns        48424 ns        13758
InversionCount/992       49371 ns        49371 ns        14093
InversionCount/993       50299 ns        50299 ns        10000
InversionCount/994       49471 ns        49471 ns        14222
InversionCount/995       49217 ns        49217 ns        14122
InversionCount/996       49778 ns        49778 ns        13867
InversionCount/997       49381 ns        49381 ns        13979
InversionCount/998       50122 ns        50123 ns        13782
InversionCount/999       49345 ns        49345 ns        14093
InversionCount/1000      50280 ns        50281 ns        10000
InversionCount/1001      50006 ns        50006 ns        13925
InversionCount/1002      50333 ns        50333 ns        13898
InversionCount/1003      49679 ns        49678 ns        13982
InversionCount/1004      50481 ns        50481 ns        14065
InversionCount/1005      50646 ns        50646 ns        13562
InversionCount/1006      50049 ns        50049 ns        10000
InversionCount/1007      50444 ns        50444 ns        14333
InversionCount/1008      51305 ns        51306 ns        14195
InversionCount/1009      51333 ns        51333 ns        10000
InversionCount/1010      51025 ns        51025 ns        13988
InversionCount/1011      51283 ns        51283 ns        13766
InversionCount/1012      50832 ns        50832 ns        10000
InversionCount/1013      51211 ns        51211 ns        10000
InversionCount/1014      51006 ns        51006 ns        13966
InversionCount/1015      50763 ns        50764 ns        13855
InversionCount/1016      50707 ns        50707 ns        13721
InversionCount/1017      50748 ns        50748 ns        13491
InversionCount/1018      50326 ns        50326 ns        13968
InversionCount/1019      51050 ns        51051 ns        13455
InversionCount/1020      51253 ns        51253 ns        13906
InversionCount/1021      52448 ns        52448 ns        13766
InversionCount/1022      50755 ns        50754 ns        13802
InversionCount/1023      51695 ns        51695 ns        10000
InversionCount/1024      52925 ns        52925 ns        13430
