------------------------------------------------------------------
Benchmark                        Time             CPU   Iterations
------------------------------------------------------------------
InversionCount/1              1.73 ns         1.73 ns    401976094
InversionCount/2              26.1 ns         26.1 ns     26844560
InversionCount/3              50.4 ns         50.4 ns     13735440
InversionCount/4              76.0 ns         76.0 ns      9144236
InversionCount/5             100.0 ns        100.0 ns      6936718
InversionCount/6               125 ns          125 ns      5560144
InversionCount/7               150 ns          150 ns      4640812
InversionCount/8               177 ns          177 ns      3953304
InversionCount/9               201 ns          201 ns      3485036
InversionCount/10              233 ns          233 ns      2997047
InversionCount/11              262 ns          262 ns      2686247
InversionCount/12              282 ns          282 ns      2473591
InversionCount/13              301 ns          301 ns      2320644
InversionCount/14              337 ns          337 ns      2065669
InversionCount/15              364 ns          364 ns      1916076
InversionCount/16              391 ns          391 ns      1790327
InversionCount/17              406 ns          406 ns      1727902
InversionCount/18              454 ns          454 ns      1546471
InversionCount/19              456 ns          456 ns      1537956
InversionCount/20              519 ns          519 ns      1342839
InversionCount/21              562 ns          562 ns      1243202
InversionCount/22              570 ns          570 ns      1233481
InversionCount/23              604 ns          604 ns      1147614
InversionCount/24              617 ns          617 ns      1125028
InversionCount/25              663 ns          663 ns      1054576
InversionCount/26              682 ns          682 ns      1026985
InversionCount/27              728 ns          728 ns       931452
InversionCount/28              730 ns          730 ns       956881
InversionCount/29              719 ns          719 ns       973063
InversionCount/30              787 ns          787 ns       889202
InversionCount/31              877 ns          877 ns       793393
InversionCount/32              882 ns          882 ns       814383
InversionCount/33              941 ns          941 ns       741500
InversionCount/34              962 ns          962 ns       701273
InversionCount/35              971 ns          971 ns       718010
InversionCount/36             1039 ns         1039 ns       666652
InversionCount/37             1153 ns         1153 ns       639154
InversionCount/38             1135 ns         1135 ns       626902
InversionCount/39             1119 ns         1119 ns       636150
InversionCount/40             1146 ns         1146 ns       609661
InversionCount/41             1197 ns         1197 ns       589412
InversionCount/42             1096 ns         1096 ns       640128
InversionCount/43             1289 ns         1289 ns       541945
InversionCount/44             1338 ns         1338 ns       520596
InversionCount/45             1334 ns         1334 ns       515714
InversionCount/46             1324 ns         1324 ns       533891
InversionCount/47             1379 ns         1379 ns       512290
InversionCount/48             1349 ns         1349 ns       524218
InversionCount/49             1493 ns         1493 ns       477595
InversionCount/50             1289 ns         1289 ns       540357
InversionCount/51             1550 ns         1550 ns       453613
InversionCount/52             1560 ns         1560 ns       455364
InversionCount/53             1669 ns         1669 ns       428813
InversionCount/54             1678 ns         1678 ns       409078
InversionCount/55             1704 ns         1704 ns       411143
InversionCount/56             1677 ns         1677 ns       414181
InversionCount/57             1722 ns         1722 ns       411547
InversionCount/58             1759 ns         1759 ns       393348
InversionCount/59             1540 ns         1540 ns       452815
InversionCount/60             1853 ns         1853 ns       376162
InversionCount/61             1916 ns         1916 ns       356632
InversionCount/62             1640 ns         1640 ns       429819
InversionCount/63             1954 ns         1954 ns       361756
InversionCount/64             1909 ns         1909 ns       360918
InversionCount/65             2030 ns         2030 ns       340721
InversionCount/66             1919 ns         1919 ns       362880
InversionCount/67             1775 ns         1775 ns       392717
InversionCount/68             2139 ns         2139 ns       333950
InversionCount/69             2221 ns         2221 ns       313694
InversionCount/70             2188 ns         2188 ns       324737
InversionCount/71             2243 ns         2243 ns       305961
InversionCount/72             2316 ns         2316 ns       301604
InversionCount/73             2360 ns         2360 ns       298822
InversionCount/74             2398 ns         2398 ns       295388
InversionCount/75             2415 ns         2415 ns       287065
InversionCount/76             2419 ns         2419 ns       275095
InversionCount/77             2390 ns         2390 ns       283731
InversionCount/78             2361 ns         2361 ns       299303
InversionCount/79             2538 ns         2538 ns       279855
InversionCount/80             2191 ns         2191 ns       319838
InversionCount/81             2646 ns         2646 ns       268451
InversionCount/82             2692 ns         2692 ns       259728
InversionCount/83             2737 ns         2736 ns       259188
InversionCount/84             2892 ns         2892 ns       227807
InversionCount/85             2628 ns         2628 ns       268865
InversionCount/86             2787 ns         2787 ns       249330
InversionCount/87             2754 ns         2754 ns       253517
InversionCount/88             2951 ns         2951 ns       232398
InversionCount/89             3005 ns         3005 ns       236670
InversionCount/90             3004 ns         3004 ns       233807
InversionCount/91             3071 ns         3071 ns       225511
InversionCount/92             3015 ns         3015 ns       228691
InversionCount/93             3104 ns         3104 ns       220312
InversionCount/94             3059 ns         3059 ns       228592
InversionCount/95             2934 ns         2934 ns       238732
InversionCount/96             3004 ns         3004 ns       223854
InversionCount/97             3055 ns         3055 ns       229418
InversionCount/98             3243 ns         3243 ns       214034
InversionCount/99             3296 ns         3296 ns       210640
InversionCount/100            3356 ns         3356 ns       213081
InversionCount/101            2815 ns         2815 ns       248969
InversionCount/102            3438 ns         3438 ns       201933
InversionCount/103            3227 ns         3227 ns       217696
InversionCount/104            2861 ns         2861 ns       244793
InversionCount/105            3501 ns         3501 ns       203979
InversionCount/106            3473 ns         3473 ns       202109
InversionCount/107            3579 ns         3579 ns       194643
InversionCount/108            3653 ns         3653 ns       192507
InversionCount/109            3627 ns         3627 ns       193861
InversionCount/110            3442 ns         3442 ns       204557
InversionCount/111            3647 ns         3647 ns       191701
InversionCount/112            3551 ns         3551 ns       194321
InversionCount/113            3788 ns         3788 ns       182937
InversionCount/114            3874 ns         3874 ns       179310
InversionCount/115            3674 ns         3674 ns       193136
InversionCount/116            3228 ns         3228 ns       216348
InversionCount/117            3835 ns         3835 ns       183742
InversionCount/118            3973 ns         3973 ns       177734
InversionCount/119            3757 ns         3757 ns       185082
InversionCount/120            4001 ns         4001 ns       176118
InversionCount/121            4062 ns         4062 ns       168050
InversionCount/122            3942 ns         3942 ns       176193
InversionCount/123            3474 ns         3474 ns       200551
InversionCount/124            4220 ns         4220 ns       165460
InversionCount/125            4235 ns         4235 ns       162767
InversionCount/126            3951 ns         3951 ns       177571
InversionCount/127            4250 ns         4250 ns       164881
InversionCount/128            4307 ns         4307 ns       164493
InversionCount/129            4366 ns         4366 ns       163728
InversionCount/130            4450 ns         4450 ns       156973
InversionCount/131            4507 ns         4507 ns       153864
InversionCount/132            4500 ns         4500 ns       155745
InversionCount/133            3838 ns         3838 ns       183253
InversionCount/134            4372 ns         4372 ns       163158
InversionCount/135            4547 ns         4547 ns       154891
InversionCount/136            4641 ns         4641 ns       150811
InversionCount/137            4576 ns         4576 ns       153096
InversionCount/138            4718 ns         4718 ns       148471
InversionCount/139            4839 ns         4839 ns       144746
InversionCount/140            4812 ns         4812 ns       146523
InversionCount/141            4907 ns         4907 ns       138365
InversionCount/142            4947 ns         4947 ns       141079
InversionCount/143            4871 ns         4871 ns       145423
InversionCount/144            5122 ns         5122 ns       100000
InversionCount/145            5058 ns         5058 ns       139792
InversionCount/146            5000 ns         5000 ns       141134
InversionCount/147            5091 ns         5091 ns       137502
InversionCount/148            4907 ns         4907 ns       137252
InversionCount/149            5207 ns         5207 ns       134282
InversionCount/150            5197 ns         5197 ns       138102
InversionCount/151            5157 ns         5157 ns       137684
InversionCount/152            5322 ns         5322 ns       134948
InversionCount/153            5409 ns         5409 ns       129042
InversionCount/154            5234 ns         5234 ns       133002
InversionCount/155            5361 ns         5361 ns       134925
InversionCount/156            4507 ns         4507 ns       155372
InversionCount/157            5457 ns         5457 ns       131944
InversionCount/158            5357 ns         5357 ns       132463
InversionCount/159            5483 ns         5483 ns       129221
InversionCount/160            5497 ns         5497 ns       125252
InversionCount/161            4724 ns         4724 ns       148093
InversionCount/162            4725 ns         4725 ns       148599
InversionCount/163            5670 ns         5670 ns       124188
InversionCount/164            5767 ns         5767 ns       113889
InversionCount/165            5856 ns         5856 ns       123284
InversionCount/166            5023 ns         5023 ns       135313
InversionCount/167            5939 ns         5939 ns       122264
InversionCount/168            6017 ns         6017 ns       116192
InversionCount/169            5937 ns         5937 ns       120580
InversionCount/170            4995 ns         4995 ns       138431
InversionCount/171            6001 ns         6001 ns       119049
InversionCount/172            6091 ns         6091 ns       116270
InversionCount/173            6126 ns         6126 ns       112928
InversionCount/174            6152 ns         6152 ns       115687
InversionCount/175            6183 ns         6183 ns       110385
InversionCount/176            6289 ns         6289 ns       115442
InversionCount/177            6231 ns         6231 ns       109250
InversionCount/178            6344 ns         6344 ns       117329
InversionCount/179            6449 ns         6449 ns       117512
InversionCount/180            6212 ns         6212 ns       113884
InversionCount/181            6505 ns         6505 ns       104623
InversionCount/182            5316 ns         5316 ns       129567
InversionCount/183            6525 ns         6525 ns       114739
InversionCount/184            6578 ns         6578 ns       106366
InversionCount/185            6670 ns         6670 ns       102794
InversionCount/186            6399 ns         6399 ns       108510
InversionCount/187            6460 ns         6460 ns       109159
InversionCount/188            6726 ns         6726 ns       103277
InversionCount/189            6672 ns         6672 ns       103581
InversionCount/190            6638 ns         6639 ns       106181
InversionCount/191            6759 ns         6759 ns       106333
InversionCount/192            6788 ns         6788 ns       102664
InversionCount/193            6034 ns         6034 ns       117467
InversionCount/194            6832 ns         6832 ns       106298
InversionCount/195            6749 ns         6749 ns       105432
InversionCount/196            6846 ns         6846 ns       103385
InversionCount/197            6123 ns         6123 ns       111204
InversionCount/198            6970 ns         6970 ns       101511
InversionCount/199            7134 ns         7134 ns        98464
InversionCount/200            7171 ns         7171 ns        98686
InversionCount/201            7136 ns         7136 ns        97843
InversionCount/202            6880 ns         6880 ns       104280
InversionCount/203            6913 ns         6913 ns       101410
InversionCount/204            7255 ns         7255 ns        99390
InversionCount/205            6959 ns         6959 ns       102405
InversionCount/206            7207 ns         7207 ns        98738
InversionCount/207            7346 ns         7346 ns        98478
InversionCount/208            7336 ns         7336 ns        97543
InversionCount/209            6439 ns         6439 ns       109393
InversionCount/210            7383 ns         7383 ns        95629
InversionCount/211            7542 ns         7542 ns        96452
InversionCount/212            7287 ns         7287 ns       100209
InversionCount/213            7526 ns         7526 ns        91856
InversionCount/214            7396 ns         7396 ns        92458
InversionCount/215            7649 ns         7649 ns        92521
InversionCount/216            7671 ns         7671 ns        90155
InversionCount/217            7722 ns         7722 ns        92092
InversionCount/218            7611 ns         7611 ns        92749
InversionCount/219            7541 ns         7541 ns        93295
InversionCount/220            7778 ns         7778 ns        96223
InversionCount/221            7799 ns         7799 ns        90894
InversionCount/222            7705 ns         7705 ns        93125
InversionCount/223            7817 ns         7817 ns        90406
InversionCount/224            7808 ns         7808 ns        91455
InversionCount/225            6636 ns         6636 ns       105255
InversionCount/226            7694 ns         7694 ns        89809
InversionCount/227            6896 ns         6896 ns       101803
InversionCount/228            8061 ns         8061 ns        89910
InversionCount/229            8036 ns         8036 ns        87697
InversionCount/230            8248 ns         8248 ns        89633
InversionCount/231            8333 ns         8333 ns        88800
InversionCount/232            8361 ns         8361 ns        84931
InversionCount/233            8010 ns         8010 ns        88140
InversionCount/234            8089 ns         8089 ns        88808
InversionCount/235            7486 ns         7486 ns        97093
InversionCount/236            8383 ns         8383 ns        87205
InversionCount/237            8386 ns         8386 ns        81956
InversionCount/238            8498 ns         8498 ns        82667
InversionCount/239            8532 ns         8532 ns        80720
InversionCount/240            8528 ns         8528 ns        80498
InversionCount/241            8528 ns         8528 ns        84492
InversionCount/242            8295 ns         8295 ns        84087
InversionCount/243            8423 ns         8423 ns        85049
InversionCount/244            8507 ns         8507 ns        84037
InversionCount/245            7170 ns         7170 ns        97499
InversionCount/246            8529 ns         8529 ns        81859
InversionCount/247            8987 ns         8987 ns        78451
InversionCount/248            7899 ns         7899 ns        91970
InversionCount/249            8890 ns         8890 ns        77125
InversionCount/250            7320 ns         7320 ns        95201
InversionCount/251            8958 ns         8958 ns        76071
InversionCount/252            9081 ns         9081 ns        75009
InversionCount/253            9087 ns         9087 ns        78434
InversionCount/254            9037 ns         9037 ns        77364
InversionCount/255            8972 ns         8972 ns        80276
InversionCount/256            9209 ns         9209 ns        79300
InversionCount/257            9103 ns         9103 ns        74168
InversionCount/258            9047 ns         9047 ns        77807
InversionCount/259            9060 ns         9060 ns        78842
InversionCount/260            9339 ns         9339 ns        77845
InversionCount/261            9525 ns         9525 ns        72903
InversionCount/262            9489 ns         9489 ns        75028
InversionCount/263            9594 ns         9594 ns        74379
InversionCount/264            9546 ns         9546 ns        74000
InversionCount/265            9723 ns         9723 ns        75717
InversionCount/266            9694 ns         9694 ns        75428
InversionCount/267            9652 ns         9652 ns        71785
InversionCount/268            9773 ns         9773 ns        72389
InversionCount/269            9628 ns         9628 ns        73104
InversionCount/270            9814 ns         9814 ns        72098
InversionCount/271            8753 ns         8753 ns        76796
InversionCount/272            9719 ns         9719 ns        73185
InversionCount/273            9824 ns         9824 ns        70279
InversionCount/274            9919 ns         9919 ns        71234
InversionCount/275            9780 ns         9780 ns        72128
InversionCount/276            9922 ns         9922 ns        70237
InversionCount/277           11047 ns        11047 ns        71336
InversionCount/278           11632 ns        11632 ns        54492
InversionCount/279           10174 ns        10174 ns        68708
InversionCount/280           10151 ns        10151 ns        71585
InversionCount/281           10249 ns        10249 ns        66580
InversionCount/282           10233 ns        10233 ns        71094
InversionCount/283            8320 ns         8320 ns        83226
InversionCount/284           10324 ns        10324 ns        66631
InversionCount/285           10053 ns        10053 ns        68871
InversionCount/286           10435 ns        10435 ns        69320
InversionCount/287            9366 ns         9366 ns        75181
InversionCount/288           10594 ns        10594 ns        66316
InversionCount/289           10455 ns        10455 ns        68605
InversionCount/290           10427 ns        10427 ns        65920
InversionCount/291            9005 ns         9005 ns        79298
InversionCount/292           10345 ns        10345 ns        66841
InversionCount/293            9709 ns         9709 ns        73418
InversionCount/294           10397 ns        10397 ns        66168
InversionCount/295           10689 ns        10689 ns        66346
InversionCount/296           10620 ns        10621 ns        65752
InversionCount/297            9778 ns         9778 ns        72069
InversionCount/298           10799 ns        10799 ns        66789
InversionCount/299           10760 ns        10760 ns        65658
InversionCount/300            9890 ns         9890 ns        70842
InversionCount/301           10870 ns        10870 ns        64955
InversionCount/302           10924 ns        10924 ns        65766
InversionCount/303           11091 ns        11091 ns        63305
InversionCount/304           10766 ns        10766 ns        66554
InversionCount/305           10723 ns        10723 ns        64247
InversionCount/306           10179 ns        10179 ns        68719
InversionCount/307           11008 ns        11008 ns        64189
InversionCount/308           11065 ns        11065 ns        64363
InversionCount/309           11011 ns        11011 ns        64257
InversionCount/310           11165 ns        11165 ns        64981
InversionCount/311           10032 ns        10032 ns        68533
InversionCount/312           11098 ns        11098 ns        63988
InversionCount/313           10814 ns        10814 ns        62363
InversionCount/314           11072 ns        11072 ns        62305
InversionCount/315           11219 ns        11219 ns        60991
InversionCount/316           11179 ns        11179 ns        61552
InversionCount/317           11218 ns        11218 ns        61987
InversionCount/318           11332 ns        11332 ns        61563
InversionCount/319           11407 ns        11407 ns        63062
InversionCount/320           10425 ns        10425 ns        63027
InversionCount/321           11303 ns        11303 ns        62118
InversionCount/322           11426 ns        11426 ns        60171
InversionCount/323           10652 ns        10652 ns        67062
InversionCount/324           11500 ns        11500 ns        62592
InversionCount/325           11699 ns        11699 ns        59689
InversionCount/326           10150 ns        10150 ns        67410
InversionCount/327           11766 ns        11766 ns        60442
InversionCount/328           11689 ns        11689 ns        60107
InversionCount/329           11882 ns        11882 ns        59628
InversionCount/330           11807 ns        11807 ns        59907
InversionCount/331           10272 ns        10272 ns        67686
InversionCount/332           11657 ns        11657 ns        58240
InversionCount/333           11932 ns        11932 ns        58766
InversionCount/334           11023 ns        11023 ns        64514
InversionCount/335           11969 ns        11969 ns        58333
InversionCount/336           10489 ns        10489 ns        65943
InversionCount/337           10167 ns        10167 ns        68115
InversionCount/338           12139 ns        12139 ns        57815
InversionCount/339           12223 ns        12223 ns        56929
InversionCount/340           11093 ns        11093 ns        61388
InversionCount/341           12058 ns        12058 ns        56709
InversionCount/342           12248 ns        12248 ns        56470
InversionCount/343           12243 ns        12243 ns        57859
InversionCount/344           12256 ns        12256 ns        57736
InversionCount/345           11175 ns        11175 ns        60354
InversionCount/346           12403 ns        12403 ns        55054
InversionCount/347           10403 ns        10403 ns        67122
InversionCount/348           12434 ns        12434 ns        58295
InversionCount/349           11413 ns        11413 ns        61273
InversionCount/350           12568 ns        12568 ns        56444
InversionCount/351           10841 ns        10841 ns        64481
InversionCount/352           12570 ns        12570 ns        56936
InversionCount/353           12686 ns        12686 ns        54195
InversionCount/354           12664 ns        12664 ns        55868
InversionCount/355           12597 ns        12597 ns        54988
InversionCount/356           12676 ns        12676 ns        57114
InversionCount/357           12754 ns        12754 ns        56444
InversionCount/358           12761 ns        12761 ns        55976
InversionCount/359           12817 ns        12817 ns        55666
InversionCount/360           12873 ns        12873 ns        55395
InversionCount/361           13080 ns        13080 ns        54173
InversionCount/362           11973 ns        11973 ns        57153
InversionCount/363           13183 ns        13183 ns        53009
InversionCount/364           13086 ns        13086 ns        52657
InversionCount/365           13078 ns        13078 ns        54721
InversionCount/366           13242 ns        13242 ns        54867
InversionCount/367           11859 ns        11859 ns        57877
InversionCount/368           12864 ns        12864 ns        53360
InversionCount/369           13236 ns        13236 ns        52772
InversionCount/370           13219 ns        13219 ns        54090
InversionCount/371           13065 ns        13065 ns        53984
InversionCount/372           12271 ns        12271 ns        56882
InversionCount/373           13063 ns        13063 ns        54450
InversionCount/374           12983 ns        12983 ns        54222
InversionCount/375           12290 ns        12290 ns        55603
InversionCount/376           13204 ns        13204 ns        53184
InversionCount/377           11611 ns        11611 ns        60309
InversionCount/378           13383 ns        13384 ns        52998
InversionCount/379           12495 ns        12495 ns        58661
InversionCount/380           13333 ns        13333 ns        53542
InversionCount/381           11226 ns        11226 ns        61842
InversionCount/382           13453 ns        13453 ns        51067
InversionCount/383           12317 ns        12317 ns        55222
InversionCount/384           13440 ns        13440 ns        52170
InversionCount/385           13563 ns        13563 ns        51947
InversionCount/386           13607 ns        13607 ns        51013
InversionCount/387           13543 ns        13543 ns        51196
InversionCount/388           13556 ns        13556 ns        51767
InversionCount/389           12672 ns        12672 ns        55452
InversionCount/390           13406 ns        13406 ns        52267
InversionCount/391           13634 ns        13634 ns        50887
InversionCount/392           13825 ns        13825 ns        51713
InversionCount/393           13885 ns        13885 ns        51038
InversionCount/394           13515 ns        13515 ns        51761
InversionCount/395           13674 ns        13674 ns        51820
InversionCount/396           13840 ns        13841 ns        51269
InversionCount/397           13888 ns        13888 ns        49137
InversionCount/398           13859 ns        13859 ns        50062
InversionCount/399           13973 ns        13973 ns        50283
InversionCount/400           14048 ns        14048 ns        50727
InversionCount/401           14125 ns        14125 ns        49532
InversionCount/402           14295 ns        14295 ns        50451
InversionCount/403           14021 ns        14021 ns        49267
InversionCount/404           14181 ns        14181 ns        50399
InversionCount/405           14302 ns        14302 ns        50632
InversionCount/406           14247 ns        14247 ns        48686
InversionCount/407           14166 ns        14166 ns        50455
InversionCount/408           14496 ns        14496 ns        49412
InversionCount/409           14498 ns        14498 ns        49371
InversionCount/410           14397 ns        14397 ns        47947
InversionCount/411           14233 ns        14233 ns        48305
InversionCount/412           14277 ns        14277 ns        47965
InversionCount/413           14203 ns        14203 ns        48826
InversionCount/414           14476 ns        14476 ns        49203
InversionCount/415           14596 ns        14596 ns        49286
InversionCount/416           14304 ns        14304 ns        47814
InversionCount/417           14734 ns        14734 ns        46529
InversionCount/418           14449 ns        14449 ns        48629
InversionCount/419           14745 ns        14746 ns        48788
InversionCount/420           14931 ns        14931 ns        47570
InversionCount/421           14416 ns        14416 ns        47894
InversionCount/422           14903 ns        14903 ns        45679
InversionCount/423           14725 ns        14725 ns        48312
InversionCount/424           14904 ns        14904 ns        46473
InversionCount/425           15013 ns        15013 ns        46791
InversionCount/426           14675 ns        14675 ns        46332
InversionCount/427           15018 ns        15018 ns        46373
InversionCount/428           13283 ns        13283 ns        52429
InversionCount/429           14750 ns        14750 ns        46646
InversionCount/430           14977 ns        14977 ns        46376
InversionCount/431           15186 ns        15186 ns        46050
InversionCount/432           14819 ns        14819 ns        46688
InversionCount/433           14169 ns        14169 ns        50532
InversionCount/434           14951 ns        14951 ns        48566
InversionCount/435           15429 ns        15429 ns        45306
InversionCount/436           15003 ns        15003 ns        47008
InversionCount/437           14264 ns        14264 ns        48397
InversionCount/438           15331 ns        15331 ns        45693
InversionCount/439           15184 ns        15184 ns        45969
InversionCount/440           15189 ns        15189 ns        45531
InversionCount/441           15362 ns        15362 ns        45298
InversionCount/442           14394 ns        14394 ns        48227
InversionCount/443           14527 ns        14527 ns        49191
InversionCount/444           14346 ns        14346 ns        47670
InversionCount/445           15236 ns        15236 ns        46390
InversionCount/446           15327 ns        15328 ns        45138
InversionCount/447           15421 ns        15421 ns        44983
InversionCount/448           15339 ns        15339 ns        45379
InversionCount/449           15657 ns        15657 ns        45101
InversionCount/450           15651 ns        15651 ns        45055
InversionCount/451           15463 ns        15463 ns        45070
InversionCount/452           15567 ns        15567 ns        45776
InversionCount/453           15784 ns        15784 ns        44943
InversionCount/454           15666 ns        15666 ns        44576
InversionCount/455           15823 ns        15823 ns        44631
InversionCount/456           15936 ns        15936 ns        43810
InversionCount/457           16124 ns        16124 ns        43560
InversionCount/458           15937 ns        15937 ns        44236
InversionCount/459           16124 ns        16124 ns        43685
InversionCount/460           16008 ns        16008 ns        43381
InversionCount/461           16125 ns        16125 ns        42100
InversionCount/462           16053 ns        16053 ns        44142
InversionCount/463           15952 ns        15952 ns        43908
InversionCount/464           16157 ns        16157 ns        42363
InversionCount/465           15953 ns        15953 ns        44029
InversionCount/466           13811 ns        13811 ns        50581
InversionCount/467           16350 ns        16350 ns        42748
InversionCount/468           14092 ns        14092 ns        49073
InversionCount/469           14594 ns        14594 ns        48662
InversionCount/470           13958 ns        13958 ns        49973
InversionCount/471           14537 ns        14537 ns        48995
InversionCount/472           14239 ns        14239 ns        48353
InversionCount/473           16449 ns        16449 ns        42010
InversionCount/474           16855 ns        16855 ns        42668
InversionCount/475           16345 ns        16345 ns        41959
InversionCount/476           16570 ns        16570 ns        42007
InversionCount/477           16712 ns        16712 ns        42451
InversionCount/478           16664 ns        16664 ns        41404
InversionCount/479           16784 ns        16784 ns        41615
InversionCount/480           16823 ns        16823 ns        41834
InversionCount/481           16822 ns        16822 ns        41742
InversionCount/482           16839 ns        16839 ns        41489
InversionCount/483           16699 ns        16699 ns        41713
InversionCount/484           17153 ns        17153 ns        40872
InversionCount/485           17093 ns        17093 ns        40213
InversionCount/486           16842 ns        16842 ns        41028
InversionCount/487           16298 ns        16298 ns        42893
InversionCount/488           17020 ns        17020 ns        41030
InversionCount/489           17301 ns        17301 ns        41242
InversionCount/490           17068 ns        17068 ns        41394
InversionCount/491           17267 ns        17267 ns        41615
InversionCount/492           17306 ns        17306 ns        40911
InversionCount/493           17452 ns        17452 ns        40101
InversionCount/494           17421 ns        17422 ns        39787
InversionCount/495           16575 ns        16575 ns        43414
InversionCount/496           17504 ns        17504 ns        40632
InversionCount/497           17544 ns        17544 ns        39436
InversionCount/498           17293 ns        17293 ns        40811
InversionCount/499           17344 ns        17344 ns        39963
InversionCount/500           17564 ns        17564 ns        40417
InversionCount/501           17296 ns        17296 ns        40336
InversionCount/502           17362 ns        17362 ns        39656
InversionCount/503           17410 ns        17410 ns        41203
InversionCount/504           17547 ns        17547 ns        40360
InversionCount/505           16714 ns        16714 ns        43204
InversionCount/506           17512 ns        17512 ns        40341
InversionCount/507           17464 ns        17464 ns        40731
InversionCount/508           17335 ns        17335 ns        39574
InversionCount/509           17454 ns        17454 ns        39849
InversionCount/510           17664 ns        17664 ns        39919
InversionCount/511           17552 ns        17552 ns        40324
InversionCount/512           17618 ns        17618 ns        39465
InversionCount/1024          34100 ns        34100 ns        20707
InversionCount/1536          53389 ns        53389 ns        13557
InversionCount/2048          67902 ns        67902 ns        10298
InversionCount/2560          91992 ns        91992 ns         7521
InversionCount/3072         103364 ns       103363 ns         6660
InversionCount/3584         127349 ns       127349 ns         5460
InversionCount/4096         143761 ns       143760 ns         4873
InversionCount/4608         175397 ns       175396 ns         4078
InversionCount/5120         185407 ns       185405 ns         3729
InversionCount/5632         207479 ns       207480 ns         3382
InversionCount/6144         219632 ns       219632 ns         3167
InversionCount/6656         248338 ns       248338 ns         2821
InversionCount/7168         260080 ns       260081 ns         2686
InversionCount/7680         277400 ns       277400 ns         2513
InversionCount/8192         295949 ns       295949 ns         2363
InversionCount/8704         327906 ns       327906 ns         2125
InversionCount/9216         344725 ns       344723 ns         2051
InversionCount/9728         374532 ns       374533 ns         1918
InversionCount/10240        383239 ns       383236 ns         1836
InversionCount/10752        408915 ns       408912 ns         1705
InversionCount/11264        425752 ns       425750 ns         1650
InversionCount/11776        444207 ns       444208 ns         1578
InversionCount/12288        449557 ns       449554 ns         1551
InversionCount/12800        486946 ns       486947 ns         1449
InversionCount/13312        512766 ns       512767 ns         1000
InversionCount/13824        513237 ns       513234 ns         1312
InversionCount/14336        532783 ns       532777 ns         1340
InversionCount/14848        563702 ns       563699 ns         1216
InversionCount/15360        575771 ns       575772 ns         1186
InversionCount/15872        588763 ns       588758 ns         1158
InversionCount/16384        594686 ns       594681 ns         1140
InversionCount/16896        649368 ns       649364 ns         1078
InversionCount/17408        671702 ns       671703 ns         1039
InversionCount/17920        698255 ns       698250 ns         1018
InversionCount/18432        721405 ns       721400 ns          952
InversionCount/18944        752307 ns       752302 ns          930
InversionCount/19456        752036 ns       752031 ns          936
InversionCount/19968        788406 ns       788407 ns          867
InversionCount/20480        783666 ns       783659 ns          881
InversionCount/20992        819083 ns       819073 ns          843
InversionCount/21504        840265 ns       840260 ns          821
InversionCount/22016        872156 ns       872148 ns          807
InversionCount/22528        864171 ns       864172 ns          804
InversionCount/23040        909527 ns       909521 ns          770
InversionCount/23552        915268 ns       915264 ns          759
InversionCount/24064        924170 ns       924171 ns          753
InversionCount/24576        911664 ns       911659 ns          765
InversionCount/25088        972729 ns       972730 ns          736
InversionCount/25600       1002913 ns      1002915 ns          684
InversionCount/26112       1021018 ns      1021019 ns          668
InversionCount/26624       1032465 ns      1032467 ns          670
InversionCount/27136       1057079 ns      1057081 ns          657
InversionCount/27648       1048161 ns      1048125 ns          661
InversionCount/28160       1089970 ns      1089972 ns          639
InversionCount/28672       1083172 ns      1083164 ns          639
InversionCount/29184       1134202 ns      1134194 ns          616
InversionCount/29696       1159517 ns      1159510 ns          587
InversionCount/30208       1167303 ns      1167306 ns          592
InversionCount/30720       1165060 ns      1165061 ns          593
InversionCount/31232       1211842 ns      1211843 ns          569
InversionCount/31744       1200136 ns      1200124 ns          579
InversionCount/32256       1232039 ns      1232031 ns          561
InversionCount/32768       1249494 ns      1249485 ns          548
InversionCount/33280       1302776 ns      1302767 ns          536
InversionCount/33792       1325384 ns      1325386 ns          520
InversionCount/34304       1285080 ns      1285082 ns          541
InversionCount/34816       1364359 ns      1364360 ns          506
InversionCount/35328       1404739 ns      1404724 ns          491
InversionCount/35840       1427666 ns      1427668 ns          484
InversionCount/36352       1436489 ns      1436479 ns          484
InversionCount/36864       1457604 ns      1457594 ns          474
InversionCount/37376       1482845 ns      1482849 ns          461
InversionCount/37888       1524735 ns      1524738 ns          461
InversionCount/38400       1523951 ns      1523939 ns          451
InversionCount/38912       1540772 ns      1540760 ns          455
InversionCount/39424       1587870 ns      1587856 ns          431
InversionCount/39936       1576504 ns      1576492 ns          443
InversionCount/40448       1596652 ns      1596639 ns          425
InversionCount/40960       1612969 ns      1612971 ns          435
InversionCount/41472       1650820 ns      1650822 ns          413
InversionCount/41984       1683570 ns      1683572 ns          403
InversionCount/42496       1701656 ns      1701643 ns          401
InversionCount/43008       1694365 ns      1694353 ns          411
InversionCount/43520       1741087 ns      1741074 ns          401
InversionCount/44032       1780670 ns      1780582 ns          393
InversionCount/44544       1809067 ns      1809051 ns          381
InversionCount/45056       1789352 ns      1789341 ns          381
InversionCount/45568       1822850 ns      1822838 ns          382
InversionCount/46080       1842374 ns      1842376 ns          371
InversionCount/46592       1880077 ns      1880081 ns          375
InversionCount/47104       1874646 ns      1874648 ns          377
InversionCount/47616       1902595 ns      1902597 ns          374
InversionCount/48128       1894319 ns      1894304 ns          369
InversionCount/48640       1896950 ns      1896935 ns          370
InversionCount/49152       1890857 ns      1890842 ns          362
InversionCount/49664       1981157 ns      1981142 ns          356
InversionCount/50176       1972608 ns      1972593 ns          349
InversionCount/50688       2041190 ns      2041174 ns          345
InversionCount/51200       2060929 ns      2060914 ns          344
InversionCount/51712       2083428 ns      2083412 ns          330
InversionCount/52224       2085780 ns      2085755 ns          333
InversionCount/52736       2059422 ns      2059407 ns          340
InversionCount/53248       2145783 ns      2145786 ns          327
InversionCount/53760       2157552 ns      2157556 ns          322
InversionCount/54272       2197693 ns      2197697 ns          315
InversionCount/54784       2151177 ns      2151180 ns          327
InversionCount/55296       2184560 ns      2184564 ns          314
InversionCount/55808       2211425 ns      2211408 ns          315
InversionCount/56320       2244187 ns      2244170 ns          310
InversionCount/56832       2222104 ns      2222086 ns          312
InversionCount/57344       2215805 ns      2215786 ns          315
InversionCount/57856       2274231 ns      2274216 ns          305
InversionCount/58368       2299470 ns      2299455 ns          305
InversionCount/58880       2304722 ns      2304707 ns          301
InversionCount/59392       2394052 ns      2394035 ns          293
InversionCount/59904       2374224 ns      2374207 ns          291
InversionCount/60416       2396599 ns      2396580 ns          291
InversionCount/60928       2415903 ns      2415884 ns          287
InversionCount/61440       2428357 ns      2428336 ns          282
InversionCount/61952       2468001 ns      2467980 ns          282
InversionCount/62464       2476641 ns      2476624 ns          279
InversionCount/62976       2517718 ns      2517699 ns          280
InversionCount/63488       2484351 ns      2484331 ns          282
InversionCount/64000       2523398 ns      2523378 ns          280
InversionCount/64512       2522351 ns      2522331 ns          271
InversionCount/65535       2534325 ns      2534306 ns          266
InversionCount/65536       2542225 ns      2542207 ns          275
InversionCount/131072      5271037 ns      5271053 ns          117
InversionCount/262144     10969286 ns     10959008 ns           57
InversionCount/524288     24046244 ns     24046324 ns           27
InversionCount/1048576    56172573 ns     56171652 ns           11
InversionCount/2097152   144824800 ns    144822962 ns            4
InversionCount/4194304   542359200 ns    542350263 ns            1
InversionCount/8388608  1132624600 ns   1132616900 ns            1
InversionCount/16777216 2370891000 ns   2370882511 ns            1
InversionCount/33554432 4985683700 ns   4969701982 ns            1
--------------------------------------------------------------
Benchmark                    Time             CPU   Iterations
--------------------------------------------------------------
InversionCount/512       17543 ns        17543 ns        40281
InversionCount/513       17588 ns        17588 ns        40265
InversionCount/514       17660 ns        17660 ns        38870
InversionCount/515       17705 ns        17705 ns        40115
InversionCount/516       17890 ns        17890 ns        39143
InversionCount/517       17838 ns        17838 ns        39326
InversionCount/518       18169 ns        18169 ns        37858
InversionCount/519       18236 ns        18236 ns        38695
InversionCount/520       18383 ns        18383 ns        38511
InversionCount/521       18399 ns        18399 ns        38158
InversionCount/522       18461 ns        18461 ns        37663
InversionCount/523       18284 ns        18284 ns        37771
InversionCount/524       18514 ns        18514 ns        38415
InversionCount/525       18594 ns        18594 ns        37138
InversionCount/526       17597 ns        17596 ns        40219
InversionCount/527       18888 ns        18889 ns        37323
InversionCount/528       18887 ns        18887 ns        36899
InversionCount/529       18867 ns        18867 ns        37443
InversionCount/530       18894 ns        18894 ns        36611
InversionCount/531       19046 ns        19046 ns        37551
InversionCount/532       18380 ns        18380 ns        39512
InversionCount/533       19143 ns        19143 ns        35979
InversionCount/534       18813 ns        18813 ns        36529
InversionCount/535       17844 ns        17844 ns        39563
InversionCount/536       16742 ns        16742 ns        41551
InversionCount/537       19077 ns        19077 ns        37080
InversionCount/538       19093 ns        19093 ns        36057
InversionCount/539       19038 ns        19038 ns        35977
InversionCount/540       19305 ns        19305 ns        35723
InversionCount/541       17589 ns        17589 ns        39724
InversionCount/542       19123 ns        19123 ns        36763
InversionCount/543       19033 ns        19033 ns        36949
InversionCount/544       17748 ns        17748 ns        39628
InversionCount/545       17984 ns        17984 ns        38786
InversionCount/546       19378 ns        19378 ns        37038
InversionCount/547       19910 ns        19910 ns        35266
InversionCount/548       19488 ns        19488 ns        35675
InversionCount/549       19734 ns        19734 ns        35424
InversionCount/550       19615 ns        19615 ns        35840
InversionCount/551       19640 ns        19640 ns        35135
InversionCount/552       20074 ns        20074 ns        36113
InversionCount/553       19864 ns        19864 ns        35709
InversionCount/554       19650 ns        19650 ns        34873
InversionCount/555       19141 ns        19141 ns        38637
InversionCount/556       19540 ns        19540 ns        34675
InversionCount/557       20154 ns        20154 ns        34892
InversionCount/558       20004 ns        20004 ns        34651
InversionCount/559       19528 ns        19527 ns        35845
InversionCount/560       18350 ns        18350 ns        38582
InversionCount/561       20063 ns        20063 ns        34395
InversionCount/562       20017 ns        20017 ns        35466
InversionCount/563       18758 ns        18758 ns        37227
InversionCount/564       20419 ns        20419 ns        34251
InversionCount/565       20551 ns        20551 ns        33958
InversionCount/566       20307 ns        20307 ns        34187
InversionCount/567       20333 ns        20333 ns        33305
InversionCount/568       20479 ns        20480 ns        34646
InversionCount/569       20270 ns        20270 ns        34859
InversionCount/570       20520 ns        20520 ns        34329
InversionCount/571       20707 ns        20707 ns        34176
InversionCount/572       20591 ns        20591 ns        34345
InversionCount/573       20530 ns        20530 ns        33449
InversionCount/574       20763 ns        20763 ns        33451
InversionCount/575       20330 ns        20330 ns        33551
InversionCount/576       20526 ns        20526 ns        32782
InversionCount/577       20678 ns        20678 ns        34302
InversionCount/578       20820 ns        20820 ns        33741
InversionCount/579       20688 ns        20688 ns        33520
InversionCount/580       20656 ns        20656 ns        33265
InversionCount/581       20814 ns        20814 ns        33878
InversionCount/582       19914 ns        19914 ns        34564
InversionCount/583       20894 ns        20894 ns        34342
InversionCount/584       20544 ns        20544 ns        33059
InversionCount/585       20828 ns        20828 ns        33362
InversionCount/586       19906 ns        19906 ns        35319
InversionCount/587       20900 ns        20900 ns        33595
InversionCount/588       20954 ns        20954 ns        33380
InversionCount/589       20917 ns        20917 ns        32624
InversionCount/590       21012 ns        21012 ns        33210
InversionCount/591       21252 ns        21252 ns        33523
InversionCount/592       20257 ns        20257 ns        35259
InversionCount/593       21162 ns        21162 ns        33714
InversionCount/594       21173 ns        21173 ns        32631
InversionCount/595       21285 ns        21286 ns        32676
InversionCount/596       21192 ns        21192 ns        32527
InversionCount/597       21274 ns        21274 ns        33058
InversionCount/598       21458 ns        21458 ns        33365
InversionCount/599       21405 ns        21405 ns        32591
InversionCount/600       21376 ns        21376 ns        32569
InversionCount/601       21546 ns        21547 ns        32629
InversionCount/602       20423 ns        20423 ns        33900
InversionCount/603       21457 ns        21457 ns        32721
InversionCount/604       21586 ns        21586 ns        32084
InversionCount/605       20089 ns        20089 ns        34752
InversionCount/606       21750 ns        21750 ns        32215
InversionCount/607       21741 ns        21741 ns        32749
InversionCount/608       21476 ns        21476 ns        32573
InversionCount/609       21643 ns        21643 ns        32180
InversionCount/610       21695 ns        21695 ns        32274
InversionCount/611       21552 ns        21552 ns        31829
InversionCount/612       20014 ns        20014 ns        35284
InversionCount/613       21827 ns        21827 ns        31913
InversionCount/614       21680 ns        21680 ns        31938
InversionCount/615       21980 ns        21980 ns        31866
InversionCount/616       21546 ns        21546 ns        32767
InversionCount/617       22032 ns        22032 ns        32050
InversionCount/618       21906 ns        21906 ns        32431
InversionCount/619       22012 ns        22012 ns        32176
InversionCount/620       21718 ns        21718 ns        32295
InversionCount/621       21876 ns        21876 ns        32108
InversionCount/622       21661 ns        21661 ns        32244
InversionCount/623       21959 ns        21959 ns        32165
InversionCount/624       19573 ns        19573 ns        35458
InversionCount/625       19097 ns        19097 ns        36597
InversionCount/626       22128 ns        22128 ns        31918
InversionCount/627       21345 ns        21345 ns        32385
InversionCount/628       21934 ns        21935 ns        31699
InversionCount/629       20472 ns        20472 ns        34624
InversionCount/630       22137 ns        22137 ns        31273
InversionCount/631       22195 ns        22195 ns        31652
InversionCount/632       21825 ns        21825 ns        32125
InversionCount/633       21798 ns        21798 ns        33106
InversionCount/634       21750 ns        21750 ns        32323
InversionCount/635       20875 ns        20875 ns        33813
InversionCount/636       22163 ns        22163 ns        32048
InversionCount/637       22118 ns        22118 ns        31966
InversionCount/638       21749 ns        21749 ns        32450
InversionCount/639       22112 ns        22112 ns        31796
InversionCount/640       21804 ns        21804 ns        31991
InversionCount/641       21201 ns        21201 ns        33199
InversionCount/642       22239 ns        22239 ns        31315
InversionCount/643       22293 ns        22293 ns        31461
InversionCount/644       22324 ns        22324 ns        31449
InversionCount/645       22391 ns        22391 ns        31436
InversionCount/646       22373 ns        22373 ns        30804
InversionCount/647       22541 ns        22541 ns        31073
InversionCount/648       22386 ns        22386 ns        31027
InversionCount/649       21782 ns        21782 ns        32323
InversionCount/650       22740 ns        22740 ns        28891
InversionCount/651       20829 ns        20829 ns        33071
InversionCount/652       22742 ns        22742 ns        30364
InversionCount/653       22920 ns        22920 ns        30448
InversionCount/654       22709 ns        22709 ns        30977
InversionCount/655       23056 ns        23056 ns        30539
InversionCount/656       22664 ns        22664 ns        30930
InversionCount/657       22053 ns        22053 ns        31552
InversionCount/658       22893 ns        22893 ns        30636
InversionCount/659       23178 ns        23178 ns        30676
InversionCount/660       22971 ns        22971 ns        30266
InversionCount/661       23024 ns        23024 ns        30553
InversionCount/662       23239 ns        23239 ns        29791
InversionCount/663       23142 ns        23142 ns        29989
InversionCount/664       22992 ns        22992 ns        29543
InversionCount/665       23284 ns        23284 ns        30297
InversionCount/666       23169 ns        23169 ns        30022
InversionCount/667       22633 ns        22633 ns        30198
InversionCount/668       23263 ns        23263 ns        30579
InversionCount/669       23328 ns        23328 ns        29921
InversionCount/670       23625 ns        23625 ns        29793
InversionCount/671       23361 ns        23361 ns        29755
InversionCount/672       20837 ns        20837 ns        33402
InversionCount/673       21734 ns        21734 ns        32082
InversionCount/674       23630 ns        23630 ns        29689
InversionCount/675       23948 ns        23948 ns        29532
InversionCount/676       23926 ns        23926 ns        29184
InversionCount/677       23799 ns        23799 ns        29218
InversionCount/678       23891 ns        23891 ns        29391
InversionCount/679       23930 ns        23930 ns        29594
InversionCount/680       23595 ns        23595 ns        29493
InversionCount/681       23730 ns        23730 ns        30008
InversionCount/682       21301 ns        21301 ns        32566
InversionCount/683       23889 ns        23889 ns        28862
InversionCount/684       24221 ns        24221 ns        28917
InversionCount/685       24178 ns        24178 ns        28639
InversionCount/686       24254 ns        24254 ns        28895
InversionCount/687       24357 ns        24357 ns        29526
InversionCount/688       24183 ns        24183 ns        28527
InversionCount/689       24377 ns        24377 ns        28966
InversionCount/690       24234 ns        24234 ns        29099
InversionCount/691       24181 ns        24181 ns        28710
InversionCount/692       24387 ns        24388 ns        28750
InversionCount/693       24171 ns        24171 ns        28623
InversionCount/694       24663 ns        24664 ns        28302
InversionCount/695       24738 ns        24738 ns        29110
InversionCount/696       24279 ns        24279 ns        28638
InversionCount/697       24490 ns        24490 ns        28355
InversionCount/698       23616 ns        23616 ns        30154
InversionCount/699       24967 ns        24967 ns        28329
InversionCount/700       24680 ns        24680 ns        28242
InversionCount/701       24784 ns        24784 ns        27987
InversionCount/702       24727 ns        24727 ns        28430
InversionCount/703       24490 ns        24490 ns        28697
InversionCount/704       25090 ns        25090 ns        28108
InversionCount/705       24693 ns        24693 ns        28497
InversionCount/706       25066 ns        25066 ns        28255
InversionCount/707       24942 ns        24942 ns        27728
InversionCount/708       25319 ns        25319 ns        27364
InversionCount/709       25285 ns        25285 ns        28128
InversionCount/710       24902 ns        24902 ns        28236
InversionCount/711       24737 ns        24737 ns        27953
InversionCount/712       25273 ns        25274 ns        27427
InversionCount/713       24446 ns        24446 ns        28769
InversionCount/714       25213 ns        25213 ns        27089
InversionCount/715       25314 ns        25314 ns        27887
InversionCount/716       25450 ns        25450 ns        27737
InversionCount/717       25438 ns        25438 ns        27949
InversionCount/718       25277 ns        25277 ns        27670
InversionCount/719       25342 ns        25342 ns        27230
InversionCount/720       22589 ns        22589 ns        30772
InversionCount/721       23997 ns        23997 ns        28409
InversionCount/722       25276 ns        25277 ns        27055
InversionCount/723       25696 ns        25696 ns        27366
InversionCount/724       24882 ns        24882 ns        28190
InversionCount/725       25220 ns        25220 ns        27822
InversionCount/726       25144 ns        25144 ns        26995
InversionCount/727       25457 ns        25457 ns        27229
InversionCount/728       25500 ns        25500 ns        27224
InversionCount/729       23986 ns        23986 ns        28593
InversionCount/730       25934 ns        25934 ns        26677
InversionCount/731       26064 ns        26065 ns        26892
InversionCount/732       26033 ns        26033 ns        26417
InversionCount/733       25900 ns        25900 ns        27198
InversionCount/734       22731 ns        22731 ns        30842
InversionCount/735       25827 ns        25827 ns        27138
InversionCount/736       25615 ns        25615 ns        27528
InversionCount/737       25787 ns        25787 ns        26999
InversionCount/738       26126 ns        26126 ns        26388
InversionCount/739       25998 ns        25998 ns        26630
InversionCount/740       26363 ns        26363 ns        26483
InversionCount/741       25750 ns        25750 ns        26916
InversionCount/742       25976 ns        25976 ns        26597
InversionCount/743       24150 ns        24150 ns        28426
InversionCount/744       26082 ns        26082 ns        26412
InversionCount/745       26054 ns        26054 ns        26689
InversionCount/746       26154 ns        26154 ns        26737
InversionCount/747       26129 ns        26129 ns        27018
InversionCount/748       26266 ns        26266 ns        26536
InversionCount/749       26425 ns        26425 ns        26621
InversionCount/750       26156 ns        26157 ns        26507
InversionCount/751       26278 ns        26278 ns        26913
InversionCount/752       23094 ns        23094 ns        30202
InversionCount/753       35554 ns        35554 ns        26593
InversionCount/754       25849 ns        25849 ns        26212
InversionCount/755       26166 ns        26166 ns        26594
InversionCount/756       26464 ns        26464 ns        26612
InversionCount/757       25723 ns        25723 ns        27056
InversionCount/758       26479 ns        26479 ns        26267
InversionCount/759       26267 ns        26267 ns        26089
InversionCount/760       26506 ns        26506 ns        26248
InversionCount/761       26776 ns        26776 ns        26232
InversionCount/762       26661 ns        26661 ns        26336
InversionCount/763       26593 ns        26594 ns        26335
InversionCount/764       26547 ns        26547 ns        26392
InversionCount/765       27056 ns        27056 ns        26140
InversionCount/766       26276 ns        26276 ns        26450
InversionCount/767       25019 ns        25019 ns        27802
InversionCount/768       26550 ns        26550 ns        26541
InversionCount/769       26233 ns        26233 ns        26350
InversionCount/770       26638 ns        26638 ns        26486
InversionCount/771       26177 ns        26177 ns        26824
InversionCount/772       26872 ns        26873 ns        26028
InversionCount/773       27078 ns        27078 ns        25656
InversionCount/774       25581 ns        25581 ns        27668
InversionCount/775       27382 ns        27382 ns        25820
InversionCount/776       27255 ns        27255 ns        25433
InversionCount/777       27374 ns        27374 ns        25694
InversionCount/778       27357 ns        27357 ns        25763
InversionCount/779       27230 ns        27230 ns        26229
InversionCount/780       27547 ns        27547 ns        25422
InversionCount/781       27488 ns        27488 ns        25733
InversionCount/782       27712 ns        27712 ns        25411
InversionCount/783       27393 ns        27392 ns        25646
InversionCount/784       27716 ns        27717 ns        25260
InversionCount/785       27948 ns        27948 ns        24830
InversionCount/786       28167 ns        28167 ns        24922
InversionCount/787       27637 ns        27637 ns        25241
InversionCount/788       27623 ns        27623 ns        25247
InversionCount/789       27877 ns        27877 ns        24630
InversionCount/790       28031 ns        28031 ns        25344
InversionCount/791       27729 ns        27729 ns        25268
InversionCount/792       27711 ns        27711 ns        25215
InversionCount/793       27954 ns        27954 ns        25124
InversionCount/794       28346 ns        28346 ns        24728
InversionCount/795       28382 ns        28382 ns        24624
InversionCount/796       28306 ns        28306 ns        24660
InversionCount/797       27504 ns        27504 ns        25002
InversionCount/798       26760 ns        26760 ns        25136
InversionCount/799       28385 ns        28385 ns        25395
InversionCount/800       28144 ns        28144 ns        24313
InversionCount/801       28562 ns        28562 ns        24559
InversionCount/802       26601 ns        26601 ns        26151
InversionCount/803       28568 ns        28568 ns        24559
InversionCount/804       28654 ns        28654 ns        23969
InversionCount/805       29106 ns        29107 ns        24181
InversionCount/806       29120 ns        29120 ns        24033
InversionCount/807       28588 ns        28588 ns        24652
InversionCount/808       29070 ns        29070 ns        24553
InversionCount/809       29216 ns        29216 ns        23853
InversionCount/810       29442 ns        29442 ns        23781
InversionCount/811       29230 ns        29230 ns        24049
InversionCount/812       28919 ns        28919 ns        23984
InversionCount/813       29663 ns        29663 ns        23835
InversionCount/814       28687 ns        28687 ns        25218
InversionCount/815       28970 ns        28970 ns        23862
InversionCount/816       28907 ns        28907 ns        24165
InversionCount/817       29057 ns        29057 ns        24063
InversionCount/818       28919 ns        28919 ns        24881
InversionCount/819       29123 ns        29123 ns        24326
InversionCount/820       29859 ns        29859 ns        23449
InversionCount/821       29791 ns        29791 ns        23883
InversionCount/822       29331 ns        29331 ns        23842
InversionCount/823       28878 ns        28878 ns        23942
InversionCount/824       29411 ns        29411 ns        23617
InversionCount/825       29794 ns        29794 ns        23911
InversionCount/826       29869 ns        29869 ns        24019
InversionCount/827       26241 ns        26241 ns        26585
InversionCount/828       29989 ns        29990 ns        23454
InversionCount/829       30069 ns        30069 ns        23447
InversionCount/830       29470 ns        29470 ns        23581
InversionCount/831       30002 ns        30003 ns        24007
InversionCount/832       29716 ns        29716 ns        23549
InversionCount/833       29546 ns        29547 ns        23686
InversionCount/834       30198 ns        30198 ns        23063
InversionCount/835       29908 ns        29908 ns        23627
InversionCount/836       30323 ns        30323 ns        23403
InversionCount/837       29595 ns        29595 ns        23922
InversionCount/838       30007 ns        30007 ns        23501
InversionCount/839       28792 ns        28792 ns        23591
InversionCount/840       29961 ns        29961 ns        23567
InversionCount/841       29656 ns        29656 ns        23479
InversionCount/842       29336 ns        29336 ns        23839
InversionCount/843       30027 ns        30027 ns        23433
InversionCount/844       29770 ns        29770 ns        23383
InversionCount/845       29895 ns        29895 ns        23019
InversionCount/846       29853 ns        29853 ns        23104
InversionCount/847       30444 ns        30444 ns        23334
InversionCount/848       30368 ns        30368 ns        22531
InversionCount/849       29552 ns        29552 ns        23550
InversionCount/850       30488 ns        30488 ns        22475
InversionCount/851       30617 ns        30617 ns        23107
InversionCount/852       30289 ns        30289 ns        22594
InversionCount/853       31053 ns        31053 ns        22332
InversionCount/854       28025 ns        28025 ns        24917
InversionCount/855       31105 ns        31105 ns        22598
InversionCount/856       31035 ns        31035 ns        22175
InversionCount/857       30884 ns        30884 ns        22440
InversionCount/858       31368 ns        31368 ns        23100
InversionCount/859       30815 ns        30815 ns        22281
InversionCount/860       30199 ns        30199 ns        22940
InversionCount/861       31495 ns        31495 ns        22372
InversionCount/862       31100 ns        31100 ns        22890
InversionCount/863       31139 ns        31139 ns        22028
InversionCount/864       31500 ns        31500 ns        22444
InversionCount/865       30682 ns        30682 ns        22170
InversionCount/866       30760 ns        30760 ns        22649
InversionCount/867       30841 ns        30841 ns        22818
InversionCount/868       31591 ns        31591 ns        22180
InversionCount/869       31136 ns        31136 ns        22500
InversionCount/870       30819 ns        30819 ns        22364
InversionCount/871       31004 ns        31004 ns        22436
InversionCount/872       30910 ns        30910 ns        22693
InversionCount/873       30861 ns        30861 ns        22775
InversionCount/874       31471 ns        31471 ns        22230
InversionCount/875       31104 ns        31104 ns        22802
InversionCount/876       30382 ns        30382 ns        22662
InversionCount/877       30516 ns        30517 ns        22844
InversionCount/878       30799 ns        30799 ns        22625
InversionCount/879       30961 ns        30961 ns        22716
InversionCount/880       27665 ns        27665 ns        25301
InversionCount/881       31038 ns        31038 ns        22556
InversionCount/882       30702 ns        30702 ns        22753
InversionCount/883       31067 ns        31067 ns        22207
InversionCount/884       31115 ns        31115 ns        22749
InversionCount/885       31351 ns        31351 ns        22424
InversionCount/886       30928 ns        30929 ns        22488
InversionCount/887       31560 ns        31560 ns        22542
InversionCount/888       27967 ns        27967 ns        24993
InversionCount/889       31082 ns        31082 ns        22310
InversionCount/890       31392 ns        31391 ns        22741
InversionCount/891       31103 ns        31103 ns        22676
InversionCount/892       31100 ns        31100 ns        22856
InversionCount/893       30950 ns        30950 ns        22371
InversionCount/894       29332 ns        29332 ns        23845
InversionCount/895       30893 ns        30893 ns        22815
InversionCount/896       31016 ns        31017 ns        22618
InversionCount/897       30894 ns        30894 ns        22363
InversionCount/898       30138 ns        30139 ns        22550
InversionCount/899       30684 ns        30684 ns        22602
InversionCount/900       30957 ns        30957 ns        22412
InversionCount/901       31545 ns        31545 ns        22070
InversionCount/902       31216 ns        31216 ns        22251
InversionCount/903       31190 ns        31190 ns        21950
InversionCount/904       31473 ns        31473 ns        22392
InversionCount/905       31193 ns        31193 ns        22234
InversionCount/906       31808 ns        31808 ns        22339
InversionCount/907       29094 ns        29094 ns        23950
InversionCount/908       32231 ns        32232 ns        21839
InversionCount/909       32048 ns        32048 ns        22063
InversionCount/910       32077 ns        32077 ns        21955
InversionCount/911       31737 ns        31737 ns        22354
InversionCount/912       31941 ns        31941 ns        21729
InversionCount/913       32168 ns        32169 ns        22020
InversionCount/914       31409 ns        31409 ns        22076
InversionCount/915       32212 ns        32212 ns        21686
InversionCount/916       32449 ns        32449 ns        21719
InversionCount/917       32421 ns        32421 ns        21668
InversionCount/918       32280 ns        32280 ns        21928
InversionCount/919       32465 ns        32465 ns        21199
InversionCount/920       32271 ns        32271 ns        21506
InversionCount/921       32697 ns        32697 ns        21152
InversionCount/922       32460 ns        32460 ns        21464
InversionCount/923       32735 ns        32736 ns        21609
InversionCount/924       32976 ns        32976 ns        21215
InversionCount/925       33142 ns        33142 ns        21178
InversionCount/926       32934 ns        32935 ns        21199
InversionCount/927       32797 ns        32797 ns        21383
InversionCount/928       32834 ns        32834 ns        21291
InversionCount/929       32870 ns        32870 ns        21193
InversionCount/930       33111 ns        33111 ns        21009
InversionCount/931       33199 ns        33199 ns        21299
InversionCount/932       32898 ns        32898 ns        21451
InversionCount/933       33392 ns        33392 ns        20988
InversionCount/934       33114 ns        33114 ns        20986
InversionCount/935       33665 ns        33665 ns        21079
InversionCount/936       33515 ns        33515 ns        21401
InversionCount/937       33850 ns        33850 ns        20855
InversionCount/938       33103 ns        33103 ns        21432
InversionCount/939       33909 ns        33909 ns        20844
InversionCount/940       34025 ns        34025 ns        20897
InversionCount/941       33114 ns        33114 ns        20942
InversionCount/942       31549 ns        31549 ns        21787
InversionCount/943       33389 ns        33389 ns        20507
InversionCount/944       33501 ns        33501 ns        20792
InversionCount/945       33722 ns        33722 ns        20750
InversionCount/946       33357 ns        33357 ns        20888
InversionCount/947       33247 ns        33247 ns        20935
InversionCount/948       33783 ns        33783 ns        20767
InversionCount/949       33508 ns        33508 ns        20794
InversionCount/950       33494 ns        33494 ns        20587
InversionCount/951       33784 ns        33784 ns        20828
InversionCount/952       33759 ns        33760 ns        20708
InversionCount/953       33882 ns        33882 ns        20775
InversionCount/954       33914 ns        33914 ns        20437
InversionCount/955       34574 ns        34574 ns        20354
InversionCount/956       33656 ns        33656 ns        20687
InversionCount/957       32485 ns        32485 ns        21672
InversionCount/958       31912 ns        31912 ns        21835
InversionCount/959       32649 ns        32649 ns        21302
InversionCount/960       30577 ns        30577 ns        22902
InversionCount/961       34277 ns        34277 ns        20714
InversionCount/962       34227 ns        34227 ns        20757
InversionCount/963       34262 ns        34262 ns        20230
InversionCount/964       32840 ns        32840 ns        21072
InversionCount/965       34629 ns        34629 ns        20211
InversionCount/966       34131 ns        34131 ns        20143
InversionCount/967       34108 ns        34108 ns        20349
InversionCount/968       34109 ns        34109 ns        20859
InversionCount/969       34138 ns        34138 ns        20308
InversionCount/970       33462 ns        33462 ns        20635
InversionCount/971       34194 ns        34194 ns        20508
InversionCount/972       34163 ns        34163 ns        20336
InversionCount/973       34094 ns        34095 ns        20373
InversionCount/974       33944 ns        33944 ns        20318
InversionCount/975       34230 ns        34230 ns        20395
InversionCount/976       35056 ns        35056 ns        20076
InversionCount/977       34392 ns        34392 ns        20175
InversionCount/978       34682 ns        34682 ns        19987
InversionCount/979       34418 ns        34418 ns        20436
InversionCount/980       34043 ns        34043 ns        20273
InversionCount/981       34646 ns        34646 ns        20103
InversionCount/982       34596 ns        34596 ns        20187
InversionCount/983       34451 ns        34452 ns        20245
InversionCount/984       34752 ns        34752 ns        19880
InversionCount/985       34556 ns        34556 ns        20274
InversionCount/986       34603 ns        34603 ns        20258
InversionCount/987       33891 ns        33891 ns        20702
InversionCount/988       34754 ns        34754 ns        20077
InversionCount/989       34839 ns        34839 ns        19978
InversionCount/990       34567 ns        34567 ns        20047
InversionCount/991       34978 ns        34978 ns        20149
InversionCount/992       35046 ns        35046 ns        20480
InversionCount/993       35014 ns        35014 ns        20448
InversionCount/994       34622 ns        34622 ns        20072
InversionCount/995       34703 ns        34703 ns        20099
InversionCount/996       34942 ns        34942 ns        19911
InversionCount/997       34927 ns        34928 ns        19900
InversionCount/998       35150 ns        35150 ns        19675
InversionCount/999       35339 ns        35339 ns        19813
InversionCount/1000      33403 ns        33403 ns        20856
InversionCount/1001      35099 ns        35099 ns        19428
InversionCount/1002      34707 ns        34707 ns        19777
InversionCount/1003      35013 ns        35013 ns        19756
InversionCount/1004      35148 ns        35148 ns        20077
InversionCount/1005      35348 ns        35348 ns        19747
InversionCount/1006      34860 ns        34860 ns        20125
InversionCount/1007      34883 ns        34883 ns        20287
InversionCount/1008      34994 ns        34994 ns        20125
InversionCount/1009      35415 ns        35415 ns        19548
InversionCount/1010      33861 ns        33861 ns        20279
InversionCount/1011      34842 ns        34842 ns        19846
InversionCount/1012      35126 ns        35126 ns        20031
InversionCount/1013      34941 ns        34941 ns        19660
InversionCount/1014      34907 ns        34907 ns        20193
InversionCount/1015      35028 ns        35028 ns        20088
InversionCount/1016      35436 ns        35436 ns        20061
InversionCount/1017      35156 ns        35156 ns        19804
InversionCount/1018      35060 ns        35060 ns        19878
InversionCount/1019      35176 ns        35176 ns        19831
InversionCount/1020      34873 ns        34873 ns        19971
InversionCount/1021      33529 ns        33529 ns        20724
InversionCount/1022      34543 ns        34543 ns        20187
InversionCount/1023      34456 ns        34457 ns        19931
InversionCount/1024      32066 ns        32066 ns        21816
